{
  "seleniumLog": [
    {
      "commandName": "get",
      "args": [
        "[https://www.food.com/]"
      ],
      "result": "success",
      "subLogs": [
        {
          "commandName": "get",
          "args": [
            "{url=https://www.food.com/}"
          ],
          "result": "null",
          "subLogs": [],
          "duration": 3838
        }
      ],
      "duration": -1
    },
    {
      "commandName": "findElement",
      "args": [
        "{value=/html/body/div[3]/div[1]/section[1]/header/div/div/div/nav[1]/ul/li[1]/a, using=xpath}"
      ],
      "result": "no such element: Unable to locate element: {\"method\":\"xpath\",\"selector\":\"/html/body/div[3]/div[1]/section[1]/header/div/div/div/nav[1]/ul/li[1]/a\"}\n  (Session info: chrome=81.0.4044.129)\n  (Driver info: chromedriver=81.0.4044.69 (6813546031a4bc83f717a2ef7cd4ac6ec1199132-refs/branch-heads/4044@{#776}),platform=Windows NT 10.0.18362 x86_64) (WARNING: The server did not provide any stacktrace information)\nCommand duration or timeout: 56 milliseconds\nFor documentation on this error, please visit: http://seleniumhq.org/exceptions/no_such_element.html\nBuild info: version: '3.0.0', revision: '350cf60', time: '2016-10-13 10:48:57 -0700'\nSystem info: host: 'DESKTOP-BJ7Q9MK', ip: '192.168.0.23', os.name: 'Windows 10', os.arch: 'amd64', os.version: '10.0', java.version: '1.8.0_211'\nDriver info: com.qmetry.qaf.automation.ui.webdriver.QAFExtendedWebDriver\nCapabilities [{mobileEmulationEnabled=false, timeouts={implicit=0, pageLoad=300000, script=30000}, hasTouchScreen=false, platform=XP, acceptSslCerts=false, goog:chromeOptions={debuggerAddress=localhost:61778}, acceptInsecureCerts=false, webStorageEnabled=true, browserName=chrome, takesScreenshot=true, javascriptEnabled=true, setWindowRect=true, unexpectedAlertBehaviour=ignore, applicationCacheEnabled=false, rotatable=false, networkConnectionEnabled=false, chrome={chromedriverVersion=81.0.4044.69 (6813546031a4bc83f717a2ef7cd4ac6ec1199132-refs/branch-heads/4044@{#776}), userDataDir=C:\\Users\\sjpat\\AppData\\Local\\Temp\\scoped_dir25204_206596969}, takesHeapSnapshot=true, pageLoadStrategy=normal, strictFileInteractability=false, databaseEnabled=false, handlesAlerts=true, version=81.0.4044.129, browserConnectionEnabled=false, proxy={}, nativeEvents=true, locationContextEnabled=true, cssSelectorsEnabled=true, webauthn:virtualAuthenticators=true}]\nSession ID: 9d91f96e2ae20e06b6bb6810942bfacf\n*** Element info: {Using=xpath, value=/html/body/div[3]/div[1]/section[1]/header/div/div/div/nav[1]/ul/li[1]/a}",
      "subLogs": [],
      "duration": 61
    },
    {
      "commandName": "findElement",
      "args": [
        "{value=/html/body/div[3]/div[1]/section[1]/header/div/div/div/nav[1]/ul/li[1]/a, using=xpath}"
      ],
      "result": "id: 0.5823339811900812-1",
      "subLogs": [],
      "duration": 1714
    },
    {
      "commandName": "findElement",
      "args": [
        "By.xpath: /html/body/div[3]/div[1]/section[1]/header/div/div/div/nav[1]/ul/li[1]/a",
        "{}"
      ],
      "result": "OK",
      "subLogs": [],
      "duration": -1
    },
    {
      "commandName": "clickElement",
      "args": [
        "By.xpath: /html/body/div[3]/div[1]/section[1]/header/div/div/div/nav[1]/ul/li[1]/a",
        "{\"id\":\"0.5823339811900812-1\"}"
      ],
      "result": "clickElement:null",
      "subLogs": [],
      "duration": 388
    },
    {
      "commandName": "findElement",
      "args": [
        "{value=/html/body/div[3]/div[1]/div[3]/div[2]/div[1]/div/div[2]/div/h2/a, using=xpath}"
      ],
      "result": "no such element: Unable to locate element: {\"method\":\"xpath\",\"selector\":\"/html/body/div[3]/div[1]/div[3]/div[2]/div[1]/div/div[2]/div/h2/a\"}\n  (Session info: chrome=81.0.4044.129)\n  (Driver info: chromedriver=81.0.4044.69 (6813546031a4bc83f717a2ef7cd4ac6ec1199132-refs/branch-heads/4044@{#776}),platform=Windows NT 10.0.18362 x86_64) (WARNING: The server did not provide any stacktrace information)\nCommand duration or timeout: 145 milliseconds\nFor documentation on this error, please visit: http://seleniumhq.org/exceptions/no_such_element.html\nBuild info: version: '3.0.0', revision: '350cf60', time: '2016-10-13 10:48:57 -0700'\nSystem info: host: 'DESKTOP-BJ7Q9MK', ip: '192.168.0.23', os.name: 'Windows 10', os.arch: 'amd64', os.version: '10.0', java.version: '1.8.0_211'\nDriver info: com.qmetry.qaf.automation.ui.webdriver.QAFExtendedWebDriver\nCapabilities [{mobileEmulationEnabled=false, timeouts={implicit=0, pageLoad=300000, script=30000}, hasTouchScreen=false, platform=XP, acceptSslCerts=false, goog:chromeOptions={debuggerAddress=localhost:61778}, acceptInsecureCerts=false, webStorageEnabled=true, browserName=chrome, takesScreenshot=true, javascriptEnabled=true, setWindowRect=true, unexpectedAlertBehaviour=ignore, applicationCacheEnabled=false, rotatable=false, networkConnectionEnabled=false, chrome={chromedriverVersion=81.0.4044.69 (6813546031a4bc83f717a2ef7cd4ac6ec1199132-refs/branch-heads/4044@{#776}), userDataDir=C:\\Users\\sjpat\\AppData\\Local\\Temp\\scoped_dir25204_206596969}, takesHeapSnapshot=true, pageLoadStrategy=normal, strictFileInteractability=false, databaseEnabled=false, handlesAlerts=true, version=81.0.4044.129, browserConnectionEnabled=false, proxy={}, nativeEvents=true, locationContextEnabled=true, cssSelectorsEnabled=true, webauthn:virtualAuthenticators=true}]\nSession ID: 9d91f96e2ae20e06b6bb6810942bfacf\n*** Element info: {Using=xpath, value=/html/body/div[3]/div[1]/div[3]/div[2]/div[1]/div/div[2]/div/h2/a}",
      "subLogs": [],
      "duration": 146
    },
    {
      "commandName": "findElement",
      "args": [
        "{value=/html/body/div[3]/div[1]/div[3]/div[2]/div[1]/div/div[2]/div/h2/a, using=xpath}"
      ],
      "result": "no such element: Unable to locate element: {\"method\":\"xpath\",\"selector\":\"/html/body/div[3]/div[1]/div[3]/div[2]/div[1]/div/div[2]/div/h2/a\"}\n  (Session info: chrome=81.0.4044.129)\n  (Driver info: chromedriver=81.0.4044.69 (6813546031a4bc83f717a2ef7cd4ac6ec1199132-refs/branch-heads/4044@{#776}),platform=Windows NT 10.0.18362 x86_64) (WARNING: The server did not provide any stacktrace information)\nCommand duration or timeout: 323 milliseconds\nFor documentation on this error, please visit: http://seleniumhq.org/exceptions/no_such_element.html\nBuild info: version: '3.0.0', revision: '350cf60', time: '2016-10-13 10:48:57 -0700'\nSystem info: host: 'DESKTOP-BJ7Q9MK', ip: '192.168.0.23', os.name: 'Windows 10', os.arch: 'amd64', os.version: '10.0', java.version: '1.8.0_211'\nDriver info: com.qmetry.qaf.automation.ui.webdriver.QAFExtendedWebDriver\nCapabilities [{mobileEmulationEnabled=false, timeouts={implicit=0, pageLoad=300000, script=30000}, hasTouchScreen=false, platform=XP, acceptSslCerts=false, goog:chromeOptions={debuggerAddress=localhost:61778}, acceptInsecureCerts=false, webStorageEnabled=true, browserName=chrome, takesScreenshot=true, javascriptEnabled=true, setWindowRect=true, unexpectedAlertBehaviour=ignore, applicationCacheEnabled=false, rotatable=false, networkConnectionEnabled=false, chrome={chromedriverVersion=81.0.4044.69 (6813546031a4bc83f717a2ef7cd4ac6ec1199132-refs/branch-heads/4044@{#776}), userDataDir=C:\\Users\\sjpat\\AppData\\Local\\Temp\\scoped_dir25204_206596969}, takesHeapSnapshot=true, pageLoadStrategy=normal, strictFileInteractability=false, databaseEnabled=false, handlesAlerts=true, version=81.0.4044.129, browserConnectionEnabled=false, proxy={}, nativeEvents=true, locationContextEnabled=true, cssSelectorsEnabled=true, webauthn:virtualAuthenticators=true}]\nSession ID: 9d91f96e2ae20e06b6bb6810942bfacf\n*** Element info: {Using=xpath, value=/html/body/div[3]/div[1]/div[3]/div[2]/div[1]/div/div[2]/div/h2/a}",
      "subLogs": [],
      "duration": 323
    },
    {
      "commandName": "findElement",
      "args": [
        "{value=/html/body/div[3]/div[1]/div[3]/div[2]/div[1]/div/div[2]/div/h2/a, using=xpath}"
      ],
      "result": "id: 0.23711519523828128-1",
      "subLogs": [],
      "duration": 207
    },
    {
      "commandName": "findElement",
      "args": [
        "By.xpath: /html/body/div[3]/div[1]/div[3]/div[2]/div[1]/div/div[2]/div/h2/a",
        "{}"
      ],
      "result": "OK",
      "subLogs": [],
      "duration": -1
    },
    {
      "commandName": "clickElement",
      "args": [
        "By.xpath: /html/body/div[3]/div[1]/div[3]/div[2]/div[1]/div/div[2]/div/h2/a",
        "{\"id\":\"0.23711519523828128-1\"}"
      ],
      "result": "clickElement:null",
      "subLogs": [],
      "duration": 2484
    },
    {
      "commandName": "findElement",
      "args": [
        "{value=/html/body/div[2]/div/div/div[2]/div/div/div[11]/div[1]/div/div[3]/div/form/input, using=xpath}"
      ],
      "result": "no such element: Unable to locate element: {\"method\":\"xpath\",\"selector\":\"/html/body/div[2]/div/div/div[2]/div/div/div[11]/div[1]/div/div[3]/div/form/input\"}\n  (Session info: chrome=81.0.4044.129)\n  (Driver info: chromedriver=81.0.4044.69 (6813546031a4bc83f717a2ef7cd4ac6ec1199132-refs/branch-heads/4044@{#776}),platform=Windows NT 10.0.18362 x86_64) (WARNING: The server did not provide any stacktrace information)\nCommand duration or timeout: 1.00 seconds\nFor documentation on this error, please visit: http://seleniumhq.org/exceptions/no_such_element.html\nBuild info: version: '3.0.0', revision: '350cf60', time: '2016-10-13 10:48:57 -0700'\nSystem info: host: 'DESKTOP-BJ7Q9MK', ip: '192.168.0.23', os.name: 'Windows 10', os.arch: 'amd64', os.version: '10.0', java.version: '1.8.0_211'\nDriver info: com.qmetry.qaf.automation.ui.webdriver.QAFExtendedWebDriver\nCapabilities [{mobileEmulationEnabled=false, timeouts={implicit=0, pageLoad=300000, script=30000}, hasTouchScreen=false, platform=XP, acceptSslCerts=false, goog:chromeOptions={debuggerAddress=localhost:61778}, acceptInsecureCerts=false, webStorageEnabled=true, browserName=chrome, takesScreenshot=true, javascriptEnabled=true, setWindowRect=true, unexpectedAlertBehaviour=ignore, applicationCacheEnabled=false, rotatable=false, networkConnectionEnabled=false, chrome={chromedriverVersion=81.0.4044.69 (6813546031a4bc83f717a2ef7cd4ac6ec1199132-refs/branch-heads/4044@{#776}), userDataDir=C:\\Users\\sjpat\\AppData\\Local\\Temp\\scoped_dir25204_206596969}, takesHeapSnapshot=true, pageLoadStrategy=normal, strictFileInteractability=false, databaseEnabled=false, handlesAlerts=true, version=81.0.4044.129, browserConnectionEnabled=false, proxy={}, nativeEvents=true, locationContextEnabled=true, cssSelectorsEnabled=true, webauthn:virtualAuthenticators=true}]\nSession ID: 9d91f96e2ae20e06b6bb6810942bfacf\n*** Element info: {Using=xpath, value=/html/body/div[2]/div/div/div[2]/div/div/div[11]/div[1]/div/div[3]/div/form/input}",
      "subLogs": [],
      "duration": 1006
    },
    {
      "commandName": "findElement",
      "args": [
        "{value=/html/body/div[2]/div/div/div[2]/div/div/div[11]/div[1]/div/div[3]/div/form/input, using=xpath}"
      ],
      "result": "no such element: Unable to locate element: {\"method\":\"xpath\",\"selector\":\"/html/body/div[2]/div/div/div[2]/div/div/div[11]/div[1]/div/div[3]/div/form/input\"}\n  (Session info: chrome=81.0.4044.129)\n  (Driver info: chromedriver=81.0.4044.69 (6813546031a4bc83f717a2ef7cd4ac6ec1199132-refs/branch-heads/4044@{#776}),platform=Windows NT 10.0.18362 x86_64) (WARNING: The server did not provide any stacktrace information)\nCommand duration or timeout: 169 milliseconds\nFor documentation on this error, please visit: http://seleniumhq.org/exceptions/no_such_element.html\nBuild info: version: '3.0.0', revision: '350cf60', time: '2016-10-13 10:48:57 -0700'\nSystem info: host: 'DESKTOP-BJ7Q9MK', ip: '192.168.0.23', os.name: 'Windows 10', os.arch: 'amd64', os.version: '10.0', java.version: '1.8.0_211'\nDriver info: com.qmetry.qaf.automation.ui.webdriver.QAFExtendedWebDriver\nCapabilities [{mobileEmulationEnabled=false, timeouts={implicit=0, pageLoad=300000, script=30000}, hasTouchScreen=false, platform=XP, acceptSslCerts=false, goog:chromeOptions={debuggerAddress=localhost:61778}, acceptInsecureCerts=false, webStorageEnabled=true, browserName=chrome, takesScreenshot=true, javascriptEnabled=true, setWindowRect=true, unexpectedAlertBehaviour=ignore, applicationCacheEnabled=false, rotatable=false, networkConnectionEnabled=false, chrome={chromedriverVersion=81.0.4044.69 (6813546031a4bc83f717a2ef7cd4ac6ec1199132-refs/branch-heads/4044@{#776}), userDataDir=C:\\Users\\sjpat\\AppData\\Local\\Temp\\scoped_dir25204_206596969}, takesHeapSnapshot=true, pageLoadStrategy=normal, strictFileInteractability=false, databaseEnabled=false, handlesAlerts=true, version=81.0.4044.129, browserConnectionEnabled=false, proxy={}, nativeEvents=true, locationContextEnabled=true, cssSelectorsEnabled=true, webauthn:virtualAuthenticators=true}]\nSession ID: 9d91f96e2ae20e06b6bb6810942bfacf\n*** Element info: {Using=xpath, value=/html/body/div[2]/div/div/div[2]/div/div/div[11]/div[1]/div/div[3]/div/form/input}",
      "subLogs": [],
      "duration": 170
    },
    {
      "commandName": "findElement",
      "args": [
        "{value=/html/body/div[2]/div/div/div[2]/div/div/div[11]/div[1]/div/div[3]/div/form/input, using=xpath}"
      ],
      "result": "no such element: Unable to locate element: {\"method\":\"xpath\",\"selector\":\"/html/body/div[2]/div/div/div[2]/div/div/div[11]/div[1]/div/div[3]/div/form/input\"}\n  (Session info: chrome=81.0.4044.129)\n  (Driver info: chromedriver=81.0.4044.69 (6813546031a4bc83f717a2ef7cd4ac6ec1199132-refs/branch-heads/4044@{#776}),platform=Windows NT 10.0.18362 x86_64) (WARNING: The server did not provide any stacktrace information)\nCommand duration or timeout: 21 milliseconds\nFor documentation on this error, please visit: http://seleniumhq.org/exceptions/no_such_element.html\nBuild info: version: '3.0.0', revision: '350cf60', time: '2016-10-13 10:48:57 -0700'\nSystem info: host: 'DESKTOP-BJ7Q9MK', ip: '192.168.0.23', os.name: 'Windows 10', os.arch: 'amd64', os.version: '10.0', java.version: '1.8.0_211'\nDriver info: com.qmetry.qaf.automation.ui.webdriver.QAFExtendedWebDriver\nCapabilities [{mobileEmulationEnabled=false, timeouts={implicit=0, pageLoad=300000, script=30000}, hasTouchScreen=false, platform=XP, acceptSslCerts=false, goog:chromeOptions={debuggerAddress=localhost:61778}, acceptInsecureCerts=false, webStorageEnabled=true, browserName=chrome, takesScreenshot=true, javascriptEnabled=true, setWindowRect=true, unexpectedAlertBehaviour=ignore, applicationCacheEnabled=false, rotatable=false, networkConnectionEnabled=false, chrome={chromedriverVersion=81.0.4044.69 (6813546031a4bc83f717a2ef7cd4ac6ec1199132-refs/branch-heads/4044@{#776}), userDataDir=C:\\Users\\sjpat\\AppData\\Local\\Temp\\scoped_dir25204_206596969}, takesHeapSnapshot=true, pageLoadStrategy=normal, strictFileInteractability=false, databaseEnabled=false, handlesAlerts=true, version=81.0.4044.129, browserConnectionEnabled=false, proxy={}, nativeEvents=true, locationContextEnabled=true, cssSelectorsEnabled=true, webauthn:virtualAuthenticators=true}]\nSession ID: 9d91f96e2ae20e06b6bb6810942bfacf\n*** Element info: {Using=xpath, value=/html/body/div[2]/div/div/div[2]/div/div/div[11]/div[1]/div/div[3]/div/form/input}",
      "subLogs": [],
      "duration": 22
    },
    {
      "commandName": "findElement",
      "args": [
        "{value=/html/body/div[2]/div/div/div[2]/div/div/div[11]/div[1]/div/div[3]/div/form/input, using=xpath}"
      ],
      "result": "no such element: Unable to locate element: {\"method\":\"xpath\",\"selector\":\"/html/body/div[2]/div/div/div[2]/div/div/div[11]/div[1]/div/div[3]/div/form/input\"}\n  (Session info: chrome=81.0.4044.129)\n  (Driver info: chromedriver=81.0.4044.69 (6813546031a4bc83f717a2ef7cd4ac6ec1199132-refs/branch-heads/4044@{#776}),platform=Windows NT 10.0.18362 x86_64) (WARNING: The server did not provide any stacktrace information)\nCommand duration or timeout: 15 milliseconds\nFor documentation on this error, please visit: http://seleniumhq.org/exceptions/no_such_element.html\nBuild info: version: '3.0.0', revision: '350cf60', time: '2016-10-13 10:48:57 -0700'\nSystem info: host: 'DESKTOP-BJ7Q9MK', ip: '192.168.0.23', os.name: 'Windows 10', os.arch: 'amd64', os.version: '10.0', java.version: '1.8.0_211'\nDriver info: com.qmetry.qaf.automation.ui.webdriver.QAFExtendedWebDriver\nCapabilities [{mobileEmulationEnabled=false, timeouts={implicit=0, pageLoad=300000, script=30000}, hasTouchScreen=false, platform=XP, acceptSslCerts=false, goog:chromeOptions={debuggerAddress=localhost:61778}, acceptInsecureCerts=false, webStorageEnabled=true, browserName=chrome, takesScreenshot=true, javascriptEnabled=true, setWindowRect=true, unexpectedAlertBehaviour=ignore, applicationCacheEnabled=false, rotatable=false, networkConnectionEnabled=false, chrome={chromedriverVersion=81.0.4044.69 (6813546031a4bc83f717a2ef7cd4ac6ec1199132-refs/branch-heads/4044@{#776}), userDataDir=C:\\Users\\sjpat\\AppData\\Local\\Temp\\scoped_dir25204_206596969}, takesHeapSnapshot=true, pageLoadStrategy=normal, strictFileInteractability=false, databaseEnabled=false, handlesAlerts=true, version=81.0.4044.129, browserConnectionEnabled=false, proxy={}, nativeEvents=true, locationContextEnabled=true, cssSelectorsEnabled=true, webauthn:virtualAuthenticators=true}]\nSession ID: 9d91f96e2ae20e06b6bb6810942bfacf\n*** Element info: {Using=xpath, value=/html/body/div[2]/div/div/div[2]/div/div/div[11]/div[1]/div/div[3]/div/form/input}",
      "subLogs": [],
      "duration": 15
    },
    {
      "commandName": "findElement",
      "args": [
        "{value=/html/body/div[2]/div/div/div[2]/div/div/div[11]/div[1]/div/div[3]/div/form/input, using=xpath}"
      ],
      "result": "no such element: Unable to locate element: {\"method\":\"xpath\",\"selector\":\"/html/body/div[2]/div/div/div[2]/div/div/div[11]/div[1]/div/div[3]/div/form/input\"}\n  (Session info: chrome=81.0.4044.129)\n  (Driver info: chromedriver=81.0.4044.69 (6813546031a4bc83f717a2ef7cd4ac6ec1199132-refs/branch-heads/4044@{#776}),platform=Windows NT 10.0.18362 x86_64) (WARNING: The server did not provide any stacktrace information)\nCommand duration or timeout: 18 milliseconds\nFor documentation on this error, please visit: http://seleniumhq.org/exceptions/no_such_element.html\nBuild info: version: '3.0.0', revision: '350cf60', time: '2016-10-13 10:48:57 -0700'\nSystem info: host: 'DESKTOP-BJ7Q9MK', ip: '192.168.0.23', os.name: 'Windows 10', os.arch: 'amd64', os.version: '10.0', java.version: '1.8.0_211'\nDriver info: com.qmetry.qaf.automation.ui.webdriver.QAFExtendedWebDriver\nCapabilities [{mobileEmulationEnabled=false, timeouts={implicit=0, pageLoad=300000, script=30000}, hasTouchScreen=false, platform=XP, acceptSslCerts=false, goog:chromeOptions={debuggerAddress=localhost:61778}, acceptInsecureCerts=false, webStorageEnabled=true, browserName=chrome, takesScreenshot=true, javascriptEnabled=true, setWindowRect=true, unexpectedAlertBehaviour=ignore, applicationCacheEnabled=false, rotatable=false, networkConnectionEnabled=false, chrome={chromedriverVersion=81.0.4044.69 (6813546031a4bc83f717a2ef7cd4ac6ec1199132-refs/branch-heads/4044@{#776}), userDataDir=C:\\Users\\sjpat\\AppData\\Local\\Temp\\scoped_dir25204_206596969}, takesHeapSnapshot=true, pageLoadStrategy=normal, strictFileInteractability=false, databaseEnabled=false, handlesAlerts=true, version=81.0.4044.129, browserConnectionEnabled=false, proxy={}, nativeEvents=true, locationContextEnabled=true, cssSelectorsEnabled=true, webauthn:virtualAuthenticators=true}]\nSession ID: 9d91f96e2ae20e06b6bb6810942bfacf\n*** Element info: {Using=xpath, value=/html/body/div[2]/div/div/div[2]/div/div/div[11]/div[1]/div/div[3]/div/form/input}",
      "subLogs": [],
      "duration": 18
    },
    {
      "commandName": "findElement",
      "args": [
        "{value=/html/body/div[2]/div/div/div[2]/div/div/div[11]/div[1]/div/div[3]/div/form/input, using=xpath}"
      ],
      "result": "no such element: Unable to locate element: {\"method\":\"xpath\",\"selector\":\"/html/body/div[2]/div/div/div[2]/div/div/div[11]/div[1]/div/div[3]/div/form/input\"}\n  (Session info: chrome=81.0.4044.129)\n  (Driver info: chromedriver=81.0.4044.69 (6813546031a4bc83f717a2ef7cd4ac6ec1199132-refs/branch-heads/4044@{#776}),platform=Windows NT 10.0.18362 x86_64) (WARNING: The server did not provide any stacktrace information)\nCommand duration or timeout: 18 milliseconds\nFor documentation on this error, please visit: http://seleniumhq.org/exceptions/no_such_element.html\nBuild info: version: '3.0.0', revision: '350cf60', time: '2016-10-13 10:48:57 -0700'\nSystem info: host: 'DESKTOP-BJ7Q9MK', ip: '192.168.0.23', os.name: 'Windows 10', os.arch: 'amd64', os.version: '10.0', java.version: '1.8.0_211'\nDriver info: com.qmetry.qaf.automation.ui.webdriver.QAFExtendedWebDriver\nCapabilities [{mobileEmulationEnabled=false, timeouts={implicit=0, pageLoad=300000, script=30000}, hasTouchScreen=false, platform=XP, acceptSslCerts=false, goog:chromeOptions={debuggerAddress=localhost:61778}, acceptInsecureCerts=false, webStorageEnabled=true, browserName=chrome, takesScreenshot=true, javascriptEnabled=true, setWindowRect=true, unexpectedAlertBehaviour=ignore, applicationCacheEnabled=false, rotatable=false, networkConnectionEnabled=false, chrome={chromedriverVersion=81.0.4044.69 (6813546031a4bc83f717a2ef7cd4ac6ec1199132-refs/branch-heads/4044@{#776}), userDataDir=C:\\Users\\sjpat\\AppData\\Local\\Temp\\scoped_dir25204_206596969}, takesHeapSnapshot=true, pageLoadStrategy=normal, strictFileInteractability=false, databaseEnabled=false, handlesAlerts=true, version=81.0.4044.129, browserConnectionEnabled=false, proxy={}, nativeEvents=true, locationContextEnabled=true, cssSelectorsEnabled=true, webauthn:virtualAuthenticators=true}]\nSession ID: 9d91f96e2ae20e06b6bb6810942bfacf\n*** Element info: {Using=xpath, value=/html/body/div[2]/div/div/div[2]/div/div/div[11]/div[1]/div/div[3]/div/form/input}",
      "subLogs": [],
      "duration": 19
    },
    {
      "commandName": "findElement",
      "args": [
        "{value=/html/body/div[2]/div/div/div[2]/div/div/div[11]/div[1]/div/div[3]/div/form/input, using=xpath}"
      ],
      "result": "no such element: Unable to locate element: {\"method\":\"xpath\",\"selector\":\"/html/body/div[2]/div/div/div[2]/div/div/div[11]/div[1]/div/div[3]/div/form/input\"}\n  (Session info: chrome=81.0.4044.129)\n  (Driver info: chromedriver=81.0.4044.69 (6813546031a4bc83f717a2ef7cd4ac6ec1199132-refs/branch-heads/4044@{#776}),platform=Windows NT 10.0.18362 x86_64) (WARNING: The server did not provide any stacktrace information)\nCommand duration or timeout: 12 milliseconds\nFor documentation on this error, please visit: http://seleniumhq.org/exceptions/no_such_element.html\nBuild info: version: '3.0.0', revision: '350cf60', time: '2016-10-13 10:48:57 -0700'\nSystem info: host: 'DESKTOP-BJ7Q9MK', ip: '192.168.0.23', os.name: 'Windows 10', os.arch: 'amd64', os.version: '10.0', java.version: '1.8.0_211'\nDriver info: com.qmetry.qaf.automation.ui.webdriver.QAFExtendedWebDriver\nCapabilities [{mobileEmulationEnabled=false, timeouts={implicit=0, pageLoad=300000, script=30000}, hasTouchScreen=false, platform=XP, acceptSslCerts=false, goog:chromeOptions={debuggerAddress=localhost:61778}, acceptInsecureCerts=false, webStorageEnabled=true, browserName=chrome, takesScreenshot=true, javascriptEnabled=true, setWindowRect=true, unexpectedAlertBehaviour=ignore, applicationCacheEnabled=false, rotatable=false, networkConnectionEnabled=false, chrome={chromedriverVersion=81.0.4044.69 (6813546031a4bc83f717a2ef7cd4ac6ec1199132-refs/branch-heads/4044@{#776}), userDataDir=C:\\Users\\sjpat\\AppData\\Local\\Temp\\scoped_dir25204_206596969}, takesHeapSnapshot=true, pageLoadStrategy=normal, strictFileInteractability=false, databaseEnabled=false, handlesAlerts=true, version=81.0.4044.129, browserConnectionEnabled=false, proxy={}, nativeEvents=true, locationContextEnabled=true, cssSelectorsEnabled=true, webauthn:virtualAuthenticators=true}]\nSession ID: 9d91f96e2ae20e06b6bb6810942bfacf\n*** Element info: {Using=xpath, value=/html/body/div[2]/div/div/div[2]/div/div/div[11]/div[1]/div/div[3]/div/form/input}",
      "subLogs": [],
      "duration": 13
    },
    {
      "commandName": "findElement",
      "args": [
        "{value=/html/body/div[2]/div/div/div[2]/div/div/div[11]/div[1]/div/div[3]/div/form/input, using=xpath}"
      ],
      "result": "no such element: Unable to locate element: {\"method\":\"xpath\",\"selector\":\"/html/body/div[2]/div/div/div[2]/div/div/div[11]/div[1]/div/div[3]/div/form/input\"}\n  (Session info: chrome=81.0.4044.129)\n  (Driver info: chromedriver=81.0.4044.69 (6813546031a4bc83f717a2ef7cd4ac6ec1199132-refs/branch-heads/4044@{#776}),platform=Windows NT 10.0.18362 x86_64) (WARNING: The server did not provide any stacktrace information)\nCommand duration or timeout: 17 milliseconds\nFor documentation on this error, please visit: http://seleniumhq.org/exceptions/no_such_element.html\nBuild info: version: '3.0.0', revision: '350cf60', time: '2016-10-13 10:48:57 -0700'\nSystem info: host: 'DESKTOP-BJ7Q9MK', ip: '192.168.0.23', os.name: 'Windows 10', os.arch: 'amd64', os.version: '10.0', java.version: '1.8.0_211'\nDriver info: com.qmetry.qaf.automation.ui.webdriver.QAFExtendedWebDriver\nCapabilities [{mobileEmulationEnabled=false, timeouts={implicit=0, pageLoad=300000, script=30000}, hasTouchScreen=false, platform=XP, acceptSslCerts=false, goog:chromeOptions={debuggerAddress=localhost:61778}, acceptInsecureCerts=false, webStorageEnabled=true, browserName=chrome, takesScreenshot=true, javascriptEnabled=true, setWindowRect=true, unexpectedAlertBehaviour=ignore, applicationCacheEnabled=false, rotatable=false, networkConnectionEnabled=false, chrome={chromedriverVersion=81.0.4044.69 (6813546031a4bc83f717a2ef7cd4ac6ec1199132-refs/branch-heads/4044@{#776}), userDataDir=C:\\Users\\sjpat\\AppData\\Local\\Temp\\scoped_dir25204_206596969}, takesHeapSnapshot=true, pageLoadStrategy=normal, strictFileInteractability=false, databaseEnabled=false, handlesAlerts=true, version=81.0.4044.129, browserConnectionEnabled=false, proxy={}, nativeEvents=true, locationContextEnabled=true, cssSelectorsEnabled=true, webauthn:virtualAuthenticators=true}]\nSession ID: 9d91f96e2ae20e06b6bb6810942bfacf\n*** Element info: {Using=xpath, value=/html/body/div[2]/div/div/div[2]/div/div/div[11]/div[1]/div/div[3]/div/form/input}",
      "subLogs": [],
      "duration": 17
    },
    {
      "commandName": "findElement",
      "args": [
        "{value=/html/body/div[2]/div/div/div[2]/div/div/div[11]/div[1]/div/div[3]/div/form/input, using=xpath}"
      ],
      "result": "no such element: Unable to locate element: {\"method\":\"xpath\",\"selector\":\"/html/body/div[2]/div/div/div[2]/div/div/div[11]/div[1]/div/div[3]/div/form/input\"}\n  (Session info: chrome=81.0.4044.129)\n  (Driver info: chromedriver=81.0.4044.69 (6813546031a4bc83f717a2ef7cd4ac6ec1199132-refs/branch-heads/4044@{#776}),platform=Windows NT 10.0.18362 x86_64) (WARNING: The server did not provide any stacktrace information)\nCommand duration or timeout: 10 milliseconds\nFor documentation on this error, please visit: http://seleniumhq.org/exceptions/no_such_element.html\nBuild info: version: '3.0.0', revision: '350cf60', time: '2016-10-13 10:48:57 -0700'\nSystem info: host: 'DESKTOP-BJ7Q9MK', ip: '192.168.0.23', os.name: 'Windows 10', os.arch: 'amd64', os.version: '10.0', java.version: '1.8.0_211'\nDriver info: com.qmetry.qaf.automation.ui.webdriver.QAFExtendedWebDriver\nCapabilities [{mobileEmulationEnabled=false, timeouts={implicit=0, pageLoad=300000, script=30000}, hasTouchScreen=false, platform=XP, acceptSslCerts=false, goog:chromeOptions={debuggerAddress=localhost:61778}, acceptInsecureCerts=false, webStorageEnabled=true, browserName=chrome, takesScreenshot=true, javascriptEnabled=true, setWindowRect=true, unexpectedAlertBehaviour=ignore, applicationCacheEnabled=false, rotatable=false, networkConnectionEnabled=false, chrome={chromedriverVersion=81.0.4044.69 (6813546031a4bc83f717a2ef7cd4ac6ec1199132-refs/branch-heads/4044@{#776}), userDataDir=C:\\Users\\sjpat\\AppData\\Local\\Temp\\scoped_dir25204_206596969}, takesHeapSnapshot=true, pageLoadStrategy=normal, strictFileInteractability=false, databaseEnabled=false, handlesAlerts=true, version=81.0.4044.129, browserConnectionEnabled=false, proxy={}, nativeEvents=true, locationContextEnabled=true, cssSelectorsEnabled=true, webauthn:virtualAuthenticators=true}]\nSession ID: 9d91f96e2ae20e06b6bb6810942bfacf\n*** Element info: {Using=xpath, value=/html/body/div[2]/div/div/div[2]/div/div/div[11]/div[1]/div/div[3]/div/form/input}",
      "subLogs": [],
      "duration": 10
    },
    {
      "commandName": "findElement",
      "args": [
        "{value=/html/body/div[2]/div/div/div[2]/div/div/div[11]/div[1]/div/div[3]/div/form/input, using=xpath}"
      ],
      "result": "no such element: Unable to locate element: {\"method\":\"xpath\",\"selector\":\"/html/body/div[2]/div/div/div[2]/div/div/div[11]/div[1]/div/div[3]/div/form/input\"}\n  (Session info: chrome=81.0.4044.129)\n  (Driver info: chromedriver=81.0.4044.69 (6813546031a4bc83f717a2ef7cd4ac6ec1199132-refs/branch-heads/4044@{#776}),platform=Windows NT 10.0.18362 x86_64) (WARNING: The server did not provide any stacktrace information)\nCommand duration or timeout: 22 milliseconds\nFor documentation on this error, please visit: http://seleniumhq.org/exceptions/no_such_element.html\nBuild info: version: '3.0.0', revision: '350cf60', time: '2016-10-13 10:48:57 -0700'\nSystem info: host: 'DESKTOP-BJ7Q9MK', ip: '192.168.0.23', os.name: 'Windows 10', os.arch: 'amd64', os.version: '10.0', java.version: '1.8.0_211'\nDriver info: com.qmetry.qaf.automation.ui.webdriver.QAFExtendedWebDriver\nCapabilities [{mobileEmulationEnabled=false, timeouts={implicit=0, pageLoad=300000, script=30000}, hasTouchScreen=false, platform=XP, acceptSslCerts=false, goog:chromeOptions={debuggerAddress=localhost:61778}, acceptInsecureCerts=false, webStorageEnabled=true, browserName=chrome, takesScreenshot=true, javascriptEnabled=true, setWindowRect=true, unexpectedAlertBehaviour=ignore, applicationCacheEnabled=false, rotatable=false, networkConnectionEnabled=false, chrome={chromedriverVersion=81.0.4044.69 (6813546031a4bc83f717a2ef7cd4ac6ec1199132-refs/branch-heads/4044@{#776}), userDataDir=C:\\Users\\sjpat\\AppData\\Local\\Temp\\scoped_dir25204_206596969}, takesHeapSnapshot=true, pageLoadStrategy=normal, strictFileInteractability=false, databaseEnabled=false, handlesAlerts=true, version=81.0.4044.129, browserConnectionEnabled=false, proxy={}, nativeEvents=true, locationContextEnabled=true, cssSelectorsEnabled=true, webauthn:virtualAuthenticators=true}]\nSession ID: 9d91f96e2ae20e06b6bb6810942bfacf\n*** Element info: {Using=xpath, value=/html/body/div[2]/div/div/div[2]/div/div/div[11]/div[1]/div/div[3]/div/form/input}",
      "subLogs": [],
      "duration": 22
    },
    {
      "commandName": "clearElement",
      "args": [
        "By.xpath: /html/body/div[2]/div/div/div[2]/div/div/div[11]/div[1]/div/div[3]/div/form/input",
        "{\"id\":\"-1\"}"
      ],
      "result": "Timed out after 10 seconds waiting for presence of element located by: By.xpath: /html/body/div[2]/div/div/div[2]/div/div/div[11]/div[1]/div/div[3]/div/form/input\nBuild info: version: '3.0.0', revision: '350cf60', time: '2016-10-13 10:48:57 -0700'\nSystem info: host: 'DESKTOP-BJ7Q9MK', ip: '192.168.0.23', os.name: 'Windows 10', os.arch: 'amd64', os.version: '10.0', java.version: '1.8.0_211'\nDriver info: driver.version: QAFExtendedWebDriver",
      "subLogs": [],
      "duration": -663942925
    }
  ],
  "checkPoints": [
    {
      "message": "get 'https://www.food.com/'",
      "type": "TestStepPass",
      "duration": 10435,
      "threshold": 0,
      "subCheckPoints": []
    },
    {
      "message": "Timed out after 10 seconds waiting for presence of element located by: By.xpath: /html/body/div[2]/div/div/div[2]/div/div/div[11]/div[1]/div/div[3]/div/form/input\nBuild info: version: '3.0.0', revision: '350cf60', time: '2016-10-13 10:48:57 -0700'\nSystem info: host: 'DESKTOP-BJ7Q9MK', ip: '192.168.0.23', os.name: 'Windows 10', os.arch: 'amd64', os.version: '10.0', java.version: '1.8.0_211'\nDriver info: driver.version: QAFExtendedWebDriver",
      "type": "Fail",
      "screenshot": "img/TestServeSearch_18dh86ylxd5pu10174.png",
      "duration": 0,
      "threshold": 0,
      "subCheckPoints": []
    }
  ],
  "errorTrace": "org.openqa.selenium.TimeoutException: Timed out after 10 seconds waiting for presence of element located by: By.xpath: /html/body/div[2]/div/div/div[2]/div/div/div[11]/div[1]/div/div[3]/div/form/input\nBuild info: version: '3.0.0', revision: '350cf60', time: '2016-10-13 10:48:57 -0700'\nSystem info: host: 'DESKTOP-BJ7Q9MK', ip: '192.168.0.23', os.name: 'Windows 10', os.arch: 'amd64', os.version: '10.0', java.version: '1.8.0_211'\nDriver info: driver.version: QAFExtendedWebDriver\r\n\tat com.qmetry.qaf.automation.ui.util.DynamicWait.until(DynamicWait.java:168)\r\n\tat com.qmetry.qaf.automation.ui.webdriver.QAFExtendedWebDriver.load(QAFExtendedWebDriver.java:213)\r\n\tat com.qmetry.qaf.automation.ui.webdriver.QAFExtendedWebElement.load(QAFExtendedWebElement.java:302)\r\n\tat com.qmetry.qaf.automation.ui.webdriver.QAFExtendedWebElement.execute(QAFExtendedWebElement.java:249)\r\n\tat org.openqa.selenium.remote.RemoteWebElement.clear(RemoteWebElement.java:116)\r\n\tat qaf.example.steps.StepsLibraryRecipe.serveSearch(StepsLibraryRecipe.java:65)\r\n\tat qaf.example.tests.RecipeTest.testServeSearch(RecipeTest.java:62)\r\n\tat sun.reflect.NativeMethodAccessorImpl.invoke0(Native Method)\r\n\tat sun.reflect.NativeMethodAccessorImpl.invoke(Unknown Source)\r\n\tat sun.reflect.DelegatingMethodAccessorImpl.invoke(Unknown Source)\r\n\tat java.lang.reflect.Method.invoke(Unknown Source)\r\n\tat org.testng.internal.MethodInvocationHelper.invokeMethod(MethodInvocationHelper.java:104)\r\n\tat org.testng.internal.Invoker.invokeMethod(Invoker.java:645)\r\n\tat org.testng.internal.Invoker.invokeTestMethod(Invoker.java:851)\r\n\tat org.testng.internal.Invoker.invokeTestMethods(Invoker.java:1177)\r\n\tat org.testng.internal.TestMethodWorker.invokeTestMethods(TestMethodWorker.java:129)\r\n\tat org.testng.internal.TestMethodWorker.run(TestMethodWorker.java:112)\r\n\tat org.testng.TestRunner.privateRun(TestRunner.java:778)\r\n\tat org.testng.TestRunner.run(TestRunner.java:632)\r\n\tat org.testng.SuiteRunner.runTest(SuiteRunner.java:387)\r\n\tat org.testng.SuiteRunner.runSequentially(SuiteRunner.java:382)\r\n\tat org.testng.SuiteRunner.privateRun(SuiteRunner.java:340)\r\n\tat org.testng.SuiteRunner.run(SuiteRunner.java:289)\r\n\tat org.testng.SuiteRunnerWorker.runSuite(SuiteRunnerWorker.java:52)\r\n\tat org.testng.SuiteRunnerWorker.run(SuiteRunnerWorker.java:86)\r\n\tat org.testng.TestNG.runSuitesSequentially(TestNG.java:1293)\r\n\tat org.testng.TestNG.runSuitesLocally(TestNG.java:1218)\r\n\tat org.testng.TestNG.runSuites(TestNG.java:1133)\r\n\tat org.testng.TestNG.run(TestNG.java:1104)\r\n\tat org.testng.remote.AbstractRemoteTestNG.run(AbstractRemoteTestNG.java:115)\r\n\tat org.testng.remote.RemoteTestNG.initAndRun(RemoteTestNG.java:251)\r\n\tat org.testng.remote.RemoteTestNG.main(RemoteTestNG.java:77)\r\nCaused by: org.openqa.selenium.NoSuchElementException: no such element: Unable to locate element: {\"method\":\"xpath\",\"selector\":\"/html/body/div[2]/div/div/div[2]/div/div/div[11]/div[1]/div/div[3]/div/form/input\"}\n  (Session info: chrome=81.0.4044.129)\n  (Driver info: chromedriver=81.0.4044.69 (6813546031a4bc83f717a2ef7cd4ac6ec1199132-refs/branch-heads/4044@{#776}),platform=Windows NT 10.0.18362 x86_64) (WARNING: The server did not provide any stacktrace information)\nCommand duration or timeout: 22 milliseconds\nFor documentation on this error, please visit: http://seleniumhq.org/exceptions/no_such_element.html\nBuild info: version: '3.0.0', revision: '350cf60', time: '2016-10-13 10:48:57 -0700'\nSystem info: host: 'DESKTOP-BJ7Q9MK', ip: '192.168.0.23', os.name: 'Windows 10', os.arch: 'amd64', os.version: '10.0', java.version: '1.8.0_211'\nDriver info: com.qmetry.qaf.automation.ui.webdriver.QAFExtendedWebDriver\nCapabilities [{mobileEmulationEnabled=false, timeouts={implicit=0, pageLoad=300000, script=30000}, hasTouchScreen=false, platform=XP, acceptSslCerts=false, goog:chromeOptions={debuggerAddress=localhost:61778}, acceptInsecureCerts=false, webStorageEnabled=true, browserName=chrome, takesScreenshot=true, javascriptEnabled=true, setWindowRect=true, unexpectedAlertBehaviour=ignore, applicationCacheEnabled=false, rotatable=false, networkConnectionEnabled=false, chrome={chromedriverVersion=81.0.4044.69 (6813546031a4bc83f717a2ef7cd4ac6ec1199132-refs/branch-heads/4044@{#776}), userDataDir=C:\\Users\\sjpat\\AppData\\Local\\Temp\\scoped_dir25204_206596969}, takesHeapSnapshot=true, pageLoadStrategy=normal, strictFileInteractability=false, databaseEnabled=false, handlesAlerts=true, version=81.0.4044.129, browserConnectionEnabled=false, proxy={}, nativeEvents=true, locationContextEnabled=true, cssSelectorsEnabled=true, webauthn:virtualAuthenticators=true}]\nSession ID: 9d91f96e2ae20e06b6bb6810942bfacf\n*** Element info: {Using=xpath, value=/html/body/div[2]/div/div/div[2]/div/div/div[11]/div[1]/div/div[3]/div/form/input}\r\n\tat sun.reflect.NativeConstructorAccessorImpl.newInstance0(Native Method)\r\n\tat sun.reflect.NativeConstructorAccessorImpl.newInstance(Unknown Source)\r\n\tat sun.reflect.DelegatingConstructorAccessorImpl.newInstance(Unknown Source)\r\n\tat java.lang.reflect.Constructor.newInstance(Unknown Source)\r\n\tat org.openqa.selenium.remote.ErrorHandler.createThrowable(ErrorHandler.java:216)\r\n\tat org.openqa.selenium.remote.ErrorHandler.throwIfResponseFailed(ErrorHandler.java:168)\r\n\tat org.openqa.selenium.remote.RemoteWebDriver.execute(RemoteWebDriver.java:635)\r\n\tat com.qmetry.qaf.automation.ui.webdriver.QAFExtendedWebDriver.execute(QAFExtendedWebDriver.java:233)\r\n\tat org.openqa.selenium.remote.RemoteWebDriver.findElement(RemoteWebDriver.java:368)\r\n\tat org.openqa.selenium.remote.RemoteWebDriver.findElementByXPath(RemoteWebDriver.java:473)\r\n\tat com.qmetry.qaf.automation.ui.webdriver.QAFExtendedWebDriver.findElementByXPath(QAFExtendedWebDriver.java:396)\r\n\tat com.qmetry.qaf.automation.ui.webdriver.QAFExtendedWebDriver.findElementByXPath(QAFExtendedWebDriver.java:1)\r\n\tat org.openqa.selenium.By$ByXPath.findElement(By.java:361)\r\n\tat org.openqa.selenium.remote.RemoteWebDriver.findElement(RemoteWebDriver.java:360)\r\n\tat com.qmetry.qaf.automation.ui.webdriver.QAFExtendedWebDriver.findElement(QAFExtendedWebDriver.java:169)\r\n\tat com.qmetry.qaf.automation.ui.webdriver.QAFExtendedWebDriver.findElement(QAFExtendedWebDriver.java:1)\r\n\tat org.openqa.selenium.support.ui.ExpectedConditions.findElement(ExpectedConditions.java:895)\r\n\tat org.openqa.selenium.support.ui.ExpectedConditions.access$000(ExpectedConditions.java:41)\r\n\tat org.openqa.selenium.support.ui.ExpectedConditions$6.apply(ExpectedConditions.java:181)\r\n\tat org.openqa.selenium.support.ui.ExpectedConditions$6.apply(ExpectedConditions.java:178)\r\n\tat com.qmetry.qaf.automation.ui.util.DynamicWait.until(DynamicWait.java:147)\r\n\t... 31 more\r\n"
}