{
  "seleniumLog": [
    {
      "commandName": "get",
      "args": [
        "[https://www.food.com/]"
      ],
      "result": "success",
      "subLogs": [
        {
          "commandName": "get",
          "args": [
            "{url=https://www.food.com/}"
          ],
          "result": "null",
          "subLogs": [],
          "duration": 2754
        }
      ],
      "duration": -1
    },
    {
      "commandName": "click",
      "args": [
        "[recipe.search]"
      ],
      "result": "success",
      "subLogs": [
        {
          "commandName": "findElement",
          "args": [
            "{value=/html/body/div[3]/div[1]/section[1]/header/div/div/div/nav[1]/ul/li[1]/a, using=xpath}"
          ],
          "result": "no such element: Unable to locate element: {\"method\":\"xpath\",\"selector\":\"/html/body/div[3]/div[1]/section[1]/header/div/div/div/nav[1]/ul/li[1]/a\"}\n  (Session info: chrome=81.0.4044.129)\n  (Driver info: chromedriver=81.0.4044.69 (6813546031a4bc83f717a2ef7cd4ac6ec1199132-refs/branch-heads/4044@{#776}),platform=Windows NT 10.0.18362 x86_64) (WARNING: The server did not provide any stacktrace information)\nCommand duration or timeout: 779 milliseconds\nFor documentation on this error, please visit: http://seleniumhq.org/exceptions/no_such_element.html\nBuild info: version: '3.0.0', revision: '350cf60', time: '2016-10-13 10:48:57 -0700'\nSystem info: host: 'DESKTOP-BJ7Q9MK', ip: '192.168.0.23', os.name: 'Windows 10', os.arch: 'amd64', os.version: '10.0', java.version: '1.8.0_211'\nDriver info: com.qmetry.qaf.automation.ui.webdriver.QAFExtendedWebDriver\nCapabilities [{mobileEmulationEnabled=false, timeouts={implicit=0, pageLoad=300000, script=30000}, hasTouchScreen=false, platform=XP, acceptSslCerts=false, goog:chromeOptions={debuggerAddress=localhost:51766}, acceptInsecureCerts=false, webStorageEnabled=true, browserName=chrome, takesScreenshot=true, javascriptEnabled=true, setWindowRect=true, unexpectedAlertBehaviour=ignore, applicationCacheEnabled=false, rotatable=false, networkConnectionEnabled=false, chrome={chromedriverVersion=81.0.4044.69 (6813546031a4bc83f717a2ef7cd4ac6ec1199132-refs/branch-heads/4044@{#776}), userDataDir=C:\\Users\\sjpat\\AppData\\Local\\Temp\\scoped_dir18536_1775230565}, takesHeapSnapshot=true, pageLoadStrategy=normal, strictFileInteractability=false, databaseEnabled=false, handlesAlerts=true, version=81.0.4044.129, browserConnectionEnabled=false, proxy={}, nativeEvents=true, locationContextEnabled=true, cssSelectorsEnabled=true, webauthn:virtualAuthenticators=true}]\nSession ID: 7018d71ba532a9c12b25cd0a1ba7d6b6\n*** Element info: {Using=xpath, value=/html/body/div[3]/div[1]/section[1]/header/div/div/div/nav[1]/ul/li[1]/a}",
          "subLogs": [],
          "duration": 785
        },
        {
          "commandName": "findElement",
          "args": [
            "{value=/html/body/div[3]/div[1]/section[1]/header/div/div/div/nav[1]/ul/li[1]/a, using=xpath}"
          ],
          "result": "id: 0.4819630769012706-1",
          "subLogs": [],
          "duration": 495
        },
        {
          "commandName": "findElement",
          "args": [
            "By.xpath: /html/body/div[3]/div[1]/section[1]/header/div/div/div/nav[1]/ul/li[1]/a",
            "{}"
          ],
          "result": "OK",
          "subLogs": [],
          "duration": -1
        },
        {
          "commandName": "clickElement",
          "args": [
            "By.xpath: /html/body/div[3]/div[1]/section[1]/header/div/div/div/nav[1]/ul/li[1]/a",
            "{\"id\":\"0.4819630769012706-1\"}"
          ],
          "result": "clickElement:null",
          "subLogs": [],
          "duration": 356
        }
      ],
      "duration": -1
    },
    {
      "commandName": "click",
      "args": [
        "[banana_recipe.search]"
      ],
      "result": "success",
      "subLogs": [
        {
          "commandName": "findElement",
          "args": [
            "{value=/html/body/div[3]/div[1]/div[3]/div[2]/div[1]/div/div[2]/div/h2/a, using=xpath}"
          ],
          "result": "no such element: Unable to locate element: {\"method\":\"xpath\",\"selector\":\"/html/body/div[3]/div[1]/div[3]/div[2]/div[1]/div/div[2]/div/h2/a\"}\n  (Session info: chrome=81.0.4044.129)\n  (Driver info: chromedriver=81.0.4044.69 (6813546031a4bc83f717a2ef7cd4ac6ec1199132-refs/branch-heads/4044@{#776}),platform=Windows NT 10.0.18362 x86_64) (WARNING: The server did not provide any stacktrace information)\nCommand duration or timeout: 100 milliseconds\nFor documentation on this error, please visit: http://seleniumhq.org/exceptions/no_such_element.html\nBuild info: version: '3.0.0', revision: '350cf60', time: '2016-10-13 10:48:57 -0700'\nSystem info: host: 'DESKTOP-BJ7Q9MK', ip: '192.168.0.23', os.name: 'Windows 10', os.arch: 'amd64', os.version: '10.0', java.version: '1.8.0_211'\nDriver info: com.qmetry.qaf.automation.ui.webdriver.QAFExtendedWebDriver\nCapabilities [{mobileEmulationEnabled=false, timeouts={implicit=0, pageLoad=300000, script=30000}, hasTouchScreen=false, platform=XP, acceptSslCerts=false, goog:chromeOptions={debuggerAddress=localhost:51766}, acceptInsecureCerts=false, webStorageEnabled=true, browserName=chrome, takesScreenshot=true, javascriptEnabled=true, setWindowRect=true, unexpectedAlertBehaviour=ignore, applicationCacheEnabled=false, rotatable=false, networkConnectionEnabled=false, chrome={chromedriverVersion=81.0.4044.69 (6813546031a4bc83f717a2ef7cd4ac6ec1199132-refs/branch-heads/4044@{#776}), userDataDir=C:\\Users\\sjpat\\AppData\\Local\\Temp\\scoped_dir18536_1775230565}, takesHeapSnapshot=true, pageLoadStrategy=normal, strictFileInteractability=false, databaseEnabled=false, handlesAlerts=true, version=81.0.4044.129, browserConnectionEnabled=false, proxy={}, nativeEvents=true, locationContextEnabled=true, cssSelectorsEnabled=true, webauthn:virtualAuthenticators=true}]\nSession ID: 7018d71ba532a9c12b25cd0a1ba7d6b6\n*** Element info: {Using=xpath, value=/html/body/div[3]/div[1]/div[3]/div[2]/div[1]/div/div[2]/div/h2/a}",
          "subLogs": [],
          "duration": 100
        },
        {
          "commandName": "findElement",
          "args": [
            "{value=/html/body/div[3]/div[1]/div[3]/div[2]/div[1]/div/div[2]/div/h2/a, using=xpath}"
          ],
          "result": "no such element: Unable to locate element: {\"method\":\"xpath\",\"selector\":\"/html/body/div[3]/div[1]/div[3]/div[2]/div[1]/div/div[2]/div/h2/a\"}\n  (Session info: chrome=81.0.4044.129)\n  (Driver info: chromedriver=81.0.4044.69 (6813546031a4bc83f717a2ef7cd4ac6ec1199132-refs/branch-heads/4044@{#776}),platform=Windows NT 10.0.18362 x86_64) (WARNING: The server did not provide any stacktrace information)\nCommand duration or timeout: 689 milliseconds\nFor documentation on this error, please visit: http://seleniumhq.org/exceptions/no_such_element.html\nBuild info: version: '3.0.0', revision: '350cf60', time: '2016-10-13 10:48:57 -0700'\nSystem info: host: 'DESKTOP-BJ7Q9MK', ip: '192.168.0.23', os.name: 'Windows 10', os.arch: 'amd64', os.version: '10.0', java.version: '1.8.0_211'\nDriver info: com.qmetry.qaf.automation.ui.webdriver.QAFExtendedWebDriver\nCapabilities [{mobileEmulationEnabled=false, timeouts={implicit=0, pageLoad=300000, script=30000}, hasTouchScreen=false, platform=XP, acceptSslCerts=false, goog:chromeOptions={debuggerAddress=localhost:51766}, acceptInsecureCerts=false, webStorageEnabled=true, browserName=chrome, takesScreenshot=true, javascriptEnabled=true, setWindowRect=true, unexpectedAlertBehaviour=ignore, applicationCacheEnabled=false, rotatable=false, networkConnectionEnabled=false, chrome={chromedriverVersion=81.0.4044.69 (6813546031a4bc83f717a2ef7cd4ac6ec1199132-refs/branch-heads/4044@{#776}), userDataDir=C:\\Users\\sjpat\\AppData\\Local\\Temp\\scoped_dir18536_1775230565}, takesHeapSnapshot=true, pageLoadStrategy=normal, strictFileInteractability=false, databaseEnabled=false, handlesAlerts=true, version=81.0.4044.129, browserConnectionEnabled=false, proxy={}, nativeEvents=true, locationContextEnabled=true, cssSelectorsEnabled=true, webauthn:virtualAuthenticators=true}]\nSession ID: 7018d71ba532a9c12b25cd0a1ba7d6b6\n*** Element info: {Using=xpath, value=/html/body/div[3]/div[1]/div[3]/div[2]/div[1]/div/div[2]/div/h2/a}",
          "subLogs": [],
          "duration": 689
        },
        {
          "commandName": "findElement",
          "args": [
            "{value=/html/body/div[3]/div[1]/div[3]/div[2]/div[1]/div/div[2]/div/h2/a, using=xpath}"
          ],
          "result": "id: 0.3024255532405793-1",
          "subLogs": [],
          "duration": 15
        },
        {
          "commandName": "findElement",
          "args": [
            "By.xpath: /html/body/div[3]/div[1]/div[3]/div[2]/div[1]/div/div[2]/div/h2/a",
            "{}"
          ],
          "result": "OK",
          "subLogs": [],
          "duration": -1
        },
        {
          "commandName": "clickElement",
          "args": [
            "By.xpath: /html/body/div[3]/div[1]/div[3]/div[2]/div[1]/div/div[2]/div/h2/a",
            "{\"id\":\"0.3024255532405793-1\"}"
          ],
          "result": "clickElement:null",
          "subLogs": [],
          "duration": 574
        }
      ],
      "duration": -1
    },
    {
      "commandName": "click",
      "args": [
        "[full_recipe.search]"
      ],
      "result": "success",
      "subLogs": [
        {
          "commandName": "findElement",
          "args": [
            "{value=/html/body/div[2]/div/div/div[2]/div/div/div[15]/div[2]/a, using=xpath}"
          ],
          "result": "no such element: Unable to locate element: {\"method\":\"xpath\",\"selector\":\"/html/body/div[2]/div/div/div[2]/div/div/div[15]/div[2]/a\"}\n  (Session info: chrome=81.0.4044.129)\n  (Driver info: chromedriver=81.0.4044.69 (6813546031a4bc83f717a2ef7cd4ac6ec1199132-refs/branch-heads/4044@{#776}),platform=Windows NT 10.0.18362 x86_64) (WARNING: The server did not provide any stacktrace information)\nCommand duration or timeout: 28 milliseconds\nFor documentation on this error, please visit: http://seleniumhq.org/exceptions/no_such_element.html\nBuild info: version: '3.0.0', revision: '350cf60', time: '2016-10-13 10:48:57 -0700'\nSystem info: host: 'DESKTOP-BJ7Q9MK', ip: '192.168.0.23', os.name: 'Windows 10', os.arch: 'amd64', os.version: '10.0', java.version: '1.8.0_211'\nDriver info: com.qmetry.qaf.automation.ui.webdriver.QAFExtendedWebDriver\nCapabilities [{mobileEmulationEnabled=false, timeouts={implicit=0, pageLoad=300000, script=30000}, hasTouchScreen=false, platform=XP, acceptSslCerts=false, goog:chromeOptions={debuggerAddress=localhost:51766}, acceptInsecureCerts=false, webStorageEnabled=true, browserName=chrome, takesScreenshot=true, javascriptEnabled=true, setWindowRect=true, unexpectedAlertBehaviour=ignore, applicationCacheEnabled=false, rotatable=false, networkConnectionEnabled=false, chrome={chromedriverVersion=81.0.4044.69 (6813546031a4bc83f717a2ef7cd4ac6ec1199132-refs/branch-heads/4044@{#776}), userDataDir=C:\\Users\\sjpat\\AppData\\Local\\Temp\\scoped_dir18536_1775230565}, takesHeapSnapshot=true, pageLoadStrategy=normal, strictFileInteractability=false, databaseEnabled=false, handlesAlerts=true, version=81.0.4044.129, browserConnectionEnabled=false, proxy={}, nativeEvents=true, locationContextEnabled=true, cssSelectorsEnabled=true, webauthn:virtualAuthenticators=true}]\nSession ID: 7018d71ba532a9c12b25cd0a1ba7d6b6\n*** Element info: {Using=xpath, value=/html/body/div[2]/div/div/div[2]/div/div/div[15]/div[2]/a}",
          "subLogs": [],
          "duration": 29
        },
        {
          "commandName": "findElement",
          "args": [
            "{value=/html/body/div[2]/div/div/div[2]/div/div/div[15]/div[2]/a, using=xpath}"
          ],
          "result": "no such element: Unable to locate element: {\"method\":\"xpath\",\"selector\":\"/html/body/div[2]/div/div/div[2]/div/div/div[15]/div[2]/a\"}\n  (Session info: chrome=81.0.4044.129)\n  (Driver info: chromedriver=81.0.4044.69 (6813546031a4bc83f717a2ef7cd4ac6ec1199132-refs/branch-heads/4044@{#776}),platform=Windows NT 10.0.18362 x86_64) (WARNING: The server did not provide any stacktrace information)\nCommand duration or timeout: 18 milliseconds\nFor documentation on this error, please visit: http://seleniumhq.org/exceptions/no_such_element.html\nBuild info: version: '3.0.0', revision: '350cf60', time: '2016-10-13 10:48:57 -0700'\nSystem info: host: 'DESKTOP-BJ7Q9MK', ip: '192.168.0.23', os.name: 'Windows 10', os.arch: 'amd64', os.version: '10.0', java.version: '1.8.0_211'\nDriver info: com.qmetry.qaf.automation.ui.webdriver.QAFExtendedWebDriver\nCapabilities [{mobileEmulationEnabled=false, timeouts={implicit=0, pageLoad=300000, script=30000}, hasTouchScreen=false, platform=XP, acceptSslCerts=false, goog:chromeOptions={debuggerAddress=localhost:51766}, acceptInsecureCerts=false, webStorageEnabled=true, browserName=chrome, takesScreenshot=true, javascriptEnabled=true, setWindowRect=true, unexpectedAlertBehaviour=ignore, applicationCacheEnabled=false, rotatable=false, networkConnectionEnabled=false, chrome={chromedriverVersion=81.0.4044.69 (6813546031a4bc83f717a2ef7cd4ac6ec1199132-refs/branch-heads/4044@{#776}), userDataDir=C:\\Users\\sjpat\\AppData\\Local\\Temp\\scoped_dir18536_1775230565}, takesHeapSnapshot=true, pageLoadStrategy=normal, strictFileInteractability=false, databaseEnabled=false, handlesAlerts=true, version=81.0.4044.129, browserConnectionEnabled=false, proxy={}, nativeEvents=true, locationContextEnabled=true, cssSelectorsEnabled=true, webauthn:virtualAuthenticators=true}]\nSession ID: 7018d71ba532a9c12b25cd0a1ba7d6b6\n*** Element info: {Using=xpath, value=/html/body/div[2]/div/div/div[2]/div/div/div[15]/div[2]/a}",
          "subLogs": [],
          "duration": 18
        },
        {
          "commandName": "findElement",
          "args": [
            "{value=/html/body/div[2]/div/div/div[2]/div/div/div[15]/div[2]/a, using=xpath}"
          ],
          "result": "id: 0.08875802977633551-1",
          "subLogs": [],
          "duration": 1801
        },
        {
          "commandName": "findElement",
          "args": [
            "By.xpath: /html/body/div[2]/div/div/div[2]/div/div/div[15]/div[2]/a",
            "{}"
          ],
          "result": "OK",
          "subLogs": [],
          "duration": -1
        },
        {
          "commandName": "clickElement",
          "args": [
            "By.xpath: /html/body/div[2]/div/div/div[2]/div/div/div[15]/div[2]/a",
            "{\"id\":\"0.08875802977633551-1\"}"
          ],
          "result": "clickElement:null",
          "subLogs": [],
          "duration": 222
        }
      ],
      "duration": -1
    },
    {
      "commandName": "getText",
      "args": [
        "[title.search]"
      ],
      "result": "success",
      "subLogs": [
        {
          "commandName": "findElement",
          "args": [
            "{value=/html/body/div[2]/div/div/div[2]/div/div/div[4]/div/h1, using=xpath}"
          ],
          "result": "id: 0.08875802977633551-2",
          "subLogs": [],
          "duration": 24
        },
        {
          "commandName": "findElement",
          "args": [
            "By.xpath: /html/body/div[2]/div/div/div[2]/div/div/div[4]/div/h1",
            "{}"
          ],
          "result": "OK",
          "subLogs": [],
          "duration": -1
        },
        {
          "commandName": "getElementText",
          "args": [
            "By.xpath: /html/body/div[2]/div/div/div[2]/div/div/div[4]/div/h1",
            "{\"id\":\"0.08875802977633551-2\"}"
          ],
          "result": "getElementText:BEST BANANA BREAD",
          "subLogs": [],
          "duration": 167
        }
      ],
      "duration": -1
    },
    {
      "commandName": "assertText",
      "args": [
        "[BEST BANANA BREAD, BEST BANANA BREAD]"
      ],
      "result": "fail",
      "subLogs": [
        {
          "commandName": "findElements",
          "args": [
            "{value=//*[@name='BEST BANANA BREAD' or @id='BEST BANANA BREAD' or @value='BEST BANANA BREAD'], using=xpath}"
          ],
          "result": "[]",
          "subLogs": [],
          "duration": 32
        },
        {
          "commandName": "findElements",
          "args": [
            "{value=//*[@name='BEST BANANA BREAD' or @id='BEST BANANA BREAD' or @value='BEST BANANA BREAD'], using=xpath}"
          ],
          "result": "[]",
          "subLogs": [],
          "duration": 392
        },
        {
          "commandName": "findElements",
          "args": [
            "{value=//*[@name='BEST BANANA BREAD' or @id='BEST BANANA BREAD' or @value='BEST BANANA BREAD'], using=xpath}"
          ],
          "result": "[]",
          "subLogs": [],
          "duration": 24
        },
        {
          "commandName": "findElements",
          "args": [
            "{value=//*[@name='BEST BANANA BREAD' or @id='BEST BANANA BREAD' or @value='BEST BANANA BREAD'], using=xpath}"
          ],
          "result": "[]",
          "subLogs": [],
          "duration": 47
        },
        {
          "commandName": "findElements",
          "args": [
            "{value=//*[@name='BEST BANANA BREAD' or @id='BEST BANANA BREAD' or @value='BEST BANANA BREAD'], using=xpath}"
          ],
          "result": "[]",
          "subLogs": [],
          "duration": 40
        },
        {
          "commandName": "findElements",
          "args": [
            "{value=//*[@name='BEST BANANA BREAD' or @id='BEST BANANA BREAD' or @value='BEST BANANA BREAD'], using=xpath}"
          ],
          "result": "[]",
          "subLogs": [],
          "duration": 37
        },
        {
          "commandName": "findElements",
          "args": [
            "{value=//*[@name='BEST BANANA BREAD' or @id='BEST BANANA BREAD' or @value='BEST BANANA BREAD'], using=xpath}"
          ],
          "result": "[]",
          "subLogs": [],
          "duration": 19
        },
        {
          "commandName": "findElements",
          "args": [
            "{value=//*[@name='BEST BANANA BREAD' or @id='BEST BANANA BREAD' or @value='BEST BANANA BREAD'], using=xpath}"
          ],
          "result": "[]",
          "subLogs": [],
          "duration": 15
        },
        {
          "commandName": "findElements",
          "args": [
            "{value=//*[@name='BEST BANANA BREAD' or @id='BEST BANANA BREAD' or @value='BEST BANANA BREAD'], using=xpath}"
          ],
          "result": "[]",
          "subLogs": [],
          "duration": 37
        },
        {
          "commandName": "findElements",
          "args": [
            "{value=//*[@name='BEST BANANA BREAD' or @id='BEST BANANA BREAD' or @value='BEST BANANA BREAD'], using=xpath}"
          ],
          "result": "[]",
          "subLogs": [],
          "duration": 28
        },
        {
          "commandName": "findElements",
          "args": [
            "{value=//*[@name='BEST BANANA BREAD' or @id='BEST BANANA BREAD' or @value='BEST BANANA BREAD'], using=xpath}"
          ],
          "result": "[]",
          "subLogs": [],
          "duration": 27
        }
      ],
      "duration": -1
    }
  ],
  "checkPoints": [
    {
      "message": "get 'https://www.food.com/'",
      "type": "TestStepPass",
      "duration": 9235,
      "threshold": 0,
      "subCheckPoints": []
    },
    {
      "message": "click on 'recipe.search'",
      "type": "TestStepPass",
      "duration": 2678,
      "threshold": 0,
      "subCheckPoints": []
    },
    {
      "message": "click on 'banana_recipe.search'",
      "type": "TestStepPass",
      "duration": 3383,
      "threshold": 0,
      "subCheckPoints": []
    },
    {
      "message": "click on 'full_recipe.search'",
      "type": "TestStepPass",
      "duration": 4075,
      "threshold": 0,
      "subCheckPoints": []
    },
    {
      "message": "get text of 'title.search'",
      "type": "TestStepPass",
      "duration": 194,
      "threshold": 0,
      "subCheckPoints": []
    },
    {
      "message": "assert 'BEST BANANA BREAD' text is 'BEST BANANA BREAD'",
      "type": "TestStepFail",
      "screenshot": "img/TestRecipeSearch_1qwjds6y8gomi51854.png",
      "duration": 11086,
      "threshold": 0,
      "subCheckPoints": [
        {
          "message": "Expected By.xpath: //*[@name='BEST BANANA BREAD' or @id='BEST BANANA BREAD' or @value='BEST BANANA BREAD'] present : Actual By.xpath: //*[@name='BEST BANANA BREAD' or @id='BEST BANANA BREAD' or @value='BEST BANANA BREAD'] not present",
          "type": "Fail",
          "screenshot": "img/TestRecipeSearch_10f1974l0yova51853.png",
          "duration": 0,
          "threshold": 0,
          "subCheckPoints": []
        },
        {
          "message": "java.lang.AssertionError",
          "type": "Fail",
          "duration": 0,
          "threshold": 0,
          "subCheckPoints": []
        }
      ]
    }
  ],
  "errorTrace": "java.lang.AssertionError\r\n\tat com.qmetry.qaf.automation.ui.webdriver.QAFExtendedWebElement.assertText(QAFExtendedWebElement.java:1131)\r\n\tat com.qmetry.qaf.automation.step.CommonStep.assertText_aroundBody130(CommonStep.java:1780)\r\n\tat com.qmetry.qaf.automation.step.CommonStep$AjcClosure131.run(CommonStep.java:1)\r\n\tat org.aspectj.runtime.reflect.JoinPointImpl.proceed(JoinPointImpl.java:149)\r\n\tat com.qmetry.qaf.automation.step.JavaStepReporter$MockJavaStep.doExecute(JavaStepReporter.java:130)\r\n\tat com.qmetry.qaf.automation.step.BaseTestStep.execute(BaseTestStep.java:149)\r\n\tat com.qmetry.qaf.automation.step.JavaStepReporter.javaTestStep(JavaStepReporter.java:80)\r\n\tat com.qmetry.qaf.automation.step.CommonStep.assertText(CommonStep.java:1779)\r\n\tat qaf.example.tests.SampleTest.testRecipeSearch(SampleTest.java:29)\r\n\tat sun.reflect.NativeMethodAccessorImpl.invoke0(Native Method)\r\n\tat sun.reflect.NativeMethodAccessorImpl.invoke(Unknown Source)\r\n\tat sun.reflect.DelegatingMethodAccessorImpl.invoke(Unknown Source)\r\n\tat java.lang.reflect.Method.invoke(Unknown Source)\r\n\tat org.testng.internal.MethodInvocationHelper.invokeMethod(MethodInvocationHelper.java:104)\r\n\tat org.testng.internal.Invoker.invokeMethod(Invoker.java:645)\r\n\tat org.testng.internal.Invoker.invokeTestMethod(Invoker.java:851)\r\n\tat org.testng.internal.Invoker.invokeTestMethods(Invoker.java:1177)\r\n\tat org.testng.internal.TestMethodWorker.invokeTestMethods(TestMethodWorker.java:129)\r\n\tat org.testng.internal.TestMethodWorker.run(TestMethodWorker.java:112)\r\n\tat org.testng.TestRunner.privateRun(TestRunner.java:778)\r\n\tat org.testng.TestRunner.run(TestRunner.java:632)\r\n\tat org.testng.SuiteRunner.runTest(SuiteRunner.java:387)\r\n\tat org.testng.SuiteRunner.runSequentially(SuiteRunner.java:382)\r\n\tat org.testng.SuiteRunner.privateRun(SuiteRunner.java:340)\r\n\tat org.testng.SuiteRunner.run(SuiteRunner.java:289)\r\n\tat org.testng.SuiteRunnerWorker.runSuite(SuiteRunnerWorker.java:52)\r\n\tat org.testng.SuiteRunnerWorker.run(SuiteRunnerWorker.java:86)\r\n\tat org.testng.TestNG.runSuitesSequentially(TestNG.java:1293)\r\n\tat org.testng.TestNG.runSuitesLocally(TestNG.java:1218)\r\n\tat org.testng.TestNG.runSuites(TestNG.java:1133)\r\n\tat org.testng.TestNG.run(TestNG.java:1104)\r\n\tat org.testng.remote.AbstractRemoteTestNG.run(AbstractRemoteTestNG.java:115)\r\n\tat org.testng.remote.RemoteTestNG.initAndRun(RemoteTestNG.java:251)\r\n\tat org.testng.remote.RemoteTestNG.main(RemoteTestNG.java:77)\r\n"
}