{
  "seleniumLog": [
    {
      "commandName": "get",
      "args": [
        "[https://www.food.com/]"
      ],
      "result": "success",
      "subLogs": [
        {
          "commandName": "get",
          "args": [
            "{url=https://www.food.com/}"
          ],
          "result": "null",
          "subLogs": [],
          "duration": 2817
        }
      ],
      "duration": -1
    },
    {
      "commandName": "click",
      "args": [
        "[recipe.search]"
      ],
      "result": "success",
      "subLogs": [
        {
          "commandName": "findElement",
          "args": [
            "{value=/html/body/div[3]/div[1]/section[1]/header/div/div/div/nav[1]/ul/li[1]/a, using=xpath}"
          ],
          "result": "no such element: Unable to locate element: {\"method\":\"xpath\",\"selector\":\"/html/body/div[3]/div[1]/section[1]/header/div/div/div/nav[1]/ul/li[1]/a\"}\n  (Session info: chrome=81.0.4044.129)\n  (Driver info: chromedriver=81.0.4044.69 (6813546031a4bc83f717a2ef7cd4ac6ec1199132-refs/branch-heads/4044@{#776}),platform=Windows NT 10.0.18362 x86_64) (WARNING: The server did not provide any stacktrace information)\nCommand duration or timeout: 195 milliseconds\nFor documentation on this error, please visit: http://seleniumhq.org/exceptions/no_such_element.html\nBuild info: version: '3.0.0', revision: '350cf60', time: '2016-10-13 10:48:57 -0700'\nSystem info: host: 'DESKTOP-BJ7Q9MK', ip: '192.168.0.23', os.name: 'Windows 10', os.arch: 'amd64', os.version: '10.0', java.version: '1.8.0_211'\nDriver info: com.qmetry.qaf.automation.ui.webdriver.QAFExtendedWebDriver\nCapabilities [{mobileEmulationEnabled=false, timeouts={implicit=0, pageLoad=300000, script=30000}, hasTouchScreen=false, platform=XP, acceptSslCerts=false, goog:chromeOptions={debuggerAddress=localhost:56590}, acceptInsecureCerts=false, webStorageEnabled=true, browserName=chrome, takesScreenshot=true, javascriptEnabled=true, setWindowRect=true, unexpectedAlertBehaviour=ignore, applicationCacheEnabled=false, rotatable=false, networkConnectionEnabled=false, chrome={chromedriverVersion=81.0.4044.69 (6813546031a4bc83f717a2ef7cd4ac6ec1199132-refs/branch-heads/4044@{#776}), userDataDir=C:\\Users\\sjpat\\AppData\\Local\\Temp\\scoped_dir25800_1061910990}, takesHeapSnapshot=true, pageLoadStrategy=normal, strictFileInteractability=false, databaseEnabled=false, handlesAlerts=true, version=81.0.4044.129, browserConnectionEnabled=false, proxy={}, nativeEvents=true, locationContextEnabled=true, cssSelectorsEnabled=true, webauthn:virtualAuthenticators=true}]\nSession ID: ee1bae104ce6cd2896670106f85729d4\n*** Element info: {Using=xpath, value=/html/body/div[3]/div[1]/section[1]/header/div/div/div/nav[1]/ul/li[1]/a}",
          "subLogs": [],
          "duration": 198
        },
        {
          "commandName": "findElement",
          "args": [
            "{value=/html/body/div[3]/div[1]/section[1]/header/div/div/div/nav[1]/ul/li[1]/a, using=xpath}"
          ],
          "result": "id: 0.49841899856547345-1",
          "subLogs": [],
          "duration": 243
        },
        {
          "commandName": "findElement",
          "args": [
            "By.xpath: /html/body/div[3]/div[1]/section[1]/header/div/div/div/nav[1]/ul/li[1]/a",
            "{}"
          ],
          "result": "OK",
          "subLogs": [],
          "duration": -1
        },
        {
          "commandName": "clickElement",
          "args": [
            "By.xpath: /html/body/div[3]/div[1]/section[1]/header/div/div/div/nav[1]/ul/li[1]/a",
            "{\"id\":\"0.49841899856547345-1\"}"
          ],
          "result": "clickElement:null",
          "subLogs": [],
          "duration": 582
        }
      ],
      "duration": -1
    },
    {
      "commandName": "mouseOver",
      "args": [
        "[mouse_over_recipe.search]"
      ],
      "result": "fail",
      "subLogs": [
        {
          "commandName": "findElement",
          "args": [
            "{value=//*[@name='/html/body/div[3]/div[1]/header/div[2]/div/div[1]/div/div[2]/div/a/img' or @id='/html/body/div[3]/div[1]/header/div[2]/div/div[1]/div/div[2]/div/a/img' or @value='/html/body/div[3]/div[1]/header/div[2]/div/div[1]/div/div[2]/div/a/img'], using=xpath}"
          ],
          "result": "no such element: Unable to locate element: {\"method\":\"xpath\",\"selector\":\"//*[@name='/html/body/div[3]/div[1]/header/div[2]/div/div[1]/div/div[2]/div/a/img' or @id='/html/body/div[3]/div[1]/header/div[2]/div/div[1]/div/div[2]/div/a/img' or @value='/html/body/div[3]/div[1]/header/div[2]/div/div[1]/div/div[2]/div/a/img']\"}\n  (Session info: chrome=81.0.4044.129)\n  (Driver info: chromedriver=81.0.4044.69 (6813546031a4bc83f717a2ef7cd4ac6ec1199132-refs/branch-heads/4044@{#776}),platform=Windows NT 10.0.18362 x86_64) (WARNING: The server did not provide any stacktrace information)\nCommand duration or timeout: 233 milliseconds\nFor documentation on this error, please visit: http://seleniumhq.org/exceptions/no_such_element.html\nBuild info: version: '3.0.0', revision: '350cf60', time: '2016-10-13 10:48:57 -0700'\nSystem info: host: 'DESKTOP-BJ7Q9MK', ip: '192.168.0.23', os.name: 'Windows 10', os.arch: 'amd64', os.version: '10.0', java.version: '1.8.0_211'\nDriver info: com.qmetry.qaf.automation.ui.webdriver.QAFExtendedWebDriver\nCapabilities [{mobileEmulationEnabled=false, timeouts={implicit=0, pageLoad=300000, script=30000}, hasTouchScreen=false, platform=XP, acceptSslCerts=false, goog:chromeOptions={debuggerAddress=localhost:56590}, acceptInsecureCerts=false, webStorageEnabled=true, browserName=chrome, takesScreenshot=true, javascriptEnabled=true, setWindowRect=true, unexpectedAlertBehaviour=ignore, applicationCacheEnabled=false, rotatable=false, networkConnectionEnabled=false, chrome={chromedriverVersion=81.0.4044.69 (6813546031a4bc83f717a2ef7cd4ac6ec1199132-refs/branch-heads/4044@{#776}), userDataDir=C:\\Users\\sjpat\\AppData\\Local\\Temp\\scoped_dir25800_1061910990}, takesHeapSnapshot=true, pageLoadStrategy=normal, strictFileInteractability=false, databaseEnabled=false, handlesAlerts=true, version=81.0.4044.129, browserConnectionEnabled=false, proxy={}, nativeEvents=true, locationContextEnabled=true, cssSelectorsEnabled=true, webauthn:virtualAuthenticators=true}]\nSession ID: ee1bae104ce6cd2896670106f85729d4\n*** Element info: {Using=xpath, value=//*[@name='/html/body/div[3]/div[1]/header/div[2]/div/div[1]/div/div[2]/div/a/img' or @id='/html/body/div[3]/div[1]/header/div[2]/div/div[1]/div/div[2]/div/a/img' or @value='/html/body/div[3]/div[1]/header/div[2]/div/div[1]/div/div[2]/div/a/img']}",
          "subLogs": [],
          "duration": 233
        },
        {
          "commandName": "findElement",
          "args": [
            "{value=//*[@name='/html/body/div[3]/div[1]/header/div[2]/div/div[1]/div/div[2]/div/a/img' or @id='/html/body/div[3]/div[1]/header/div[2]/div/div[1]/div/div[2]/div/a/img' or @value='/html/body/div[3]/div[1]/header/div[2]/div/div[1]/div/div[2]/div/a/img'], using=xpath}"
          ],
          "result": "no such element: Unable to locate element: {\"method\":\"xpath\",\"selector\":\"//*[@name='/html/body/div[3]/div[1]/header/div[2]/div/div[1]/div/div[2]/div/a/img' or @id='/html/body/div[3]/div[1]/header/div[2]/div/div[1]/div/div[2]/div/a/img' or @value='/html/body/div[3]/div[1]/header/div[2]/div/div[1]/div/div[2]/div/a/img']\"}\n  (Session info: chrome=81.0.4044.129)\n  (Driver info: chromedriver=81.0.4044.69 (6813546031a4bc83f717a2ef7cd4ac6ec1199132-refs/branch-heads/4044@{#776}),platform=Windows NT 10.0.18362 x86_64) (WARNING: The server did not provide any stacktrace information)\nCommand duration or timeout: 266 milliseconds\nFor documentation on this error, please visit: http://seleniumhq.org/exceptions/no_such_element.html\nBuild info: version: '3.0.0', revision: '350cf60', time: '2016-10-13 10:48:57 -0700'\nSystem info: host: 'DESKTOP-BJ7Q9MK', ip: '192.168.0.23', os.name: 'Windows 10', os.arch: 'amd64', os.version: '10.0', java.version: '1.8.0_211'\nDriver info: com.qmetry.qaf.automation.ui.webdriver.QAFExtendedWebDriver\nCapabilities [{mobileEmulationEnabled=false, timeouts={implicit=0, pageLoad=300000, script=30000}, hasTouchScreen=false, platform=XP, acceptSslCerts=false, goog:chromeOptions={debuggerAddress=localhost:56590}, acceptInsecureCerts=false, webStorageEnabled=true, browserName=chrome, takesScreenshot=true, javascriptEnabled=true, setWindowRect=true, unexpectedAlertBehaviour=ignore, applicationCacheEnabled=false, rotatable=false, networkConnectionEnabled=false, chrome={chromedriverVersion=81.0.4044.69 (6813546031a4bc83f717a2ef7cd4ac6ec1199132-refs/branch-heads/4044@{#776}), userDataDir=C:\\Users\\sjpat\\AppData\\Local\\Temp\\scoped_dir25800_1061910990}, takesHeapSnapshot=true, pageLoadStrategy=normal, strictFileInteractability=false, databaseEnabled=false, handlesAlerts=true, version=81.0.4044.129, browserConnectionEnabled=false, proxy={}, nativeEvents=true, locationContextEnabled=true, cssSelectorsEnabled=true, webauthn:virtualAuthenticators=true}]\nSession ID: ee1bae104ce6cd2896670106f85729d4\n*** Element info: {Using=xpath, value=//*[@name='/html/body/div[3]/div[1]/header/div[2]/div/div[1]/div/div[2]/div/a/img' or @id='/html/body/div[3]/div[1]/header/div[2]/div/div[1]/div/div[2]/div/a/img' or @value='/html/body/div[3]/div[1]/header/div[2]/div/div[1]/div/div[2]/div/a/img']}",
          "subLogs": [],
          "duration": 267
        },
        {
          "commandName": "findElement",
          "args": [
            "{value=//*[@name='/html/body/div[3]/div[1]/header/div[2]/div/div[1]/div/div[2]/div/a/img' or @id='/html/body/div[3]/div[1]/header/div[2]/div/div[1]/div/div[2]/div/a/img' or @value='/html/body/div[3]/div[1]/header/div[2]/div/div[1]/div/div[2]/div/a/img'], using=xpath}"
          ],
          "result": "no such element: Unable to locate element: {\"method\":\"xpath\",\"selector\":\"//*[@name='/html/body/div[3]/div[1]/header/div[2]/div/div[1]/div/div[2]/div/a/img' or @id='/html/body/div[3]/div[1]/header/div[2]/div/div[1]/div/div[2]/div/a/img' or @value='/html/body/div[3]/div[1]/header/div[2]/div/div[1]/div/div[2]/div/a/img']\"}\n  (Session info: chrome=81.0.4044.129)\n  (Driver info: chromedriver=81.0.4044.69 (6813546031a4bc83f717a2ef7cd4ac6ec1199132-refs/branch-heads/4044@{#776}),platform=Windows NT 10.0.18362 x86_64) (WARNING: The server did not provide any stacktrace information)\nCommand duration or timeout: 144 milliseconds\nFor documentation on this error, please visit: http://seleniumhq.org/exceptions/no_such_element.html\nBuild info: version: '3.0.0', revision: '350cf60', time: '2016-10-13 10:48:57 -0700'\nSystem info: host: 'DESKTOP-BJ7Q9MK', ip: '192.168.0.23', os.name: 'Windows 10', os.arch: 'amd64', os.version: '10.0', java.version: '1.8.0_211'\nDriver info: com.qmetry.qaf.automation.ui.webdriver.QAFExtendedWebDriver\nCapabilities [{mobileEmulationEnabled=false, timeouts={implicit=0, pageLoad=300000, script=30000}, hasTouchScreen=false, platform=XP, acceptSslCerts=false, goog:chromeOptions={debuggerAddress=localhost:56590}, acceptInsecureCerts=false, webStorageEnabled=true, browserName=chrome, takesScreenshot=true, javascriptEnabled=true, setWindowRect=true, unexpectedAlertBehaviour=ignore, applicationCacheEnabled=false, rotatable=false, networkConnectionEnabled=false, chrome={chromedriverVersion=81.0.4044.69 (6813546031a4bc83f717a2ef7cd4ac6ec1199132-refs/branch-heads/4044@{#776}), userDataDir=C:\\Users\\sjpat\\AppData\\Local\\Temp\\scoped_dir25800_1061910990}, takesHeapSnapshot=true, pageLoadStrategy=normal, strictFileInteractability=false, databaseEnabled=false, handlesAlerts=true, version=81.0.4044.129, browserConnectionEnabled=false, proxy={}, nativeEvents=true, locationContextEnabled=true, cssSelectorsEnabled=true, webauthn:virtualAuthenticators=true}]\nSession ID: ee1bae104ce6cd2896670106f85729d4\n*** Element info: {Using=xpath, value=//*[@name='/html/body/div[3]/div[1]/header/div[2]/div/div[1]/div/div[2]/div/a/img' or @id='/html/body/div[3]/div[1]/header/div[2]/div/div[1]/div/div[2]/div/a/img' or @value='/html/body/div[3]/div[1]/header/div[2]/div/div[1]/div/div[2]/div/a/img']}",
          "subLogs": [],
          "duration": 145
        },
        {
          "commandName": "findElement",
          "args": [
            "{value=//*[@name='/html/body/div[3]/div[1]/header/div[2]/div/div[1]/div/div[2]/div/a/img' or @id='/html/body/div[3]/div[1]/header/div[2]/div/div[1]/div/div[2]/div/a/img' or @value='/html/body/div[3]/div[1]/header/div[2]/div/div[1]/div/div[2]/div/a/img'], using=xpath}"
          ],
          "result": "no such element: Unable to locate element: {\"method\":\"xpath\",\"selector\":\"//*[@name='/html/body/div[3]/div[1]/header/div[2]/div/div[1]/div/div[2]/div/a/img' or @id='/html/body/div[3]/div[1]/header/div[2]/div/div[1]/div/div[2]/div/a/img' or @value='/html/body/div[3]/div[1]/header/div[2]/div/div[1]/div/div[2]/div/a/img']\"}\n  (Session info: chrome=81.0.4044.129)\n  (Driver info: chromedriver=81.0.4044.69 (6813546031a4bc83f717a2ef7cd4ac6ec1199132-refs/branch-heads/4044@{#776}),platform=Windows NT 10.0.18362 x86_64) (WARNING: The server did not provide any stacktrace information)\nCommand duration or timeout: 31 milliseconds\nFor documentation on this error, please visit: http://seleniumhq.org/exceptions/no_such_element.html\nBuild info: version: '3.0.0', revision: '350cf60', time: '2016-10-13 10:48:57 -0700'\nSystem info: host: 'DESKTOP-BJ7Q9MK', ip: '192.168.0.23', os.name: 'Windows 10', os.arch: 'amd64', os.version: '10.0', java.version: '1.8.0_211'\nDriver info: com.qmetry.qaf.automation.ui.webdriver.QAFExtendedWebDriver\nCapabilities [{mobileEmulationEnabled=false, timeouts={implicit=0, pageLoad=300000, script=30000}, hasTouchScreen=false, platform=XP, acceptSslCerts=false, goog:chromeOptions={debuggerAddress=localhost:56590}, acceptInsecureCerts=false, webStorageEnabled=true, browserName=chrome, takesScreenshot=true, javascriptEnabled=true, setWindowRect=true, unexpectedAlertBehaviour=ignore, applicationCacheEnabled=false, rotatable=false, networkConnectionEnabled=false, chrome={chromedriverVersion=81.0.4044.69 (6813546031a4bc83f717a2ef7cd4ac6ec1199132-refs/branch-heads/4044@{#776}), userDataDir=C:\\Users\\sjpat\\AppData\\Local\\Temp\\scoped_dir25800_1061910990}, takesHeapSnapshot=true, pageLoadStrategy=normal, strictFileInteractability=false, databaseEnabled=false, handlesAlerts=true, version=81.0.4044.129, browserConnectionEnabled=false, proxy={}, nativeEvents=true, locationContextEnabled=true, cssSelectorsEnabled=true, webauthn:virtualAuthenticators=true}]\nSession ID: ee1bae104ce6cd2896670106f85729d4\n*** Element info: {Using=xpath, value=//*[@name='/html/body/div[3]/div[1]/header/div[2]/div/div[1]/div/div[2]/div/a/img' or @id='/html/body/div[3]/div[1]/header/div[2]/div/div[1]/div/div[2]/div/a/img' or @value='/html/body/div[3]/div[1]/header/div[2]/div/div[1]/div/div[2]/div/a/img']}",
          "subLogs": [],
          "duration": 31
        },
        {
          "commandName": "findElement",
          "args": [
            "{value=//*[@name='/html/body/div[3]/div[1]/header/div[2]/div/div[1]/div/div[2]/div/a/img' or @id='/html/body/div[3]/div[1]/header/div[2]/div/div[1]/div/div[2]/div/a/img' or @value='/html/body/div[3]/div[1]/header/div[2]/div/div[1]/div/div[2]/div/a/img'], using=xpath}"
          ],
          "result": "no such element: Unable to locate element: {\"method\":\"xpath\",\"selector\":\"//*[@name='/html/body/div[3]/div[1]/header/div[2]/div/div[1]/div/div[2]/div/a/img' or @id='/html/body/div[3]/div[1]/header/div[2]/div/div[1]/div/div[2]/div/a/img' or @value='/html/body/div[3]/div[1]/header/div[2]/div/div[1]/div/div[2]/div/a/img']\"}\n  (Session info: chrome=81.0.4044.129)\n  (Driver info: chromedriver=81.0.4044.69 (6813546031a4bc83f717a2ef7cd4ac6ec1199132-refs/branch-heads/4044@{#776}),platform=Windows NT 10.0.18362 x86_64) (WARNING: The server did not provide any stacktrace information)\nCommand duration or timeout: 11 milliseconds\nFor documentation on this error, please visit: http://seleniumhq.org/exceptions/no_such_element.html\nBuild info: version: '3.0.0', revision: '350cf60', time: '2016-10-13 10:48:57 -0700'\nSystem info: host: 'DESKTOP-BJ7Q9MK', ip: '192.168.0.23', os.name: 'Windows 10', os.arch: 'amd64', os.version: '10.0', java.version: '1.8.0_211'\nDriver info: com.qmetry.qaf.automation.ui.webdriver.QAFExtendedWebDriver\nCapabilities [{mobileEmulationEnabled=false, timeouts={implicit=0, pageLoad=300000, script=30000}, hasTouchScreen=false, platform=XP, acceptSslCerts=false, goog:chromeOptions={debuggerAddress=localhost:56590}, acceptInsecureCerts=false, webStorageEnabled=true, browserName=chrome, takesScreenshot=true, javascriptEnabled=true, setWindowRect=true, unexpectedAlertBehaviour=ignore, applicationCacheEnabled=false, rotatable=false, networkConnectionEnabled=false, chrome={chromedriverVersion=81.0.4044.69 (6813546031a4bc83f717a2ef7cd4ac6ec1199132-refs/branch-heads/4044@{#776}), userDataDir=C:\\Users\\sjpat\\AppData\\Local\\Temp\\scoped_dir25800_1061910990}, takesHeapSnapshot=true, pageLoadStrategy=normal, strictFileInteractability=false, databaseEnabled=false, handlesAlerts=true, version=81.0.4044.129, browserConnectionEnabled=false, proxy={}, nativeEvents=true, locationContextEnabled=true, cssSelectorsEnabled=true, webauthn:virtualAuthenticators=true}]\nSession ID: ee1bae104ce6cd2896670106f85729d4\n*** Element info: {Using=xpath, value=//*[@name='/html/body/div[3]/div[1]/header/div[2]/div/div[1]/div/div[2]/div/a/img' or @id='/html/body/div[3]/div[1]/header/div[2]/div/div[1]/div/div[2]/div/a/img' or @value='/html/body/div[3]/div[1]/header/div[2]/div/div[1]/div/div[2]/div/a/img']}",
          "subLogs": [],
          "duration": 12
        },
        {
          "commandName": "findElement",
          "args": [
            "{value=//*[@name='/html/body/div[3]/div[1]/header/div[2]/div/div[1]/div/div[2]/div/a/img' or @id='/html/body/div[3]/div[1]/header/div[2]/div/div[1]/div/div[2]/div/a/img' or @value='/html/body/div[3]/div[1]/header/div[2]/div/div[1]/div/div[2]/div/a/img'], using=xpath}"
          ],
          "result": "no such element: Unable to locate element: {\"method\":\"xpath\",\"selector\":\"//*[@name='/html/body/div[3]/div[1]/header/div[2]/div/div[1]/div/div[2]/div/a/img' or @id='/html/body/div[3]/div[1]/header/div[2]/div/div[1]/div/div[2]/div/a/img' or @value='/html/body/div[3]/div[1]/header/div[2]/div/div[1]/div/div[2]/div/a/img']\"}\n  (Session info: chrome=81.0.4044.129)\n  (Driver info: chromedriver=81.0.4044.69 (6813546031a4bc83f717a2ef7cd4ac6ec1199132-refs/branch-heads/4044@{#776}),platform=Windows NT 10.0.18362 x86_64) (WARNING: The server did not provide any stacktrace information)\nCommand duration or timeout: 59 milliseconds\nFor documentation on this error, please visit: http://seleniumhq.org/exceptions/no_such_element.html\nBuild info: version: '3.0.0', revision: '350cf60', time: '2016-10-13 10:48:57 -0700'\nSystem info: host: 'DESKTOP-BJ7Q9MK', ip: '192.168.0.23', os.name: 'Windows 10', os.arch: 'amd64', os.version: '10.0', java.version: '1.8.0_211'\nDriver info: com.qmetry.qaf.automation.ui.webdriver.QAFExtendedWebDriver\nCapabilities [{mobileEmulationEnabled=false, timeouts={implicit=0, pageLoad=300000, script=30000}, hasTouchScreen=false, platform=XP, acceptSslCerts=false, goog:chromeOptions={debuggerAddress=localhost:56590}, acceptInsecureCerts=false, webStorageEnabled=true, browserName=chrome, takesScreenshot=true, javascriptEnabled=true, setWindowRect=true, unexpectedAlertBehaviour=ignore, applicationCacheEnabled=false, rotatable=false, networkConnectionEnabled=false, chrome={chromedriverVersion=81.0.4044.69 (6813546031a4bc83f717a2ef7cd4ac6ec1199132-refs/branch-heads/4044@{#776}), userDataDir=C:\\Users\\sjpat\\AppData\\Local\\Temp\\scoped_dir25800_1061910990}, takesHeapSnapshot=true, pageLoadStrategy=normal, strictFileInteractability=false, databaseEnabled=false, handlesAlerts=true, version=81.0.4044.129, browserConnectionEnabled=false, proxy={}, nativeEvents=true, locationContextEnabled=true, cssSelectorsEnabled=true, webauthn:virtualAuthenticators=true}]\nSession ID: ee1bae104ce6cd2896670106f85729d4\n*** Element info: {Using=xpath, value=//*[@name='/html/body/div[3]/div[1]/header/div[2]/div/div[1]/div/div[2]/div/a/img' or @id='/html/body/div[3]/div[1]/header/div[2]/div/div[1]/div/div[2]/div/a/img' or @value='/html/body/div[3]/div[1]/header/div[2]/div/div[1]/div/div[2]/div/a/img']}",
          "subLogs": [],
          "duration": 59
        },
        {
          "commandName": "findElement",
          "args": [
            "{value=//*[@name='/html/body/div[3]/div[1]/header/div[2]/div/div[1]/div/div[2]/div/a/img' or @id='/html/body/div[3]/div[1]/header/div[2]/div/div[1]/div/div[2]/div/a/img' or @value='/html/body/div[3]/div[1]/header/div[2]/div/div[1]/div/div[2]/div/a/img'], using=xpath}"
          ],
          "result": "no such element: Unable to locate element: {\"method\":\"xpath\",\"selector\":\"//*[@name='/html/body/div[3]/div[1]/header/div[2]/div/div[1]/div/div[2]/div/a/img' or @id='/html/body/div[3]/div[1]/header/div[2]/div/div[1]/div/div[2]/div/a/img' or @value='/html/body/div[3]/div[1]/header/div[2]/div/div[1]/div/div[2]/div/a/img']\"}\n  (Session info: chrome=81.0.4044.129)\n  (Driver info: chromedriver=81.0.4044.69 (6813546031a4bc83f717a2ef7cd4ac6ec1199132-refs/branch-heads/4044@{#776}),platform=Windows NT 10.0.18362 x86_64) (WARNING: The server did not provide any stacktrace information)\nCommand duration or timeout: 27 milliseconds\nFor documentation on this error, please visit: http://seleniumhq.org/exceptions/no_such_element.html\nBuild info: version: '3.0.0', revision: '350cf60', time: '2016-10-13 10:48:57 -0700'\nSystem info: host: 'DESKTOP-BJ7Q9MK', ip: '192.168.0.23', os.name: 'Windows 10', os.arch: 'amd64', os.version: '10.0', java.version: '1.8.0_211'\nDriver info: com.qmetry.qaf.automation.ui.webdriver.QAFExtendedWebDriver\nCapabilities [{mobileEmulationEnabled=false, timeouts={implicit=0, pageLoad=300000, script=30000}, hasTouchScreen=false, platform=XP, acceptSslCerts=false, goog:chromeOptions={debuggerAddress=localhost:56590}, acceptInsecureCerts=false, webStorageEnabled=true, browserName=chrome, takesScreenshot=true, javascriptEnabled=true, setWindowRect=true, unexpectedAlertBehaviour=ignore, applicationCacheEnabled=false, rotatable=false, networkConnectionEnabled=false, chrome={chromedriverVersion=81.0.4044.69 (6813546031a4bc83f717a2ef7cd4ac6ec1199132-refs/branch-heads/4044@{#776}), userDataDir=C:\\Users\\sjpat\\AppData\\Local\\Temp\\scoped_dir25800_1061910990}, takesHeapSnapshot=true, pageLoadStrategy=normal, strictFileInteractability=false, databaseEnabled=false, handlesAlerts=true, version=81.0.4044.129, browserConnectionEnabled=false, proxy={}, nativeEvents=true, locationContextEnabled=true, cssSelectorsEnabled=true, webauthn:virtualAuthenticators=true}]\nSession ID: ee1bae104ce6cd2896670106f85729d4\n*** Element info: {Using=xpath, value=//*[@name='/html/body/div[3]/div[1]/header/div[2]/div/div[1]/div/div[2]/div/a/img' or @id='/html/body/div[3]/div[1]/header/div[2]/div/div[1]/div/div[2]/div/a/img' or @value='/html/body/div[3]/div[1]/header/div[2]/div/div[1]/div/div[2]/div/a/img']}",
          "subLogs": [],
          "duration": 27
        },
        {
          "commandName": "findElement",
          "args": [
            "{value=//*[@name='/html/body/div[3]/div[1]/header/div[2]/div/div[1]/div/div[2]/div/a/img' or @id='/html/body/div[3]/div[1]/header/div[2]/div/div[1]/div/div[2]/div/a/img' or @value='/html/body/div[3]/div[1]/header/div[2]/div/div[1]/div/div[2]/div/a/img'], using=xpath}"
          ],
          "result": "no such element: Unable to locate element: {\"method\":\"xpath\",\"selector\":\"//*[@name='/html/body/div[3]/div[1]/header/div[2]/div/div[1]/div/div[2]/div/a/img' or @id='/html/body/div[3]/div[1]/header/div[2]/div/div[1]/div/div[2]/div/a/img' or @value='/html/body/div[3]/div[1]/header/div[2]/div/div[1]/div/div[2]/div/a/img']\"}\n  (Session info: chrome=81.0.4044.129)\n  (Driver info: chromedriver=81.0.4044.69 (6813546031a4bc83f717a2ef7cd4ac6ec1199132-refs/branch-heads/4044@{#776}),platform=Windows NT 10.0.18362 x86_64) (WARNING: The server did not provide any stacktrace information)\nCommand duration or timeout: 11 milliseconds\nFor documentation on this error, please visit: http://seleniumhq.org/exceptions/no_such_element.html\nBuild info: version: '3.0.0', revision: '350cf60', time: '2016-10-13 10:48:57 -0700'\nSystem info: host: 'DESKTOP-BJ7Q9MK', ip: '192.168.0.23', os.name: 'Windows 10', os.arch: 'amd64', os.version: '10.0', java.version: '1.8.0_211'\nDriver info: com.qmetry.qaf.automation.ui.webdriver.QAFExtendedWebDriver\nCapabilities [{mobileEmulationEnabled=false, timeouts={implicit=0, pageLoad=300000, script=30000}, hasTouchScreen=false, platform=XP, acceptSslCerts=false, goog:chromeOptions={debuggerAddress=localhost:56590}, acceptInsecureCerts=false, webStorageEnabled=true, browserName=chrome, takesScreenshot=true, javascriptEnabled=true, setWindowRect=true, unexpectedAlertBehaviour=ignore, applicationCacheEnabled=false, rotatable=false, networkConnectionEnabled=false, chrome={chromedriverVersion=81.0.4044.69 (6813546031a4bc83f717a2ef7cd4ac6ec1199132-refs/branch-heads/4044@{#776}), userDataDir=C:\\Users\\sjpat\\AppData\\Local\\Temp\\scoped_dir25800_1061910990}, takesHeapSnapshot=true, pageLoadStrategy=normal, strictFileInteractability=false, databaseEnabled=false, handlesAlerts=true, version=81.0.4044.129, browserConnectionEnabled=false, proxy={}, nativeEvents=true, locationContextEnabled=true, cssSelectorsEnabled=true, webauthn:virtualAuthenticators=true}]\nSession ID: ee1bae104ce6cd2896670106f85729d4\n*** Element info: {Using=xpath, value=//*[@name='/html/body/div[3]/div[1]/header/div[2]/div/div[1]/div/div[2]/div/a/img' or @id='/html/body/div[3]/div[1]/header/div[2]/div/div[1]/div/div[2]/div/a/img' or @value='/html/body/div[3]/div[1]/header/div[2]/div/div[1]/div/div[2]/div/a/img']}",
          "subLogs": [],
          "duration": 11
        },
        {
          "commandName": "findElement",
          "args": [
            "{value=//*[@name='/html/body/div[3]/div[1]/header/div[2]/div/div[1]/div/div[2]/div/a/img' or @id='/html/body/div[3]/div[1]/header/div[2]/div/div[1]/div/div[2]/div/a/img' or @value='/html/body/div[3]/div[1]/header/div[2]/div/div[1]/div/div[2]/div/a/img'], using=xpath}"
          ],
          "result": "no such element: Unable to locate element: {\"method\":\"xpath\",\"selector\":\"//*[@name='/html/body/div[3]/div[1]/header/div[2]/div/div[1]/div/div[2]/div/a/img' or @id='/html/body/div[3]/div[1]/header/div[2]/div/div[1]/div/div[2]/div/a/img' or @value='/html/body/div[3]/div[1]/header/div[2]/div/div[1]/div/div[2]/div/a/img']\"}\n  (Session info: chrome=81.0.4044.129)\n  (Driver info: chromedriver=81.0.4044.69 (6813546031a4bc83f717a2ef7cd4ac6ec1199132-refs/branch-heads/4044@{#776}),platform=Windows NT 10.0.18362 x86_64) (WARNING: The server did not provide any stacktrace information)\nCommand duration or timeout: 13 milliseconds\nFor documentation on this error, please visit: http://seleniumhq.org/exceptions/no_such_element.html\nBuild info: version: '3.0.0', revision: '350cf60', time: '2016-10-13 10:48:57 -0700'\nSystem info: host: 'DESKTOP-BJ7Q9MK', ip: '192.168.0.23', os.name: 'Windows 10', os.arch: 'amd64', os.version: '10.0', java.version: '1.8.0_211'\nDriver info: com.qmetry.qaf.automation.ui.webdriver.QAFExtendedWebDriver\nCapabilities [{mobileEmulationEnabled=false, timeouts={implicit=0, pageLoad=300000, script=30000}, hasTouchScreen=false, platform=XP, acceptSslCerts=false, goog:chromeOptions={debuggerAddress=localhost:56590}, acceptInsecureCerts=false, webStorageEnabled=true, browserName=chrome, takesScreenshot=true, javascriptEnabled=true, setWindowRect=true, unexpectedAlertBehaviour=ignore, applicationCacheEnabled=false, rotatable=false, networkConnectionEnabled=false, chrome={chromedriverVersion=81.0.4044.69 (6813546031a4bc83f717a2ef7cd4ac6ec1199132-refs/branch-heads/4044@{#776}), userDataDir=C:\\Users\\sjpat\\AppData\\Local\\Temp\\scoped_dir25800_1061910990}, takesHeapSnapshot=true, pageLoadStrategy=normal, strictFileInteractability=false, databaseEnabled=false, handlesAlerts=true, version=81.0.4044.129, browserConnectionEnabled=false, proxy={}, nativeEvents=true, locationContextEnabled=true, cssSelectorsEnabled=true, webauthn:virtualAuthenticators=true}]\nSession ID: ee1bae104ce6cd2896670106f85729d4\n*** Element info: {Using=xpath, value=//*[@name='/html/body/div[3]/div[1]/header/div[2]/div/div[1]/div/div[2]/div/a/img' or @id='/html/body/div[3]/div[1]/header/div[2]/div/div[1]/div/div[2]/div/a/img' or @value='/html/body/div[3]/div[1]/header/div[2]/div/div[1]/div/div[2]/div/a/img']}",
          "subLogs": [],
          "duration": 13
        },
        {
          "commandName": "findElement",
          "args": [
            "{value=//*[@name='/html/body/div[3]/div[1]/header/div[2]/div/div[1]/div/div[2]/div/a/img' or @id='/html/body/div[3]/div[1]/header/div[2]/div/div[1]/div/div[2]/div/a/img' or @value='/html/body/div[3]/div[1]/header/div[2]/div/div[1]/div/div[2]/div/a/img'], using=xpath}"
          ],
          "result": "no such element: Unable to locate element: {\"method\":\"xpath\",\"selector\":\"//*[@name='/html/body/div[3]/div[1]/header/div[2]/div/div[1]/div/div[2]/div/a/img' or @id='/html/body/div[3]/div[1]/header/div[2]/div/div[1]/div/div[2]/div/a/img' or @value='/html/body/div[3]/div[1]/header/div[2]/div/div[1]/div/div[2]/div/a/img']\"}\n  (Session info: chrome=81.0.4044.129)\n  (Driver info: chromedriver=81.0.4044.69 (6813546031a4bc83f717a2ef7cd4ac6ec1199132-refs/branch-heads/4044@{#776}),platform=Windows NT 10.0.18362 x86_64) (WARNING: The server did not provide any stacktrace information)\nCommand duration or timeout: 36 milliseconds\nFor documentation on this error, please visit: http://seleniumhq.org/exceptions/no_such_element.html\nBuild info: version: '3.0.0', revision: '350cf60', time: '2016-10-13 10:48:57 -0700'\nSystem info: host: 'DESKTOP-BJ7Q9MK', ip: '192.168.0.23', os.name: 'Windows 10', os.arch: 'amd64', os.version: '10.0', java.version: '1.8.0_211'\nDriver info: com.qmetry.qaf.automation.ui.webdriver.QAFExtendedWebDriver\nCapabilities [{mobileEmulationEnabled=false, timeouts={implicit=0, pageLoad=300000, script=30000}, hasTouchScreen=false, platform=XP, acceptSslCerts=false, goog:chromeOptions={debuggerAddress=localhost:56590}, acceptInsecureCerts=false, webStorageEnabled=true, browserName=chrome, takesScreenshot=true, javascriptEnabled=true, setWindowRect=true, unexpectedAlertBehaviour=ignore, applicationCacheEnabled=false, rotatable=false, networkConnectionEnabled=false, chrome={chromedriverVersion=81.0.4044.69 (6813546031a4bc83f717a2ef7cd4ac6ec1199132-refs/branch-heads/4044@{#776}), userDataDir=C:\\Users\\sjpat\\AppData\\Local\\Temp\\scoped_dir25800_1061910990}, takesHeapSnapshot=true, pageLoadStrategy=normal, strictFileInteractability=false, databaseEnabled=false, handlesAlerts=true, version=81.0.4044.129, browserConnectionEnabled=false, proxy={}, nativeEvents=true, locationContextEnabled=true, cssSelectorsEnabled=true, webauthn:virtualAuthenticators=true}]\nSession ID: ee1bae104ce6cd2896670106f85729d4\n*** Element info: {Using=xpath, value=//*[@name='/html/body/div[3]/div[1]/header/div[2]/div/div[1]/div/div[2]/div/a/img' or @id='/html/body/div[3]/div[1]/header/div[2]/div/div[1]/div/div[2]/div/a/img' or @value='/html/body/div[3]/div[1]/header/div[2]/div/div[1]/div/div[2]/div/a/img']}",
          "subLogs": [],
          "duration": 37
        },
        {
          "commandName": "findElement",
          "args": [
            "{value=//*[@name='/html/body/div[3]/div[1]/header/div[2]/div/div[1]/div/div[2]/div/a/img' or @id='/html/body/div[3]/div[1]/header/div[2]/div/div[1]/div/div[2]/div/a/img' or @value='/html/body/div[3]/div[1]/header/div[2]/div/div[1]/div/div[2]/div/a/img'], using=xpath}"
          ],
          "result": "no such element: Unable to locate element: {\"method\":\"xpath\",\"selector\":\"//*[@name='/html/body/div[3]/div[1]/header/div[2]/div/div[1]/div/div[2]/div/a/img' or @id='/html/body/div[3]/div[1]/header/div[2]/div/div[1]/div/div[2]/div/a/img' or @value='/html/body/div[3]/div[1]/header/div[2]/div/div[1]/div/div[2]/div/a/img']\"}\n  (Session info: chrome=81.0.4044.129)\n  (Driver info: chromedriver=81.0.4044.69 (6813546031a4bc83f717a2ef7cd4ac6ec1199132-refs/branch-heads/4044@{#776}),platform=Windows NT 10.0.18362 x86_64) (WARNING: The server did not provide any stacktrace information)\nCommand duration or timeout: 18 milliseconds\nFor documentation on this error, please visit: http://seleniumhq.org/exceptions/no_such_element.html\nBuild info: version: '3.0.0', revision: '350cf60', time: '2016-10-13 10:48:57 -0700'\nSystem info: host: 'DESKTOP-BJ7Q9MK', ip: '192.168.0.23', os.name: 'Windows 10', os.arch: 'amd64', os.version: '10.0', java.version: '1.8.0_211'\nDriver info: com.qmetry.qaf.automation.ui.webdriver.QAFExtendedWebDriver\nCapabilities [{mobileEmulationEnabled=false, timeouts={implicit=0, pageLoad=300000, script=30000}, hasTouchScreen=false, platform=XP, acceptSslCerts=false, goog:chromeOptions={debuggerAddress=localhost:56590}, acceptInsecureCerts=false, webStorageEnabled=true, browserName=chrome, takesScreenshot=true, javascriptEnabled=true, setWindowRect=true, unexpectedAlertBehaviour=ignore, applicationCacheEnabled=false, rotatable=false, networkConnectionEnabled=false, chrome={chromedriverVersion=81.0.4044.69 (6813546031a4bc83f717a2ef7cd4ac6ec1199132-refs/branch-heads/4044@{#776}), userDataDir=C:\\Users\\sjpat\\AppData\\Local\\Temp\\scoped_dir25800_1061910990}, takesHeapSnapshot=true, pageLoadStrategy=normal, strictFileInteractability=false, databaseEnabled=false, handlesAlerts=true, version=81.0.4044.129, browserConnectionEnabled=false, proxy={}, nativeEvents=true, locationContextEnabled=true, cssSelectorsEnabled=true, webauthn:virtualAuthenticators=true}]\nSession ID: ee1bae104ce6cd2896670106f85729d4\n*** Element info: {Using=xpath, value=//*[@name='/html/body/div[3]/div[1]/header/div[2]/div/div[1]/div/div[2]/div/a/img' or @id='/html/body/div[3]/div[1]/header/div[2]/div/div[1]/div/div[2]/div/a/img' or @value='/html/body/div[3]/div[1]/header/div[2]/div/div[1]/div/div[2]/div/a/img']}",
          "subLogs": [],
          "duration": 18
        }
      ],
      "duration": -1
    }
  ],
  "checkPoints": [
    {
      "message": "get 'https://www.food.com/'",
      "type": "TestStepPass",
      "duration": 9453,
      "threshold": 0,
      "subCheckPoints": []
    },
    {
      "message": "click on 'recipe.search'",
      "type": "TestStepPass",
      "duration": 2051,
      "threshold": 0,
      "subCheckPoints": []
    },
    {
      "message": "mouse move on 'mouse_over_recipe.search'",
      "type": "TestStepFail",
      "screenshot": "img/TestRecipeDaySearch_1xqbqjch1ppt49273.png",
      "duration": 10869,
      "threshold": 0,
      "subCheckPoints": [
        {
          "message": "org.openqa.selenium.TimeoutException: Timed out after 10 seconds waiting for presence of element located by: By.xpath: //*[@name='/html/body/div[3]/div[1]/header/div[2]/div/div[1]/div/div[2]/div/a/img' or @id='/html/body/div[3]/div[1]/header/div[2]/div/div[1]/div/div[2]/div/a/img' or @value='/html/body/div[3]/div[1]/header/div[2]/div/div[1]/div/div[2]/div/a/img']\nBuild info: version: '3.0.0', revision: '350cf60', time: '2016-10-13 10:48:57 -0700'\nSystem info: host: 'DESKTOP-BJ7Q9MK', ip: '192.168.0.23', os.name: 'Windows 10', os.arch: 'amd64', os.version: '10.0', java.version: '1.8.0_211'\nDriver info: driver.version: QAFExtendedWebDriver",
          "type": "Fail",
          "duration": 0,
          "threshold": 0,
          "subCheckPoints": []
        }
      ]
    }
  ],
  "errorTrace": "org.openqa.selenium.TimeoutException: Timed out after 10 seconds waiting for presence of element located by: By.xpath: //*[@name='/html/body/div[3]/div[1]/header/div[2]/div/div[1]/div/div[2]/div/a/img' or @id='/html/body/div[3]/div[1]/header/div[2]/div/div[1]/div/div[2]/div/a/img' or @value='/html/body/div[3]/div[1]/header/div[2]/div/div[1]/div/div[2]/div/a/img']\nBuild info: version: '3.0.0', revision: '350cf60', time: '2016-10-13 10:48:57 -0700'\nSystem info: host: 'DESKTOP-BJ7Q9MK', ip: '192.168.0.23', os.name: 'Windows 10', os.arch: 'amd64', os.version: '10.0', java.version: '1.8.0_211'\nDriver info: driver.version: QAFExtendedWebDriver\r\n\tat com.qmetry.qaf.automation.ui.util.DynamicWait.until(DynamicWait.java:168)\r\n\tat com.qmetry.qaf.automation.ui.webdriver.QAFExtendedWebDriver.load(QAFExtendedWebDriver.java:213)\r\n\tat com.qmetry.qaf.automation.ui.webdriver.QAFExtendedWebElement.load(QAFExtendedWebElement.java:302)\r\n\tat com.qmetry.qaf.automation.ui.webdriver.QAFExtendedWebElement.getId(QAFExtendedWebElement.java:317)\r\n\tat org.openqa.selenium.remote.RemoteWebElement$1.getAuxiliary(RemoteWebElement.java:373)\r\n\tat org.openqa.selenium.remote.RemoteMouse.paramsFromCoordinates(RemoteMouse.java:43)\r\n\tat org.openqa.selenium.remote.RemoteMouse.mouseMove(RemoteMouse.java:87)\r\n\tat com.qmetry.qaf.automation.step.CommonStep.mouseOver_aroundBody168(CommonStep.java:2195)\r\n\tat com.qmetry.qaf.automation.step.CommonStep$AjcClosure169.run(CommonStep.java:1)\r\n\tat org.aspectj.runtime.reflect.JoinPointImpl.proceed(JoinPointImpl.java:149)\r\n\tat com.qmetry.qaf.automation.step.JavaStepReporter$MockJavaStep.doExecute(JavaStepReporter.java:130)\r\n\tat com.qmetry.qaf.automation.step.BaseTestStep.execute(BaseTestStep.java:149)\r\n\tat com.qmetry.qaf.automation.step.JavaStepReporter.javaTestStep(JavaStepReporter.java:80)\r\n\tat com.qmetry.qaf.automation.step.CommonStep.mouseOver(CommonStep.java:2194)\r\n\tat qaf.example.tests.SampleTest.testRecipeDaySearch(SampleTest.java:42)\r\n\tat sun.reflect.NativeMethodAccessorImpl.invoke0(Native Method)\r\n\tat sun.reflect.NativeMethodAccessorImpl.invoke(Unknown Source)\r\n\tat sun.reflect.DelegatingMethodAccessorImpl.invoke(Unknown Source)\r\n\tat java.lang.reflect.Method.invoke(Unknown Source)\r\n\tat org.testng.internal.MethodInvocationHelper.invokeMethod(MethodInvocationHelper.java:104)\r\n\tat org.testng.internal.Invoker.invokeMethod(Invoker.java:645)\r\n\tat org.testng.internal.Invoker.invokeTestMethod(Invoker.java:851)\r\n\tat org.testng.internal.Invoker.invokeTestMethods(Invoker.java:1177)\r\n\tat org.testng.internal.TestMethodWorker.invokeTestMethods(TestMethodWorker.java:129)\r\n\tat org.testng.internal.TestMethodWorker.run(TestMethodWorker.java:112)\r\n\tat org.testng.TestRunner.privateRun(TestRunner.java:778)\r\n\tat org.testng.TestRunner.run(TestRunner.java:632)\r\n\tat org.testng.SuiteRunner.runTest(SuiteRunner.java:387)\r\n\tat org.testng.SuiteRunner.runSequentially(SuiteRunner.java:382)\r\n\tat org.testng.SuiteRunner.privateRun(SuiteRunner.java:340)\r\n\tat org.testng.SuiteRunner.run(SuiteRunner.java:289)\r\n\tat org.testng.SuiteRunnerWorker.runSuite(SuiteRunnerWorker.java:52)\r\n\tat org.testng.SuiteRunnerWorker.run(SuiteRunnerWorker.java:86)\r\n\tat org.testng.TestNG.runSuitesSequentially(TestNG.java:1293)\r\n\tat org.testng.TestNG.runSuitesLocally(TestNG.java:1218)\r\n\tat org.testng.TestNG.runSuites(TestNG.java:1133)\r\n\tat org.testng.TestNG.run(TestNG.java:1104)\r\n\tat org.testng.remote.AbstractRemoteTestNG.run(AbstractRemoteTestNG.java:115)\r\n\tat org.testng.remote.RemoteTestNG.initAndRun(RemoteTestNG.java:251)\r\n\tat org.testng.remote.RemoteTestNG.main(RemoteTestNG.java:77)\r\nCaused by: org.openqa.selenium.NoSuchElementException: no such element: Unable to locate element: {\"method\":\"xpath\",\"selector\":\"//*[@name='/html/body/div[3]/div[1]/header/div[2]/div/div[1]/div/div[2]/div/a/img' or @id='/html/body/div[3]/div[1]/header/div[2]/div/div[1]/div/div[2]/div/a/img' or @value='/html/body/div[3]/div[1]/header/div[2]/div/div[1]/div/div[2]/div/a/img']\"}\n  (Session info: chrome=81.0.4044.129)\n  (Driver info: chromedriver=81.0.4044.69 (6813546031a4bc83f717a2ef7cd4ac6ec1199132-refs/branch-heads/4044@{#776}),platform=Windows NT 10.0.18362 x86_64) (WARNING: The server did not provide any stacktrace information)\nCommand duration or timeout: 18 milliseconds\nFor documentation on this error, please visit: http://seleniumhq.org/exceptions/no_such_element.html\nBuild info: version: '3.0.0', revision: '350cf60', time: '2016-10-13 10:48:57 -0700'\nSystem info: host: 'DESKTOP-BJ7Q9MK', ip: '192.168.0.23', os.name: 'Windows 10', os.arch: 'amd64', os.version: '10.0', java.version: '1.8.0_211'\nDriver info: com.qmetry.qaf.automation.ui.webdriver.QAFExtendedWebDriver\nCapabilities [{mobileEmulationEnabled=false, timeouts={implicit=0, pageLoad=300000, script=30000}, hasTouchScreen=false, platform=XP, acceptSslCerts=false, goog:chromeOptions={debuggerAddress=localhost:56590}, acceptInsecureCerts=false, webStorageEnabled=true, browserName=chrome, takesScreenshot=true, javascriptEnabled=true, setWindowRect=true, unexpectedAlertBehaviour=ignore, applicationCacheEnabled=false, rotatable=false, networkConnectionEnabled=false, chrome={chromedriverVersion=81.0.4044.69 (6813546031a4bc83f717a2ef7cd4ac6ec1199132-refs/branch-heads/4044@{#776}), userDataDir=C:\\Users\\sjpat\\AppData\\Local\\Temp\\scoped_dir25800_1061910990}, takesHeapSnapshot=true, pageLoadStrategy=normal, strictFileInteractability=false, databaseEnabled=false, handlesAlerts=true, version=81.0.4044.129, browserConnectionEnabled=false, proxy={}, nativeEvents=true, locationContextEnabled=true, cssSelectorsEnabled=true, webauthn:virtualAuthenticators=true}]\nSession ID: ee1bae104ce6cd2896670106f85729d4\n*** Element info: {Using=xpath, value=//*[@name='/html/body/div[3]/div[1]/header/div[2]/div/div[1]/div/div[2]/div/a/img' or @id='/html/body/div[3]/div[1]/header/div[2]/div/div[1]/div/div[2]/div/a/img' or @value='/html/body/div[3]/div[1]/header/div[2]/div/div[1]/div/div[2]/div/a/img']}\r\n\tat sun.reflect.NativeConstructorAccessorImpl.newInstance0(Native Method)\r\n\tat sun.reflect.NativeConstructorAccessorImpl.newInstance(Unknown Source)\r\n\tat sun.reflect.DelegatingConstructorAccessorImpl.newInstance(Unknown Source)\r\n\tat java.lang.reflect.Constructor.newInstance(Unknown Source)\r\n\tat org.openqa.selenium.remote.ErrorHandler.createThrowable(ErrorHandler.java:216)\r\n\tat org.openqa.selenium.remote.ErrorHandler.throwIfResponseFailed(ErrorHandler.java:168)\r\n\tat org.openqa.selenium.remote.RemoteWebDriver.execute(RemoteWebDriver.java:635)\r\n\tat com.qmetry.qaf.automation.ui.webdriver.QAFExtendedWebDriver.execute(QAFExtendedWebDriver.java:233)\r\n\tat org.openqa.selenium.remote.RemoteWebDriver.findElement(RemoteWebDriver.java:368)\r\n\tat org.openqa.selenium.remote.RemoteWebDriver.findElementByXPath(RemoteWebDriver.java:473)\r\n\tat com.qmetry.qaf.automation.ui.webdriver.QAFExtendedWebDriver.findElementByXPath(QAFExtendedWebDriver.java:396)\r\n\tat com.qmetry.qaf.automation.ui.webdriver.QAFExtendedWebDriver.findElementByXPath(QAFExtendedWebDriver.java:1)\r\n\tat org.openqa.selenium.By$ByXPath.findElement(By.java:361)\r\n\tat org.openqa.selenium.remote.RemoteWebDriver.findElement(RemoteWebDriver.java:360)\r\n\tat com.qmetry.qaf.automation.ui.webdriver.QAFExtendedWebDriver.findElement(QAFExtendedWebDriver.java:169)\r\n\tat com.qmetry.qaf.automation.ui.webdriver.QAFExtendedWebDriver.findElement(QAFExtendedWebDriver.java:1)\r\n\tat org.openqa.selenium.support.ui.ExpectedConditions.findElement(ExpectedConditions.java:895)\r\n\tat org.openqa.selenium.support.ui.ExpectedConditions.access$000(ExpectedConditions.java:41)\r\n\tat org.openqa.selenium.support.ui.ExpectedConditions$6.apply(ExpectedConditions.java:181)\r\n\tat org.openqa.selenium.support.ui.ExpectedConditions$6.apply(ExpectedConditions.java:178)\r\n\tat com.qmetry.qaf.automation.ui.util.DynamicWait.until(DynamicWait.java:147)\r\n\t... 39 more\r\n"
}