<?xml version="1.0" encoding="UTF-8"?>
<testng-results skipped="3" failed="2" ignored="4" total="20" passed="11">
  <reporter-output>
    <line>
      <![CDATA[<div style="display:block;margin-left:10px;"><div  class="teststeppass"><span class="teststeppass-label">T </span>Given get '/'</div><div  class="teststepfail"><span class="teststepfail-label">T </span>When search for 'qaf github infostretch' <a href="img/SampleTest_g3pqjeytgw1w18169.png" target="_blank">[View Screenshot]</a> </div><div style="display:block;margin-left:10px;"><div  class="fail"><span class="fail-label">F </span>Timed out after 10 seconds waiting for presence of element located by: By.xpath: /html/body/div[3]/div[1]/section[1]/header/div/div/div/nav[1]/ul/li[1]/a
Build info: version: '3.0.0', revision: '350cf60', time: '2016-10-13 10:48:57 -0700'
System info: host: 'DESKTOP-BJ7Q9MK', ip: '192.168.0.23', os.name: 'Windows 10', os.arch: 'amd64', os.version: '10.0', java.version: '1.8.0_211'
Driver info: driver.version: QAFExtendedWebDriver</div></div><div  class="teststep"><span class="teststep-label">T </span>Then verify link with partial text 'qaf' is present</div></div>]]>
    </line>
    <line>
      <![CDATA[<div style="display:block;margin-left:10px;"><div  class="teststeppass"><span class="teststeppass-label">T </span>Given get 'https://www.food.com/'</div><div  class="teststeppass"><span class="teststeppass-label">T </span>When I go to food.com, and select recipe section</div><div  class="teststeppass"><span class="teststeppass-label">T </span>Then I am verifying whole path for particlar recipe</div></div>]]>
    </line>
    <line>
      <![CDATA[<div style="display:block;margin-left:10px;"><div  class="teststeppass"><span class="teststeppass-label">T </span>Given get 'https://www.food.com/'</div><div  class="teststeppass"><span class="teststeppass-label">T </span>When I go to food.com, and select recipe section</div><div  class="warn"><span class="warn-label">W </span>Then I am verifying dropdown for Trending recipes :: Not Found.</div></div>]]>
    </line>
    <line>
      <![CDATA[<div style="display:block;margin-left:10px;"><div  class="teststeppass"><span class="teststeppass-label">T </span>Given get 'https://www.food.com/'</div><div  class="teststeppass"><span class="teststeppass-label">T </span>When I go to food.com, and select recipe section</div><div  class="teststeppass"><span class="teststeppass-label">T </span>Then I verified recipe of day</div></div>]]>
    </line>
    <line>
      <![CDATA[<div style="display:block;margin-left:10px;"><div  class="teststeppass"><span class="teststeppass-label">T </span>Given get 'https://www.food.com/'</div><div  class="teststeppass"><span class="teststeppass-label">T </span>When I go to food.com, and select recipe section</div><div  class="warn"><span class="warn-label">W </span>Then I am trying to with serve size with negative numbers :: Not Found.</div></div>]]>
    </line>
    <line>
      <![CDATA[<div style="display:block;margin-left:10px;"><div  class="teststeppass"><span class="teststeppass-label">T </span>Given get 'https://www.food.com/'</div><div  class="teststeppass"><span class="teststeppass-label">T </span>When I go to food.com, and select recipe section</div><div  class="warn"><span class="warn-label">W </span>Then I am verifying search box with % sign :: Not Found.</div></div>]]>
    </line>
    <line>
      <![CDATA[<div style="display:block;margin-left:10px;"><div  class="fail"><span class="fail-label">F </span>Timed out after 10 seconds waiting for presence of element located by: By.xpath: /html/body/div[3]/div[1]/div[3]/div[2]/div[1]/div/div[2]/div/h2/a
Build info: version: '3.0.0', revision: '350cf60', time: '2016-10-13 10:48:57 -0700'
System info: host: 'DESKTOP-BJ7Q9MK', ip: '192.168.0.23', os.name: 'Windows 10', os.arch: 'amd64', os.version: '10.0', java.version: '1.8.0_211'
Driver info: driver.version: QAFExtendedWebDriver <a href="img/TestServeSearch_tdgec5kd1j7018170.png" target="_blank">[View Screenshot]</a> </div></div>]]>
    </line>
    <line>
      <![CDATA[<div style="display:block;margin-left:10px;"><div  class="teststeppass"><span class="teststeppass-label">T </span>get 'https://www.food.com/'</div><div  class="teststeppass"><span class="teststeppass-label">T </span>assert 'message_recipe.search' attribute 'innerHTML' value is 'Bad Request'</div><div style="display:block;margin-left:10px;"><div  class="pass"><span class="pass-label">P </span>Expected By.xpath: /html/body/h1 attribute should be Bad Request : Actual By.xpath: /html/body/h1 attribute is Bad Request <a href="img/TestServeSearch_tdgec5kd1j7018170.png" target="_blank">[View Screenshot]</a> </div></div></div>]]>
    </line>
    <line>
      <![CDATA[<div style="display:block;margin-left:10px;"><div  class="teststeppass"><span class="teststeppass-label">T </span>get 'https://www.food.com/'</div><div  class="teststeppass"><span class="teststeppass-label">T </span>assert 'title.search' attribute 'innerHTML' value is 'Best Banana Bread'</div><div style="display:block;margin-left:10px;"><div  class="pass"><span class="pass-label">P </span>Expected By.xpath: /html/body/div[2]/div/div/div[2]/div/div/div[4]/div/h1 attribute should be Best Banana Bread : Actual By.xpath: /html/body/div[2]/div/div/div[2]/div/div/div[4]/div/h1 attribute is Best Banana Bread <a href="img/TestRecipeSearch_5eks1m3t33mi18171.png" target="_blank">[View Screenshot]</a> </div></div><div  class="teststeppass"><span class="teststeppass-label">T </span>assert 'notes.search' attribute 'innerHTML' value is 'MY PRIVATE NOTES'</div><div style="display:block;margin-left:10px;"><div  class="pass"><span class="pass-label">P </span>Expected By.xpath: /html/body/div[2]/div/div/div[2]/div/div/div[13]/div[3]/div/div[1]/h4 attribute should be MY PRIVATE NOTES : Actual By.xpath: /html/body/div[2]/div/div/div[2]/div/div/div[13]/div[3]/div/div[1]/h4 attribute is MY PRIVATE NOTES <a href="img/TestRecipeSearch_ovv2wxt5dtzd18172.png" target="_blank">[View Screenshot]</a> </div></div></div>]]>
    </line>
    <line>
      <![CDATA[<div style="display:block;margin-left:10px;"><div  class="teststeppass"><span class="teststeppass-label">T </span>get 'https://www.food.com/'</div><div  class="teststeppass"><span class="teststeppass-label">T </span>assert 'trending_value.search' attribute 'innerHTML' value is 'Trending'</div><div style="display:block;margin-left:10px;"><div  class="pass"><span class="pass-label">P </span>Expected By.xpath: /html/body/div[3]/div[1]/div[3]/div[1]/div/label attribute should be Trending : Actual By.xpath: /html/body/div[3]/div[1]/div[3]/div[1]/div/label attribute is Trending <a href="img/TestRecipeDropdownSearch_e90x2nc79r8m18173.png" target="_blank">[View Screenshot]</a> </div></div></div>]]>
    </line>
    <line>
      <![CDATA[<div style="display:block;margin-left:10px;"><div  class="teststeppass"><span class="teststeppass-label">T </span>get 'https://www.food.com/'</div><div  class="teststeppass"><span class="teststeppass-label">T </span>assert 'recipe_day_main_page_title.search' attribute 'innerHTML' value is 'Mexican Meatball Soup'</div><div style="display:block;margin-left:10px;"><div  class="pass"><span class="pass-label">P </span>Expected By.xpath: /html/body/div[3]/div[1]/header/div[2]/div/div[1]/div/div[3]/div/h2/a attribute should be Mexican Meatball Soup : Actual By.xpath: /html/body/div[3]/div[1]/header/div[2]/div/div[1]/div/div[3]/div/h2/a attribute is Mexican Meatball Soup <a href="img/TestRecipeDaySearch_1jixt4d2q9isz18174.png" target="_blank">[View Screenshot]</a> </div></div><div  class="teststeppass"><span class="teststeppass-label">T </span>assert 'share.search' is not visible</div><div style="display:block;margin-left:10px;"><div  class="pass"><span class="pass-label">P </span>Expected By.xpath: /html/body/div[3]/div[1]/header/div[2]/div/div[1]/div/div[4]/a not visible : Actual By.xpath: /html/body/div[3]/div[1]/header/div[2]/div/div[1]/div/div[4]/a not visible <a href="img/TestRecipeDaySearch_5zsbhhiiv5xn18175.png" target="_blank">[View Screenshot]</a> </div></div><div  class="teststeppass"><span class="teststeppass-label">T </span>mouse move on 'mouse_over_recipe.search'</div><div  class="teststeppass"><span class="teststeppass-label">T </span>assert 'recipe_day_title.search' attribute 'innerHTML' value is '70 Regional Mexican Foods to Make at Home'</div><div style="display:block;margin-left:10px;"><div  class="pass"><span class="pass-label">P </span>Expected By.xpath: /html/body/div[3]/div[1]/div[3]/article/header/div[1]/div/div[2]/h1 attribute should be 70 Regional Mexican Foods to Make at Home : Actual By.xpath: /html/body/div[3]/div[1]/div[3]/article/header/div[1]/div/div[2]/h1 attribute is 70 Regional Mexican Foods to Make at Home <a href="img/TestRecipeDaySearch_frggiebsdm6d18176.png" target="_blank">[View Screenshot]</a> </div></div></div>]]>
    </line>
    <line>
      <![CDATA[<div style="display:block;margin-left:10px;"><div  class="teststeppass"><span class="teststeppass-label">T </span>get 'https://www.food.com/'</div><div  class="teststeppass"><span class="teststeppass-label">T </span>click on 'recipe.search'</div><div  class="teststeppass"><span class="teststeppass-label">T </span>click on 'banana_recipe.search'</div><div  class="teststeppass"><span class="teststeppass-label">T </span>click on 'serve.search'</div><div  class="teststeppass"><span class="teststeppass-label">T </span>clear 'serve_keys.search'</div><div  class="teststeppass"><span class="teststeppass-label">T </span>sendKeys '-5' into 'serve_keys.search'</div><div  class="teststeppass"><span class="teststeppass-label">T </span>click on 'done_serve.search'</div><div  class="teststeppass"><span class="teststeppass-label">T </span>assert 'serve.search' attribute 'innerHTML' value is '-50'</div><div style="display:block;margin-left:10px;"><div  class="pass"><span class="pass-label">P </span>Expected By.xpath: /html/body/div[2]/div/div/div[2]/div/div/div[11]/div[1]/div/div[1]/div[2]/a attribute should be -50 : Actual By.xpath: /html/body/div[2]/div/div/div[2]/div/div/div[11]/div[1]/div/div[1]/div[2]/a attribute is -50 <a href="img/TestServeSearch_13a1ytkke7sv518177.png" target="_blank">[View Screenshot]</a> </div></div><div  class="teststeppass"><span class="teststeppass-label">T </span>assert 'ingredient.search' attribute 'innerHTML' value is not '5'</div><div style="display:block;margin-left:10px;"><div  class="pass"><span class="pass-label">P </span>Expected By.className: recipe-ingredients__ingredient-quantity attribute should not be 5 : Actual By.className: recipe-ingredients__ingredient-quantity attribute is  <a href="img/TestServeSearch_wln4yz44fh9m18178.png" target="_blank">[View Screenshot]</a> </div></div></div>]]>
    </line>
    <line>
      <![CDATA[<div style="display:block;margin-left:10px;"><div  class="teststeppass"><span class="teststeppass-label">T </span>get 'https://www.food.com/'</div><div  class="teststeppass"><span class="teststeppass-label">T </span>click on 'recipe.search'</div><div  class="teststeppass"><span class="teststeppass-label">T </span>sendKeys '%' into 'search_recipe.search'</div><div  class="teststeppass"><span class="teststeppass-label">T </span>submit 'search_recipe.search'</div><div  class="teststeppass"><span class="teststeppass-label">T </span>assert 'message_recipe.search' attribute 'innerHTML' value is 'Bad Request'</div><div style="display:block;margin-left:10px;"><div  class="pass"><span class="pass-label">P </span>Expected By.xpath: /html/body/h1 attribute should be Bad Request : Actual By.xpath: /html/body/h1 attribute is Bad Request <a href="img/TestSearchBoxSearch_1ilre5c8zfs6a18179.png" target="_blank">[View Screenshot]</a> </div></div></div>]]>
    </line>
    <line>
      <![CDATA[<div style="display:block;margin-left:10px;"><div  class="teststeppass"><span class="teststeppass-label">T </span>get 'https://www.food.com/'</div><div  class="teststeppass"><span class="teststeppass-label">T </span>click on 'recipe.search'</div><div  class="teststeppass"><span class="teststeppass-label">T </span>click on 'banana_recipe.search'</div><div  class="teststeppass"><span class="teststeppass-label">T </span>click on 'full_recipe.search'</div><div  class="teststeppass"><span class="teststeppass-label">T </span>assert 'title.search' attribute 'innerHTML' value is 'Best Banana Bread'</div><div style="display:block;margin-left:10px;"><div  class="pass"><span class="pass-label">P </span>Expected By.xpath: /html/body/div[2]/div/div/div[2]/div/div/div[4]/div/h1 attribute should be Best Banana Bread : Actual By.xpath: /html/body/div[2]/div/div/div[2]/div/div/div[4]/div/h1 attribute is Best Banana Bread <a href="img/TestRecipeSearch_8y3ed7lwxtf018180.png" target="_blank">[View Screenshot]</a> </div></div><div  class="teststeppass"><span class="teststeppass-label">T </span>assert 'notes.search' attribute 'innerHTML' value is 'MY PRIVATE NOTES'</div><div style="display:block;margin-left:10px;"><div  class="pass"><span class="pass-label">P </span>Expected By.xpath: /html/body/div[2]/div/div/div[2]/div/div/div[13]/div[3]/div/div[1]/h4 attribute should be MY PRIVATE NOTES : Actual By.xpath: /html/body/div[2]/div/div/div[2]/div/div/div[13]/div[3]/div/div[1]/h4 attribute is MY PRIVATE NOTES <a href="img/TestRecipeSearch_1b5kypgv1yvcj18181.png" target="_blank">[View Screenshot]</a> </div></div></div>]]>
    </line>
    <line>
      <![CDATA[<div style="display:block;margin-left:10px;"><div  class="teststeppass"><span class="teststeppass-label">T </span>get 'https://www.food.com/'</div><div  class="teststeppass"><span class="teststeppass-label">T </span>click on 'recipe.search'</div><div  class="teststeppass"><span class="teststeppass-label">T </span>click on 'dropdown.search'</div><div  class="teststeppass"><span class="teststeppass-label">T </span>click on 'trending.search'</div><div  class="teststeppass"><span class="teststeppass-label">T </span>assert 'trending_value.search' attribute 'innerHTML' value is 'Trending'</div><div style="display:block;margin-left:10px;"><div  class="pass"><span class="pass-label">P </span>Expected By.xpath: /html/body/div[3]/div[1]/div[3]/div[1]/div/label attribute should be Trending : Actual By.xpath: /html/body/div[3]/div[1]/div[3]/div[1]/div/label attribute is Trending <a href="img/TestRecipeDropdownSearch_1vczq5afwtlix18182.png" target="_blank">[View Screenshot]</a> </div></div></div>]]>
    </line>
    <line>
      <![CDATA[<div style="display:block;margin-left:10px;"><div  class="teststeppass"><span class="teststeppass-label">T </span>get 'https://www.food.com/'</div><div  class="teststeppass"><span class="teststeppass-label">T </span>click on 'recipe.search'</div><div  class="teststeppass"><span class="teststeppass-label">T </span>assert 'recipe_day_main_page_title.search' attribute 'innerHTML' value is 'Mexican Meatball Soup'</div><div style="display:block;margin-left:10px;"><div  class="pass"><span class="pass-label">P </span>Expected By.xpath: /html/body/div[3]/div[1]/header/div[2]/div/div[1]/div/div[3]/div/h2/a attribute should be Mexican Meatball Soup : Actual By.xpath: /html/body/div[3]/div[1]/header/div[2]/div/div[1]/div/div[3]/div/h2/a attribute is Mexican Meatball Soup <a href="img/TestRecipeDaySearch_1x9n125ntxvam18183.png" target="_blank">[View Screenshot]</a> </div></div><div  class="teststeppass"><span class="teststeppass-label">T </span>assert 'share.search' is not visible</div><div style="display:block;margin-left:10px;"><div  class="pass"><span class="pass-label">P </span>Expected By.xpath: /html/body/div[3]/div[1]/header/div[2]/div/div[1]/div/div[4]/a not visible : Actual By.xpath: /html/body/div[3]/div[1]/header/div[2]/div/div[1]/div/div[4]/a not visible <a href="img/TestRecipeDaySearch_zr62r3q1so418184.png" target="_blank">[View Screenshot]</a> </div></div><div  class="teststeppass"><span class="teststeppass-label">T </span>mouse move on 'mouse_over_recipe.search'</div><div  class="teststeppass"><span class="teststeppass-label">T </span>click on 'share.search'</div><div  class="teststeppass"><span class="teststeppass-label">T </span>click on 'share_close.search'</div><div  class="teststeppass"><span class="teststeppass-label">T </span>click on 'recipe_of_day.search'</div><div  class="teststeppass"><span class="teststeppass-label">T </span>assert 'recipe_day_title.search' attribute 'innerHTML' value is '70 Regional Mexican Foods to Make at Home'</div><div style="display:block;margin-left:10px;"><div  class="pass"><span class="pass-label">P </span>Expected By.xpath: /html/body/div[3]/div[1]/div[3]/article/header/div[1]/div/div[2]/h1 attribute should be 70 Regional Mexican Foods to Make at Home : Actual By.xpath: /html/body/div[3]/div[1]/div[3]/article/header/div[1]/div/div[2]/h1 attribute is 70 Regional Mexican Foods to Make at Home <a href="img/TestRecipeDaySearch_zfn0a712imje18185.png" target="_blank">[View Screenshot]</a> </div></div></div>]]>
    </line>
  </reporter-output>
  <suite name="QAF Demo" duration-ms="171546" started-at="2020-05-03T04:09:43Z" finished-at="2020-05-03T04:12:35Z">
    <groups>
      <group name="SMOKE">
        <method signature="scenarios.suite1.bdd.SampleTest()[pri:1000, instance:com.qmetry.qaf.automation.step.client.Scenario@3e8]" name="SampleTest" class="com.qmetry.qaf.automation.step.client.Scenario"/>
        <method signature="scenarios.suite2.bdd.RecipeSearch()[pri:1001, instance:com.qmetry.qaf.automation.step.client.Scenario@3e9]" name="RecipeSearch" class="com.qmetry.qaf.automation.step.client.Scenario"/>
        <method signature="scenarios.suite2.bdd.recipeDaySearch()[pri:1003, instance:com.qmetry.qaf.automation.step.client.Scenario@3eb]" name="recipeDaySearch" class="com.qmetry.qaf.automation.step.client.Scenario"/>
        <method signature="scenarios.suite2.bdd.recipeDropdownSearch()[pri:1002, instance:com.qmetry.qaf.automation.step.client.Scenario@3ea]" name="recipeDropdownSearch" class="com.qmetry.qaf.automation.step.client.Scenario"/>
        <method signature="scenarios.suite2.bdd.searchRecipeSearch()[pri:1005, instance:com.qmetry.qaf.automation.step.client.Scenario@3ed]" name="searchRecipeSearch" class="com.qmetry.qaf.automation.step.client.Scenario"/>
        <method signature="scenarios.suite2.bdd.serveSearch()[pri:1004, instance:com.qmetry.qaf.automation.step.client.Scenario@3ec]" name="serveSearch" class="com.qmetry.qaf.automation.step.client.Scenario"/>
      </group> <!-- SMOKE -->
    </groups>
    <test name="BDD Test" duration-ms="55497" started-at="2020-05-03T04:09:43Z" finished-at="2020-05-03T04:10:39Z">
      <class name="com.qmetry.qaf.automation.step.client.Scenario">
        <test-method status="PASS" signature="setupTest(org.testng.ITestContext)[pri:0, instance:com.qmetry.qaf.automation.step.client.Scenario@3ed]" test-instance-name="SampleTest" name="setupTest" is-config="true" duration-ms="2" started-at="2020-05-02T21:09:43Z" finished-at="2020-05-02T21:09:43Z">
          <params>
            <param index="0">
              <value>
                <![CDATA[org.testng.TestRunner@75329a49]]>
              </value>
            </param>
          </params>
          <reporter-output>
          </reporter-output>
        </test-method> <!-- setupTest -->
        <test-method status="PASS" signature="setup(org.testng.ITestContext)[pri:0, instance:com.qmetry.qaf.automation.step.client.Scenario@3ed]" test-instance-name="SampleTest" name="setup" is-config="true" duration-ms="1" started-at="2020-05-02T21:09:43Z" finished-at="2020-05-02T21:09:43Z">
          <params>
            <param index="0">
              <value>
                <![CDATA[org.testng.TestRunner@75329a49]]>
              </value>
            </param>
          </params>
          <reporter-output>
          </reporter-output>
        </test-method> <!-- setup -->
        <test-method status="FAIL" signature="SampleTest()[pri:1000, instance:com.qmetry.qaf.automation.step.client.Scenario@3e8]" test-instance-name="SampleTest" name="SampleTest" duration-ms="17980" started-at="2020-05-02T21:09:43Z" description="Sample Test Scenario" finished-at="2020-05-02T21:10:01Z">
          <exception class="org.openqa.selenium.TimeoutException">
            <message>
              <![CDATA[Timed out after 10 seconds waiting for presence of element located by: By.xpath: /html/body/div[3]/div[1]/section[1]/header/div/div/div/nav[1]/ul/li[1]/a
Build info: version: '3.0.0', revision: '350cf60', time: '2016-10-13 10:48:57 -0700'
System info: host: 'DESKTOP-BJ7Q9MK', ip: '192.168.0.23', os.name: 'Windows 10', os.arch: 'amd64', os.version: '10.0', java.version: '1.8.0_211'
Driver info: driver.version: QAFExtendedWebDriver]]>
            </message>
            <full-stacktrace>
              <![CDATA[org.openqa.selenium.TimeoutException: Timed out after 10 seconds waiting for presence of element located by: By.xpath: /html/body/div[3]/div[1]/section[1]/header/div/div/div/nav[1]/ul/li[1]/a
Build info: version: '3.0.0', revision: '350cf60', time: '2016-10-13 10:48:57 -0700'
System info: host: 'DESKTOP-BJ7Q9MK', ip: '192.168.0.23', os.name: 'Windows 10', os.arch: 'amd64', os.version: '10.0', java.version: '1.8.0_211'
Driver info: driver.version: QAFExtendedWebDriver
	at .When search for 'qaf github infostretch'(scenarios/suite1.bdd:6)
	at com.qmetry.qaf.automation.ui.util.DynamicWait.until(DynamicWait.java:168)
	at com.qmetry.qaf.automation.ui.webdriver.QAFExtendedWebDriver.load(QAFExtendedWebDriver.java:213)
	at com.qmetry.qaf.automation.ui.webdriver.QAFExtendedWebElement.load(QAFExtendedWebElement.java:302)
	at com.qmetry.qaf.automation.ui.webdriver.QAFExtendedWebElement.execute(QAFExtendedWebElement.java:249)
	at org.openqa.selenium.remote.RemoteWebElement.click(RemoteWebElement.java:84)
	at com.qmetry.qaf.automation.step.CommonStep.click_aroundBody38(CommonStep.java:452)
	at com.qmetry.qaf.automation.step.JavaStepReporter.javaTestStep(JavaStepReporter.java:93)
	at com.qmetry.qaf.automation.step.CommonStep.click(CommonStep.java:451)
	at qaf.example.steps.StepsLibrary.baseSection(StepsLibrary.java:23)
	at qaf.example.steps.StepsLibrary.recipeDropdownSearch(StepsLibrary.java:34)
	at com.qmetry.qaf.automation.step.JavaStep.doExecute(JavaStep.java:150)
	at com.qmetry.qaf.automation.step.BaseTestStep.execute(BaseTestStep.java:149)
	at com.qmetry.qaf.automation.step.StringTestStep.execute(StringTestStep.java:127)
	at com.qmetry.qaf.automation.step.client.Scenario.execute(Scenario.java:174)
	at com.qmetry.qaf.automation.step.client.Scenario.scenario(Scenario.java:237)
Caused by: org.openqa.selenium.NoSuchElementException: no such element: Unable to locate element: {"method":"xpath","selector":"/html/body/div[3]/div[1]/section[1]/header/div/div/div/nav[1]/ul/li[1]/a"}
  (Session info: chrome=81.0.4044.129)
  (Driver info: chromedriver=81.0.4044.69 (6813546031a4bc83f717a2ef7cd4ac6ec1199132-refs/branch-heads/4044@{#776}),platform=Windows NT 10.0.18362 x86_64) (WARNING: The server did not provide any stacktrace information)
Command duration or timeout: 30 milliseconds
For documentation on this error, please visit: http://seleniumhq.org/exceptions/no_such_element.html
Build info: version: '3.0.0', revision: '350cf60', time: '2016-10-13 10:48:57 -0700'
System info: host: 'DESKTOP-BJ7Q9MK', ip: '192.168.0.23', os.name: 'Windows 10', os.arch: 'amd64', os.version: '10.0', java.version: '1.8.0_211'
Driver info: com.qmetry.qaf.automation.ui.webdriver.QAFExtendedWebDriver
Capabilities [{mobileEmulationEnabled=false, timeouts={implicit=0, pageLoad=300000, script=30000}, hasTouchScreen=false, platform=XP, acceptSslCerts=false, goog:chromeOptions={debuggerAddress=localhost:52921}, acceptInsecureCerts=false, webStorageEnabled=true, browserName=chrome, takesScreenshot=true, javascriptEnabled=true, setWindowRect=true, unexpectedAlertBehaviour=ignore, applicationCacheEnabled=false, rotatable=false, networkConnectionEnabled=false, chrome={chromedriverVersion=81.0.4044.69 (6813546031a4bc83f717a2ef7cd4ac6ec1199132-refs/branch-heads/4044@{#776}), userDataDir=C:\Users\sjpat\AppData\Local\Temp\scoped_dir6416_1684048090}, takesHeapSnapshot=true, pageLoadStrategy=normal, strictFileInteractability=false, databaseEnabled=false, handlesAlerts=true, version=81.0.4044.129, browserConnectionEnabled=false, proxy={}, nativeEvents=true, locationContextEnabled=true, cssSelectorsEnabled=true, webauthn:virtualAuthenticators=true}]
Session ID: 5d80a190d9eb69add178f92588336293
*** Element info: {Using=xpath, value=/html/body/div[3]/div[1]/section[1]/header/div/div/div/nav[1]/ul/li[1]/a}
	at sun.reflect.NativeConstructorAccessorImpl.newInstance0(Native Method)
	at sun.reflect.NativeConstructorAccessorImpl.newInstance(Unknown Source)
	at sun.reflect.DelegatingConstructorAccessorImpl.newInstance(Unknown Source)
	at java.lang.reflect.Constructor.newInstance(Unknown Source)
	at org.openqa.selenium.remote.ErrorHandler.createThrowable(ErrorHandler.java:216)
	at org.openqa.selenium.remote.ErrorHandler.throwIfResponseFailed(ErrorHandler.java:168)
	at org.openqa.selenium.remote.RemoteWebDriver.execute(RemoteWebDriver.java:635)
	at com.qmetry.qaf.automation.ui.webdriver.QAFExtendedWebDriver.execute(QAFExtendedWebDriver.java:233)
	at org.openqa.selenium.remote.RemoteWebDriver.findElement(RemoteWebDriver.java:368)
	at org.openqa.selenium.remote.RemoteWebDriver.findElementByXPath(RemoteWebDriver.java:473)
	at com.qmetry.qaf.automation.ui.webdriver.QAFExtendedWebDriver.findElementByXPath(QAFExtendedWebDriver.java:396)
	at com.qmetry.qaf.automation.ui.webdriver.QAFExtendedWebDriver.findElementByXPath(QAFExtendedWebDriver.java:1)
	at org.openqa.selenium.By$ByXPath.findElement(By.java:361)
	at org.openqa.selenium.remote.RemoteWebDriver.findElement(RemoteWebDriver.java:360)
	at com.qmetry.qaf.automation.ui.webdriver.QAFExtendedWebDriver.findElement(QAFExtendedWebDriver.java:169)
	at com.qmetry.qaf.automation.ui.webdriver.QAFExtendedWebDriver.findElement(QAFExtendedWebDriver.java:1)
	at org.openqa.selenium.support.ui.ExpectedConditions.findElement(ExpectedConditions.java:895)
	at org.openqa.selenium.support.ui.ExpectedConditions.access$000(ExpectedConditions.java:41)
	at org.openqa.selenium.support.ui.ExpectedConditions$6.apply(ExpectedConditions.java:181)
	at org.openqa.selenium.support.ui.ExpectedConditions$6.apply(ExpectedConditions.java:178)
	at com.qmetry.qaf.automation.ui.util.DynamicWait.until(DynamicWait.java:147)
	at com.qmetry.qaf.automation.ui.webdriver.QAFExtendedWebDriver.load(QAFExtendedWebDriver.java:213)
	at com.qmetry.qaf.automation.ui.webdriver.QAFExtendedWebElement.load(QAFExtendedWebElement.java:302)
	at com.qmetry.qaf.automation.ui.webdriver.QAFExtendedWebElement.execute(QAFExtendedWebElement.java:249)
	at org.openqa.selenium.remote.RemoteWebElement.click(RemoteWebElement.java:84)
	at com.qmetry.qaf.automation.step.CommonStep.click_aroundBody38(CommonStep.java:452)
	at com.qmetry.qaf.automation.step.CommonStep$AjcClosure39.run(CommonStep.java:1)
	at org.aspectj.runtime.reflect.JoinPointImpl.proceed(JoinPointImpl.java:149)
	at com.qmetry.qaf.automation.step.JavaStepReporter.javaTestStep(JavaStepReporter.java:93)
	at com.qmetry.qaf.automation.step.CommonStep.click(CommonStep.java:451)
	at qaf.example.steps.StepsLibrary.baseSection(StepsLibrary.java:23)
	at qaf.example.steps.StepsLibrary.recipeDropdownSearch(StepsLibrary.java:34)
	at sun.reflect.NativeMethodAccessorImpl.invoke0(Native Method)
	at sun.reflect.NativeMethodAccessorImpl.invoke(Unknown Source)
	at sun.reflect.DelegatingMethodAccessorImpl.invoke(Unknown Source)
	at java.lang.reflect.Method.invoke(Unknown Source)
	at com.qmetry.qaf.automation.step.JavaStep.doExecute(JavaStep.java:150)
	at com.qmetry.qaf.automation.step.BaseTestStep.execute(BaseTestStep.java:149)
	at com.qmetry.qaf.automation.step.StringTestStep.execute(StringTestStep.java:127)
	at com.qmetry.qaf.automation.step.client.Scenario.execute(Scenario.java:174)
	at com.qmetry.qaf.automation.step.client.Scenario.scenario(Scenario.java:237)
	at sun.reflect.NativeMethodAccessorImpl.invoke0(Native Method)
	at sun.reflect.NativeMethodAccessorImpl.invoke(Unknown Source)
	at sun.reflect.DelegatingMethodAccessorImpl.invoke(Unknown Source)
	at java.lang.reflect.Method.invoke(Unknown Source)
	at org.testng.internal.MethodInvocationHelper.invokeMethod(MethodInvocationHelper.java:104)
	at org.testng.internal.Invoker.invokeMethod(Invoker.java:645)
	at org.testng.internal.Invoker.invokeTestMethod(Invoker.java:851)
	at org.testng.internal.Invoker.invokeTestMethods(Invoker.java:1177)
	at org.testng.internal.TestMethodWorker.invokeTestMethods(TestMethodWorker.java:129)
	at org.testng.internal.TestMethodWorker.run(TestMethodWorker.java:112)
	at org.testng.TestRunner.privateRun(TestRunner.java:778)
	at org.testng.TestRunner.run(TestRunner.java:632)
	at org.testng.SuiteRunner.runTest(SuiteRunner.java:387)
	at org.testng.SuiteRunner.runSequentially(SuiteRunner.java:382)
	at org.testng.SuiteRunner.privateRun(SuiteRunner.java:340)
	at org.testng.SuiteRunner.run(SuiteRunner.java:289)
	at org.testng.SuiteRunnerWorker.runSuite(SuiteRunnerWorker.java:52)
	at org.testng.SuiteRunnerWorker.run(SuiteRunnerWorker.java:86)
	at org.testng.TestNG.runSuitesSequentially(TestNG.java:1293)
	at org.testng.TestNG.runSuitesLocally(TestNG.java:1218)
	at org.testng.TestNG.runSuites(TestNG.java:1133)
	at org.testng.TestNG.run(TestNG.java:1104)
	at org.testng.remote.AbstractRemoteTestNG.run(AbstractRemoteTestNG.java:115)
	at org.testng.remote.RemoteTestNG.initAndRun(RemoteTestNG.java:251)
	at org.testng.remote.RemoteTestNG.main(RemoteTestNG.java:77)
]]>
            </full-stacktrace>
          </exception> <!-- org.openqa.selenium.TimeoutException -->
          <reporter-output>
            <line>
              <![CDATA[<div style="display:block;margin-left:10px;"><div  class="teststeppass"><span class="teststeppass-label">T </span>Given get '/'</div><div  class="teststepfail"><span class="teststepfail-label">T </span>When search for 'qaf github infostretch' <a href="img/SampleTest_g3pqjeytgw1w18169.png" target="_blank">[View Screenshot]</a> </div><div style="display:block;margin-left:10px;"><div  class="fail"><span class="fail-label">F </span>Timed out after 10 seconds waiting for presence of element located by: By.xpath: /html/body/div[3]/div[1]/section[1]/header/div/div/div/nav[1]/ul/li[1]/a
Build info: version: '3.0.0', revision: '350cf60', time: '2016-10-13 10:48:57 -0700'
System info: host: 'DESKTOP-BJ7Q9MK', ip: '192.168.0.23', os.name: 'Windows 10', os.arch: 'amd64', os.version: '10.0', java.version: '1.8.0_211'
Driver info: driver.version: QAFExtendedWebDriver</div></div><div  class="teststep"><span class="teststep-label">T </span>Then verify link with partial text 'qaf' is present</div></div>]]>
            </line>
          </reporter-output>
        </test-method> <!-- SampleTest -->
        <test-method status="PASS" signature="setupMethod(java.lang.reflect.Method, org.testng.ITestContext)[pri:0, instance:com.qmetry.qaf.automation.step.client.Scenario@3ed]" test-instance-name="SampleTest" name="setupMethod" is-config="true" duration-ms="0" started-at="2020-05-02T21:09:43Z" finished-at="2020-05-02T21:09:43Z">
          <params>
            <param index="0">
              <value>
                <![CDATA[public void com.qmetry.qaf.automation.step.client.Scenario.scenario()]]>
              </value>
            </param>
            <param index="1">
              <value>
                <![CDATA[org.testng.TestRunner@75329a49]]>
              </value>
            </param>
          </params>
          <reporter-output>
          </reporter-output>
        </test-method> <!-- setupMethod -->
        <test-method status="PASS" signature="afterMethod(org.testng.ITestContext, org.testng.ITestResult)[pri:0, instance:com.qmetry.qaf.automation.step.client.Scenario@3ed]" test-instance-name="SampleTest" name="afterMethod" is-config="true" duration-ms="1" started-at="2020-05-02T21:10:01Z" finished-at="2020-05-02T21:10:01Z">
          <params>
            <param index="0">
              <value>
                <![CDATA[org.testng.TestRunner@75329a49]]>
              </value>
            </param>
            <param index="1">
              <value>
                <![CDATA[[TestResult name=SampleTest status=FAILURE method=scenarios.suite1.bdd.SampleTest()[pri:1000, instance:com.qmetry.qaf.automation.step.client.Scenario@3e8] output=<div style="display:block;margin-left:10px;"><div  class="teststeppass"><span class="teststeppass-label">T </span>Given get '/'</div><div  class="teststepfail"><span class="teststepfail-label">T </span>When search for 'qaf github infostretch' <a href="img/SampleTest_g3pqjeytgw1w18169.png" target="_blank">[View Screenshot]</a> </div><div style="display:block;margin-left:10px;"><div  class="fail"><span class="fail-label">F </span>Timed out after 10 seconds waiting for presence of element located by: By.xpath: /html/body/div[3]/div[1]/section[1]/header/div/div/div/nav[1]/ul/li[1]/a
Build info: version: '3.0.0', revision: '350cf60', time: '2016-10-13 10:48:57 -0700'
System info: host: 'DESKTOP-BJ7Q9MK', ip: '192.168.0.23', os.name: 'Windows 10', os.arch: 'amd64', os.version: '10.0', java.version: '1.8.0_211'
Driver info: driver.version: QAFExtendedWebDriver</div></div><div  class="teststep"><span class="teststep-label">T </span>Then verify link with partial text 'qaf' is present</div></div>]]]>
              </value>
            </param>
          </params>
          <reporter-output>
          </reporter-output>
        </test-method> <!-- afterMethod -->
        <test-method status="PASS" signature="afterClass(org.testng.ITestContext)[pri:0, instance:com.qmetry.qaf.automation.step.client.Scenario@3ed]" test-instance-name="SampleTest" name="afterClass" is-config="true" duration-ms="0" started-at="2020-05-02T21:10:01Z" finished-at="2020-05-02T21:10:01Z">
          <params>
            <param index="0">
              <value>
                <![CDATA[org.testng.TestRunner@75329a49]]>
              </value>
            </param>
          </params>
          <reporter-output>
          </reporter-output>
        </test-method> <!-- afterClass -->
        <test-method status="PASS" signature="setup(org.testng.ITestContext)[pri:0, instance:com.qmetry.qaf.automation.step.client.Scenario@3ed]" test-instance-name="RecipeSearch" name="setup" is-config="true" duration-ms="0" started-at="2020-05-02T21:10:01Z" finished-at="2020-05-02T21:10:01Z">
          <params>
            <param index="0">
              <value>
                <![CDATA[org.testng.TestRunner@75329a49]]>
              </value>
            </param>
          </params>
          <reporter-output>
          </reporter-output>
        </test-method> <!-- setup -->
        <test-method status="PASS" signature="RecipeSearch()[pri:1001, instance:com.qmetry.qaf.automation.step.client.Scenario@3e9]" test-instance-name="RecipeSearch" name="RecipeSearch" duration-ms="15409" started-at="2020-05-02T21:10:01Z" description="recipe" finished-at="2020-05-02T21:10:17Z">
          <reporter-output>
            <line>
              <![CDATA[<div style="display:block;margin-left:10px;"><div  class="teststeppass"><span class="teststeppass-label">T </span>Given get 'https://www.food.com/'</div><div  class="teststeppass"><span class="teststeppass-label">T </span>When I go to food.com, and select recipe section</div><div  class="teststeppass"><span class="teststeppass-label">T </span>Then I am verifying whole path for particlar recipe</div></div>]]>
            </line>
          </reporter-output>
        </test-method> <!-- RecipeSearch -->
        <test-method status="PASS" signature="setupMethod(java.lang.reflect.Method, org.testng.ITestContext)[pri:0, instance:com.qmetry.qaf.automation.step.client.Scenario@3ed]" test-instance-name="RecipeSearch" name="setupMethod" is-config="true" duration-ms="0" started-at="2020-05-02T21:10:01Z" finished-at="2020-05-02T21:10:01Z">
          <params>
            <param index="0">
              <value>
                <![CDATA[public void com.qmetry.qaf.automation.step.client.Scenario.scenario()]]>
              </value>
            </param>
            <param index="1">
              <value>
                <![CDATA[org.testng.TestRunner@75329a49]]>
              </value>
            </param>
          </params>
          <reporter-output>
          </reporter-output>
        </test-method> <!-- setupMethod -->
        <test-method status="PASS" signature="afterMethod(org.testng.ITestContext, org.testng.ITestResult)[pri:0, instance:com.qmetry.qaf.automation.step.client.Scenario@3ed]" test-instance-name="RecipeSearch" name="afterMethod" is-config="true" duration-ms="1" started-at="2020-05-02T21:10:17Z" finished-at="2020-05-02T21:10:17Z">
          <params>
            <param index="0">
              <value>
                <![CDATA[org.testng.TestRunner@75329a49]]>
              </value>
            </param>
            <param index="1">
              <value>
                <![CDATA[[TestResult name=RecipeSearch status=SUCCESS method=scenarios.suite2.bdd.RecipeSearch()[pri:1001, instance:com.qmetry.qaf.automation.step.client.Scenario@3e9] output=<div style="display:block;margin-left:10px;"><div  class="teststeppass"><span class="teststeppass-label">T </span>Given get 'https://www.food.com/'</div><div  class="teststeppass"><span class="teststeppass-label">T </span>When I go to food.com, and select recipe section</div><div  class="teststeppass"><span class="teststeppass-label">T </span>Then I am verifying whole path for particlar recipe</div></div>]]]>
              </value>
            </param>
          </params>
          <reporter-output>
          </reporter-output>
        </test-method> <!-- afterMethod -->
        <test-method status="PASS" signature="afterClass(org.testng.ITestContext)[pri:0, instance:com.qmetry.qaf.automation.step.client.Scenario@3ed]" test-instance-name="RecipeSearch" name="afterClass" is-config="true" duration-ms="0" started-at="2020-05-02T21:10:17Z" finished-at="2020-05-02T21:10:17Z">
          <params>
            <param index="0">
              <value>
                <![CDATA[org.testng.TestRunner@75329a49]]>
              </value>
            </param>
          </params>
          <reporter-output>
          </reporter-output>
        </test-method> <!-- afterClass -->
        <test-method status="PASS" signature="setup(org.testng.ITestContext)[pri:0, instance:com.qmetry.qaf.automation.step.client.Scenario@3ed]" test-instance-name="recipeDropdownSearch" name="setup" is-config="true" duration-ms="1" started-at="2020-05-02T21:10:17Z" finished-at="2020-05-02T21:10:17Z">
          <params>
            <param index="0">
              <value>
                <![CDATA[org.testng.TestRunner@75329a49]]>
              </value>
            </param>
          </params>
          <reporter-output>
          </reporter-output>
        </test-method> <!-- setup -->
        <test-method status="SKIP" signature="recipeDropdownSearch()[pri:1002, instance:com.qmetry.qaf.automation.step.client.Scenario@3ea]" test-instance-name="recipeDropdownSearch" name="recipeDropdownSearch" duration-ms="4388" started-at="2020-05-02T21:10:17Z" description="recipe" finished-at="2020-05-02T21:10:21Z">
          <exception class="com.qmetry.qaf.automation.step.StepNotFoundException">
            <message>
              <![CDATA[Then I am verifying dropdown for Trending recipes@scenarios/suite2.bdd#15 TestStep implementation not found. 
 Please provide implementation or ensure 'step.provider.pkg' property value includes appropriate package.]]>
            </message>
            <full-stacktrace>
              <![CDATA[com.qmetry.qaf.automation.step.StepNotFoundException: Then I am verifying dropdown for Trending recipes@scenarios/suite2.bdd#15 TestStep implementation not found. 
 Please provide implementation or ensure 'step.provider.pkg' property value includes appropriate package.
	at .Then I am verifying dropdown for Trending recipes(scenarios/suite2.bdd:15)
]]>
            </full-stacktrace>
          </exception> <!-- com.qmetry.qaf.automation.step.StepNotFoundException -->
          <reporter-output>
            <line>
              <![CDATA[<div style="display:block;margin-left:10px;"><div  class="teststeppass"><span class="teststeppass-label">T </span>Given get 'https://www.food.com/'</div><div  class="teststeppass"><span class="teststeppass-label">T </span>When I go to food.com, and select recipe section</div><div  class="warn"><span class="warn-label">W </span>Then I am verifying dropdown for Trending recipes :: Not Found.</div></div>]]>
            </line>
          </reporter-output>
        </test-method> <!-- recipeDropdownSearch -->
        <test-method status="PASS" signature="setupMethod(java.lang.reflect.Method, org.testng.ITestContext)[pri:0, instance:com.qmetry.qaf.automation.step.client.Scenario@3ed]" test-instance-name="recipeDropdownSearch" name="setupMethod" is-config="true" duration-ms="0" started-at="2020-05-02T21:10:17Z" finished-at="2020-05-02T21:10:17Z">
          <params>
            <param index="0">
              <value>
                <![CDATA[public void com.qmetry.qaf.automation.step.client.Scenario.scenario()]]>
              </value>
            </param>
            <param index="1">
              <value>
                <![CDATA[org.testng.TestRunner@75329a49]]>
              </value>
            </param>
          </params>
          <reporter-output>
          </reporter-output>
        </test-method> <!-- setupMethod -->
        <test-method status="PASS" signature="afterClass(org.testng.ITestContext)[pri:0, instance:com.qmetry.qaf.automation.step.client.Scenario@3ed]" test-instance-name="recipeDropdownSearch" name="afterClass" is-config="true" duration-ms="1" started-at="2020-05-02T21:10:21Z" finished-at="2020-05-02T21:10:21Z">
          <params>
            <param index="0">
              <value>
                <![CDATA[org.testng.TestRunner@75329a49]]>
              </value>
            </param>
          </params>
          <reporter-output>
          </reporter-output>
        </test-method> <!-- afterClass -->
        <test-method status="PASS" signature="afterMethod(org.testng.ITestContext, org.testng.ITestResult)[pri:0, instance:com.qmetry.qaf.automation.step.client.Scenario@3ed]" test-instance-name="recipeDropdownSearch" name="afterMethod" is-config="true" duration-ms="0" started-at="2020-05-02T21:10:21Z" finished-at="2020-05-02T21:10:21Z">
          <params>
            <param index="0">
              <value>
                <![CDATA[org.testng.TestRunner@75329a49]]>
              </value>
            </param>
            <param index="1">
              <value>
                <![CDATA[[TestResult name=recipeDropdownSearch status=SKIP method=scenarios.suite2.bdd.recipeDropdownSearch()[pri:1002, instance:com.qmetry.qaf.automation.step.client.Scenario@3ea] output=<div style="display:block;margin-left:10px;"><div  class="teststeppass"><span class="teststeppass-label">T </span>Given get 'https://www.food.com/'</div><div  class="teststeppass"><span class="teststeppass-label">T </span>When I go to food.com, and select recipe section</div><div  class="warn"><span class="warn-label">W </span>Then I am verifying dropdown for Trending recipes :: Not Found.</div></div>]]]>
              </value>
            </param>
          </params>
          <reporter-output>
          </reporter-output>
        </test-method> <!-- afterMethod -->
        <test-method status="PASS" signature="setup(org.testng.ITestContext)[pri:0, instance:com.qmetry.qaf.automation.step.client.Scenario@3ed]" test-instance-name="recipeDaySearch" name="setup" is-config="true" duration-ms="0" started-at="2020-05-02T21:10:21Z" finished-at="2020-05-02T21:10:21Z">
          <params>
            <param index="0">
              <value>
                <![CDATA[org.testng.TestRunner@75329a49]]>
              </value>
            </param>
          </params>
          <reporter-output>
          </reporter-output>
        </test-method> <!-- setup -->
        <test-method status="PASS" signature="setupMethod(java.lang.reflect.Method, org.testng.ITestContext)[pri:0, instance:com.qmetry.qaf.automation.step.client.Scenario@3ed]" test-instance-name="recipeDaySearch" name="setupMethod" is-config="true" duration-ms="1" started-at="2020-05-02T21:10:21Z" finished-at="2020-05-02T21:10:21Z">
          <params>
            <param index="0">
              <value>
                <![CDATA[public void com.qmetry.qaf.automation.step.client.Scenario.scenario()]]>
              </value>
            </param>
            <param index="1">
              <value>
                <![CDATA[org.testng.TestRunner@75329a49]]>
              </value>
            </param>
          </params>
          <reporter-output>
          </reporter-output>
        </test-method> <!-- setupMethod -->
        <test-method status="PASS" signature="recipeDaySearch()[pri:1003, instance:com.qmetry.qaf.automation.step.client.Scenario@3eb]" test-instance-name="recipeDaySearch" name="recipeDaySearch" duration-ms="7802" started-at="2020-05-02T21:10:21Z" description="recipe" finished-at="2020-05-02T21:10:29Z">
          <reporter-output>
            <line>
              <![CDATA[<div style="display:block;margin-left:10px;"><div  class="teststeppass"><span class="teststeppass-label">T </span>Given get 'https://www.food.com/'</div><div  class="teststeppass"><span class="teststeppass-label">T </span>When I go to food.com, and select recipe section</div><div  class="teststeppass"><span class="teststeppass-label">T </span>Then I verified recipe of day</div></div>]]>
            </line>
          </reporter-output>
        </test-method> <!-- recipeDaySearch -->
        <test-method status="PASS" signature="afterMethod(org.testng.ITestContext, org.testng.ITestResult)[pri:0, instance:com.qmetry.qaf.automation.step.client.Scenario@3ed]" test-instance-name="recipeDaySearch" name="afterMethod" is-config="true" duration-ms="0" started-at="2020-05-02T21:10:29Z" finished-at="2020-05-02T21:10:29Z">
          <params>
            <param index="0">
              <value>
                <![CDATA[org.testng.TestRunner@75329a49]]>
              </value>
            </param>
            <param index="1">
              <value>
                <![CDATA[[TestResult name=recipeDaySearch status=SUCCESS method=scenarios.suite2.bdd.recipeDaySearch()[pri:1003, instance:com.qmetry.qaf.automation.step.client.Scenario@3eb] output=<div style="display:block;margin-left:10px;"><div  class="teststeppass"><span class="teststeppass-label">T </span>Given get 'https://www.food.com/'</div><div  class="teststeppass"><span class="teststeppass-label">T </span>When I go to food.com, and select recipe section</div><div  class="teststeppass"><span class="teststeppass-label">T </span>Then I verified recipe of day</div></div>]]]>
              </value>
            </param>
          </params>
          <reporter-output>
          </reporter-output>
        </test-method> <!-- afterMethod -->
        <test-method status="PASS" signature="setupMethod(java.lang.reflect.Method, org.testng.ITestContext)[pri:0, instance:com.qmetry.qaf.automation.step.client.Scenario@3ed]" test-instance-name="serveSearch" name="setupMethod" is-config="true" duration-ms="18" started-at="2020-05-02T21:10:29Z" finished-at="2020-05-02T21:10:29Z">
          <params>
            <param index="0">
              <value>
                <![CDATA[public void com.qmetry.qaf.automation.step.client.Scenario.scenario()]]>
              </value>
            </param>
            <param index="1">
              <value>
                <![CDATA[org.testng.TestRunner@75329a49]]>
              </value>
            </param>
          </params>
          <reporter-output>
          </reporter-output>
        </test-method> <!-- setupMethod -->
        <test-method status="PASS" signature="afterClass(org.testng.ITestContext)[pri:0, instance:com.qmetry.qaf.automation.step.client.Scenario@3ed]" test-instance-name="recipeDaySearch" name="afterClass" is-config="true" duration-ms="0" started-at="2020-05-02T21:10:29Z" finished-at="2020-05-02T21:10:29Z">
          <params>
            <param index="0">
              <value>
                <![CDATA[org.testng.TestRunner@75329a49]]>
              </value>
            </param>
          </params>
          <reporter-output>
          </reporter-output>
        </test-method> <!-- afterClass -->
        <test-method status="PASS" signature="setup(org.testng.ITestContext)[pri:0, instance:com.qmetry.qaf.automation.step.client.Scenario@3ed]" test-instance-name="serveSearch" name="setup" is-config="true" duration-ms="0" started-at="2020-05-02T21:10:29Z" finished-at="2020-05-02T21:10:29Z">
          <params>
            <param index="0">
              <value>
                <![CDATA[org.testng.TestRunner@75329a49]]>
              </value>
            </param>
          </params>
          <reporter-output>
          </reporter-output>
        </test-method> <!-- setup -->
        <test-method status="SKIP" signature="serveSearch()[pri:1004, instance:com.qmetry.qaf.automation.step.client.Scenario@3ec]" test-instance-name="serveSearch" name="serveSearch" duration-ms="4948" started-at="2020-05-02T21:10:29Z" description="recipe" finished-at="2020-05-02T21:10:34Z">
          <exception class="com.qmetry.qaf.automation.step.StepNotFoundException">
            <message>
              <![CDATA[Then I am trying to with serve size with negative numbers@scenarios/suite2.bdd#31 TestStep implementation not found. 
 Please provide implementation or ensure 'step.provider.pkg' property value includes appropriate package.]]>
            </message>
            <full-stacktrace>
              <![CDATA[com.qmetry.qaf.automation.step.StepNotFoundException: Then I am trying to with serve size with negative numbers@scenarios/suite2.bdd#31 TestStep implementation not found. 
 Please provide implementation or ensure 'step.provider.pkg' property value includes appropriate package.
	at .Then I am trying to with serve size with negative numbers(scenarios/suite2.bdd:31)
]]>
            </full-stacktrace>
          </exception> <!-- com.qmetry.qaf.automation.step.StepNotFoundException -->
          <reporter-output>
            <line>
              <![CDATA[<div style="display:block;margin-left:10px;"><div  class="teststeppass"><span class="teststeppass-label">T </span>Given get 'https://www.food.com/'</div><div  class="teststeppass"><span class="teststeppass-label">T </span>When I go to food.com, and select recipe section</div><div  class="warn"><span class="warn-label">W </span>Then I am trying to with serve size with negative numbers :: Not Found.</div></div>]]>
            </line>
          </reporter-output>
        </test-method> <!-- serveSearch -->
        <test-method status="PASS" signature="afterClass(org.testng.ITestContext)[pri:0, instance:com.qmetry.qaf.automation.step.client.Scenario@3ed]" test-instance-name="serveSearch" name="afterClass" is-config="true" duration-ms="0" started-at="2020-05-02T21:10:34Z" finished-at="2020-05-02T21:10:34Z">
          <params>
            <param index="0">
              <value>
                <![CDATA[org.testng.TestRunner@75329a49]]>
              </value>
            </param>
          </params>
          <reporter-output>
          </reporter-output>
        </test-method> <!-- afterClass -->
        <test-method status="PASS" signature="afterMethod(org.testng.ITestContext, org.testng.ITestResult)[pri:0, instance:com.qmetry.qaf.automation.step.client.Scenario@3ed]" test-instance-name="serveSearch" name="afterMethod" is-config="true" duration-ms="0" started-at="2020-05-02T21:10:34Z" finished-at="2020-05-02T21:10:34Z">
          <params>
            <param index="0">
              <value>
                <![CDATA[org.testng.TestRunner@75329a49]]>
              </value>
            </param>
            <param index="1">
              <value>
                <![CDATA[[TestResult name=serveSearch status=SKIP method=scenarios.suite2.bdd.serveSearch()[pri:1004, instance:com.qmetry.qaf.automation.step.client.Scenario@3ec] output=<div style="display:block;margin-left:10px;"><div  class="teststeppass"><span class="teststeppass-label">T </span>Given get 'https://www.food.com/'</div><div  class="teststeppass"><span class="teststeppass-label">T </span>When I go to food.com, and select recipe section</div><div  class="warn"><span class="warn-label">W </span>Then I am trying to with serve size with negative numbers :: Not Found.</div></div>]]]>
              </value>
            </param>
          </params>
          <reporter-output>
          </reporter-output>
        </test-method> <!-- afterMethod -->
        <test-method status="PASS" signature="setup(org.testng.ITestContext)[pri:0, instance:com.qmetry.qaf.automation.step.client.Scenario@3ed]" test-instance-name="searchRecipeSearch" name="setup" is-config="true" duration-ms="0" started-at="2020-05-02T21:10:34Z" finished-at="2020-05-02T21:10:34Z">
          <params>
            <param index="0">
              <value>
                <![CDATA[org.testng.TestRunner@75329a49]]>
              </value>
            </param>
          </params>
          <reporter-output>
          </reporter-output>
        </test-method> <!-- setup -->
        <test-method status="SKIP" signature="searchRecipeSearch()[pri:1005, instance:com.qmetry.qaf.automation.step.client.Scenario@3ed]" test-instance-name="searchRecipeSearch" name="searchRecipeSearch" duration-ms="4013" started-at="2020-05-02T21:10:34Z" description="recipe" finished-at="2020-05-02T21:10:38Z">
          <exception class="com.qmetry.qaf.automation.step.StepNotFoundException">
            <message>
              <![CDATA[Then I am verifying search box with % sign@scenarios/suite2.bdd#39 TestStep implementation not found. 
 Please provide implementation or ensure 'step.provider.pkg' property value includes appropriate package.]]>
            </message>
            <full-stacktrace>
              <![CDATA[com.qmetry.qaf.automation.step.StepNotFoundException: Then I am verifying search box with % sign@scenarios/suite2.bdd#39 TestStep implementation not found. 
 Please provide implementation or ensure 'step.provider.pkg' property value includes appropriate package.
	at .Then I am verifying search box with % sign(scenarios/suite2.bdd:39)
]]>
            </full-stacktrace>
          </exception> <!-- com.qmetry.qaf.automation.step.StepNotFoundException -->
          <reporter-output>
            <line>
              <![CDATA[<div style="display:block;margin-left:10px;"><div  class="teststeppass"><span class="teststeppass-label">T </span>Given get 'https://www.food.com/'</div><div  class="teststeppass"><span class="teststeppass-label">T </span>When I go to food.com, and select recipe section</div><div  class="warn"><span class="warn-label">W </span>Then I am verifying search box with % sign :: Not Found.</div></div>]]>
            </line>
          </reporter-output>
        </test-method> <!-- searchRecipeSearch -->
        <test-method status="PASS" signature="setupMethod(java.lang.reflect.Method, org.testng.ITestContext)[pri:0, instance:com.qmetry.qaf.automation.step.client.Scenario@3ed]" test-instance-name="searchRecipeSearch" name="setupMethod" is-config="true" duration-ms="0" started-at="2020-05-02T21:10:34Z" finished-at="2020-05-02T21:10:34Z">
          <params>
            <param index="0">
              <value>
                <![CDATA[public void com.qmetry.qaf.automation.step.client.Scenario.scenario()]]>
              </value>
            </param>
            <param index="1">
              <value>
                <![CDATA[org.testng.TestRunner@75329a49]]>
              </value>
            </param>
          </params>
          <reporter-output>
          </reporter-output>
        </test-method> <!-- setupMethod -->
        <test-method status="PASS" signature="afterClass(org.testng.ITestContext)[pri:0, instance:com.qmetry.qaf.automation.step.client.Scenario@3ed]" test-instance-name="searchRecipeSearch" name="afterClass" is-config="true" duration-ms="1" started-at="2020-05-02T21:10:38Z" finished-at="2020-05-02T21:10:38Z">
          <params>
            <param index="0">
              <value>
                <![CDATA[org.testng.TestRunner@75329a49]]>
              </value>
            </param>
          </params>
          <reporter-output>
          </reporter-output>
        </test-method> <!-- afterClass -->
        <test-method status="PASS" signature="afterMethod(org.testng.ITestContext, org.testng.ITestResult)[pri:0, instance:com.qmetry.qaf.automation.step.client.Scenario@3ed]" test-instance-name="searchRecipeSearch" name="afterMethod" is-config="true" duration-ms="0" started-at="2020-05-02T21:10:38Z" finished-at="2020-05-02T21:10:38Z">
          <params>
            <param index="0">
              <value>
                <![CDATA[org.testng.TestRunner@75329a49]]>
              </value>
            </param>
            <param index="1">
              <value>
                <![CDATA[[TestResult name=searchRecipeSearch status=SKIP method=scenarios.suite2.bdd.searchRecipeSearch()[pri:1005, instance:com.qmetry.qaf.automation.step.client.Scenario@3ed] output=<div style="display:block;margin-left:10px;"><div  class="teststeppass"><span class="teststeppass-label">T </span>Given get 'https://www.food.com/'</div><div  class="teststeppass"><span class="teststeppass-label">T </span>When I go to food.com, and select recipe section</div><div  class="warn"><span class="warn-label">W </span>Then I am verifying search box with % sign :: Not Found.</div></div>]]]>
              </value>
            </param>
          </params>
          <reporter-output>
          </reporter-output>
        </test-method> <!-- afterMethod -->
        <test-method status="PASS" signature="afterTest(org.testng.ITestContext)[pri:0, instance:com.qmetry.qaf.automation.step.client.Scenario@3ed]" test-instance-name="SampleTest" name="afterTest" is-config="true" duration-ms="250" started-at="2020-05-02T21:10:38Z" finished-at="2020-05-02T21:10:39Z">
          <params>
            <param index="0">
              <value>
                <![CDATA[org.testng.TestRunner@75329a49]]>
              </value>
            </param>
          </params>
          <reporter-output>
          </reporter-output>
        </test-method> <!-- afterTest -->
      </class> <!-- com.qmetry.qaf.automation.step.client.Scenario -->
    </test> <!-- BDD Test -->
    <test name="Recipe Test" duration-ms="116032" started-at="2020-05-03T04:10:39Z" finished-at="2020-05-03T04:12:35Z">
      <class name="qaf.example.tests.RecipeTest">
        <test-method status="PASS" signature="setupSuit(org.testng.ITestContext)[pri:0, instance:qaf.example.tests.RecipeTest@5db45159]" name="setupSuit" is-config="true" duration-ms="22" started-at="2020-05-02T21:09:43Z" finished-at="2020-05-02T21:09:43Z">
          <params>
            <param index="0">
              <value>
                <![CDATA[org.testng.TestRunner@647fd8ce]]>
              </value>
            </param>
          </params>
          <reporter-output>
          </reporter-output>
        </test-method> <!-- setupSuit -->
        <test-method status="PASS" signature="setupTest(org.testng.ITestContext)[pri:0, instance:qaf.example.tests.RecipeTest@5db45159]" name="setupTest" is-config="true" duration-ms="0" started-at="2020-05-02T21:10:39Z" finished-at="2020-05-02T21:10:39Z">
          <params>
            <param index="0">
              <value>
                <![CDATA[org.testng.TestRunner@647fd8ce]]>
              </value>
            </param>
          </params>
          <reporter-output>
          </reporter-output>
        </test-method> <!-- setupTest -->
        <test-method status="PASS" signature="setup(org.testng.ITestContext)[pri:0, instance:qaf.example.tests.RecipeTest@5db45159]" name="setup" is-config="true" duration-ms="1" started-at="2020-05-02T21:10:39Z" finished-at="2020-05-02T21:10:39Z">
          <params>
            <param index="0">
              <value>
                <![CDATA[org.testng.TestRunner@647fd8ce]]>
              </value>
            </param>
          </params>
          <reporter-output>
          </reporter-output>
        </test-method> <!-- setup -->
        <test-method status="PASS" signature="setupMethod(java.lang.reflect.Method, org.testng.ITestContext)[pri:0, instance:qaf.example.tests.RecipeTest@5db45159]" name="setupMethod" is-config="true" duration-ms="1" started-at="2020-05-02T21:10:39Z" finished-at="2020-05-02T21:10:39Z">
          <params>
            <param index="0">
              <value>
                <![CDATA[public void qaf.example.tests.RecipeTest.testServeSearch()]]>
              </value>
            </param>
            <param index="1">
              <value>
                <![CDATA[org.testng.TestRunner@647fd8ce]]>
              </value>
            </param>
          </params>
          <reporter-output>
          </reporter-output>
        </test-method> <!-- setupMethod -->
        <test-method status="FAIL" signature="testServeSearch()[pri:0, instance:qaf.example.tests.RecipeTest@5db45159]" name="testServeSearch" duration-ms="22450" started-at="2020-05-02T21:10:39Z" finished-at="2020-05-02T21:11:01Z">
          <exception class="org.openqa.selenium.TimeoutException">
            <message>
              <![CDATA[Timed out after 10 seconds waiting for presence of element located by: By.xpath: /html/body/div[3]/div[1]/div[3]/div[2]/div[1]/div/div[2]/div/h2/a
Build info: version: '3.0.0', revision: '350cf60', time: '2016-10-13 10:48:57 -0700'
System info: host: 'DESKTOP-BJ7Q9MK', ip: '192.168.0.23', os.name: 'Windows 10', os.arch: 'amd64', os.version: '10.0', java.version: '1.8.0_211'
Driver info: driver.version: QAFExtendedWebDriver]]>
            </message>
            <full-stacktrace>
              <![CDATA[org.openqa.selenium.TimeoutException: Timed out after 10 seconds waiting for presence of element located by: By.xpath: /html/body/div[3]/div[1]/div[3]/div[2]/div[1]/div/div[2]/div/h2/a
Build info: version: '3.0.0', revision: '350cf60', time: '2016-10-13 10:48:57 -0700'
System info: host: 'DESKTOP-BJ7Q9MK', ip: '192.168.0.23', os.name: 'Windows 10', os.arch: 'amd64', os.version: '10.0', java.version: '1.8.0_211'
Driver info: driver.version: QAFExtendedWebDriver
	at com.qmetry.qaf.automation.ui.util.DynamicWait.until(DynamicWait.java:168)
	at com.qmetry.qaf.automation.ui.webdriver.QAFExtendedWebDriver.load(QAFExtendedWebDriver.java:213)
	at com.qmetry.qaf.automation.ui.webdriver.QAFExtendedWebElement.load(QAFExtendedWebElement.java:302)
	at com.qmetry.qaf.automation.ui.webdriver.QAFExtendedWebElement.execute(QAFExtendedWebElement.java:249)
	at org.openqa.selenium.remote.RemoteWebElement.click(RemoteWebElement.java:84)
	at qaf.example.steps.StepsLibraryRecipe.serveSearch(StepsLibraryRecipe.java:63)
	at qaf.example.tests.RecipeTest.testServeSearch(RecipeTest.java:53)
	at sun.reflect.NativeMethodAccessorImpl.invoke0(Native Method)
	at sun.reflect.NativeMethodAccessorImpl.invoke(Unknown Source)
	at sun.reflect.DelegatingMethodAccessorImpl.invoke(Unknown Source)
	at java.lang.reflect.Method.invoke(Unknown Source)
	at org.testng.internal.MethodInvocationHelper.invokeMethod(MethodInvocationHelper.java:104)
	at org.testng.internal.Invoker.invokeMethod(Invoker.java:645)
	at org.testng.internal.Invoker.invokeTestMethod(Invoker.java:851)
	at org.testng.internal.Invoker.invokeTestMethods(Invoker.java:1177)
	at org.testng.internal.TestMethodWorker.invokeTestMethods(TestMethodWorker.java:129)
	at org.testng.internal.TestMethodWorker.run(TestMethodWorker.java:112)
	at org.testng.TestRunner.privateRun(TestRunner.java:778)
	at org.testng.TestRunner.run(TestRunner.java:632)
	at org.testng.SuiteRunner.runTest(SuiteRunner.java:387)
	at org.testng.SuiteRunner.runSequentially(SuiteRunner.java:382)
	at org.testng.SuiteRunner.privateRun(SuiteRunner.java:340)
	at org.testng.SuiteRunner.run(SuiteRunner.java:289)
	at org.testng.SuiteRunnerWorker.runSuite(SuiteRunnerWorker.java:52)
	at org.testng.SuiteRunnerWorker.run(SuiteRunnerWorker.java:86)
	at org.testng.TestNG.runSuitesSequentially(TestNG.java:1293)
	at org.testng.TestNG.runSuitesLocally(TestNG.java:1218)
	at org.testng.TestNG.runSuites(TestNG.java:1133)
	at org.testng.TestNG.run(TestNG.java:1104)
	at org.testng.remote.AbstractRemoteTestNG.run(AbstractRemoteTestNG.java:115)
	at org.testng.remote.RemoteTestNG.initAndRun(RemoteTestNG.java:251)
	at org.testng.remote.RemoteTestNG.main(RemoteTestNG.java:77)
Caused by: org.openqa.selenium.NoSuchElementException: no such element: Unable to locate element: {"method":"xpath","selector":"/html/body/div[3]/div[1]/div[3]/div[2]/div[1]/div/div[2]/div/h2/a"}
  (Session info: chrome=81.0.4044.129)
  (Driver info: chromedriver=81.0.4044.69 (6813546031a4bc83f717a2ef7cd4ac6ec1199132-refs/branch-heads/4044@{#776}),platform=Windows NT 10.0.18362 x86_64) (WARNING: The server did not provide any stacktrace information)
Command duration or timeout: 15 milliseconds
For documentation on this error, please visit: http://seleniumhq.org/exceptions/no_such_element.html
Build info: version: '3.0.0', revision: '350cf60', time: '2016-10-13 10:48:57 -0700'
System info: host: 'DESKTOP-BJ7Q9MK', ip: '192.168.0.23', os.name: 'Windows 10', os.arch: 'amd64', os.version: '10.0', java.version: '1.8.0_211'
Driver info: com.qmetry.qaf.automation.ui.webdriver.QAFExtendedWebDriver
Capabilities [{mobileEmulationEnabled=false, timeouts={implicit=0, pageLoad=300000, script=30000}, hasTouchScreen=false, platform=XP, acceptSslCerts=false, goog:chromeOptions={debuggerAddress=localhost:53224}, acceptInsecureCerts=false, webStorageEnabled=true, browserName=chrome, takesScreenshot=true, javascriptEnabled=true, setWindowRect=true, unexpectedAlertBehaviour=ignore, applicationCacheEnabled=false, rotatable=false, networkConnectionEnabled=false, chrome={chromedriverVersion=81.0.4044.69 (6813546031a4bc83f717a2ef7cd4ac6ec1199132-refs/branch-heads/4044@{#776}), userDataDir=C:\Users\sjpat\AppData\Local\Temp\scoped_dir6416_1924142028}, takesHeapSnapshot=true, pageLoadStrategy=normal, strictFileInteractability=false, databaseEnabled=false, handlesAlerts=true, version=81.0.4044.129, browserConnectionEnabled=false, proxy={}, nativeEvents=true, locationContextEnabled=true, cssSelectorsEnabled=true, webauthn:virtualAuthenticators=true}]
Session ID: 51bd8a76fcad802a9e8f995bd295135c
*** Element info: {Using=xpath, value=/html/body/div[3]/div[1]/div[3]/div[2]/div[1]/div/div[2]/div/h2/a}
	at sun.reflect.GeneratedConstructorAccessor16.newInstance(Unknown Source)
	at sun.reflect.DelegatingConstructorAccessorImpl.newInstance(Unknown Source)
	at java.lang.reflect.Constructor.newInstance(Unknown Source)
	at org.openqa.selenium.remote.ErrorHandler.createThrowable(ErrorHandler.java:216)
	at org.openqa.selenium.remote.ErrorHandler.throwIfResponseFailed(ErrorHandler.java:168)
	at org.openqa.selenium.remote.RemoteWebDriver.execute(RemoteWebDriver.java:635)
	at com.qmetry.qaf.automation.ui.webdriver.QAFExtendedWebDriver.execute(QAFExtendedWebDriver.java:233)
	at org.openqa.selenium.remote.RemoteWebDriver.findElement(RemoteWebDriver.java:368)
	at org.openqa.selenium.remote.RemoteWebDriver.findElementByXPath(RemoteWebDriver.java:473)
	at com.qmetry.qaf.automation.ui.webdriver.QAFExtendedWebDriver.findElementByXPath(QAFExtendedWebDriver.java:396)
	at com.qmetry.qaf.automation.ui.webdriver.QAFExtendedWebDriver.findElementByXPath(QAFExtendedWebDriver.java:1)
	at org.openqa.selenium.By$ByXPath.findElement(By.java:361)
	at org.openqa.selenium.remote.RemoteWebDriver.findElement(RemoteWebDriver.java:360)
	at com.qmetry.qaf.automation.ui.webdriver.QAFExtendedWebDriver.findElement(QAFExtendedWebDriver.java:169)
	at com.qmetry.qaf.automation.ui.webdriver.QAFExtendedWebDriver.findElement(QAFExtendedWebDriver.java:1)
	at org.openqa.selenium.support.ui.ExpectedConditions.findElement(ExpectedConditions.java:895)
	at org.openqa.selenium.support.ui.ExpectedConditions.access$000(ExpectedConditions.java:41)
	at org.openqa.selenium.support.ui.ExpectedConditions$6.apply(ExpectedConditions.java:181)
	at org.openqa.selenium.support.ui.ExpectedConditions$6.apply(ExpectedConditions.java:178)
	at com.qmetry.qaf.automation.ui.util.DynamicWait.until(DynamicWait.java:147)
	... 31 more
]]>
            </full-stacktrace>
          </exception> <!-- org.openqa.selenium.TimeoutException -->
          <reporter-output>
            <line>
              <![CDATA[<div style="display:block;margin-left:10px;"><div  class="fail"><span class="fail-label">F </span>Timed out after 10 seconds waiting for presence of element located by: By.xpath: /html/body/div[3]/div[1]/div[3]/div[2]/div[1]/div/div[2]/div/h2/a
Build info: version: '3.0.0', revision: '350cf60', time: '2016-10-13 10:48:57 -0700'
System info: host: 'DESKTOP-BJ7Q9MK', ip: '192.168.0.23', os.name: 'Windows 10', os.arch: 'amd64', os.version: '10.0', java.version: '1.8.0_211'
Driver info: driver.version: QAFExtendedWebDriver <a href="img/TestServeSearch_tdgec5kd1j7018170.png" target="_blank">[View Screenshot]</a> </div></div>]]>
            </line>
          </reporter-output>
        </test-method> <!-- testServeSearch -->
        <test-method status="PASS" signature="afterMethod(org.testng.ITestContext, org.testng.ITestResult)[pri:0, instance:qaf.example.tests.RecipeTest@5db45159]" name="afterMethod" is-config="true" duration-ms="0" started-at="2020-05-02T21:11:02Z" finished-at="2020-05-02T21:11:02Z">
          <params>
            <param index="0">
              <value>
                <![CDATA[org.testng.TestRunner@647fd8ce]]>
              </value>
            </param>
            <param index="1">
              <value>
                <![CDATA[[TestResult name=testServeSearch status=FAILURE method=RecipeTest.testServeSearch()[pri:0, instance:qaf.example.tests.RecipeTest@5db45159] output=<div style="display:block;margin-left:10px;"><div  class="fail"><span class="fail-label">F </span>Timed out after 10 seconds waiting for presence of element located by: By.xpath: /html/body/div[3]/div[1]/div[3]/div[2]/div[1]/div/div[2]/div/h2/a
Build info: version: '3.0.0', revision: '350cf60', time: '2016-10-13 10:48:57 -0700'
System info: host: 'DESKTOP-BJ7Q9MK', ip: '192.168.0.23', os.name: 'Windows 10', os.arch: 'amd64', os.version: '10.0', java.version: '1.8.0_211'
Driver info: driver.version: QAFExtendedWebDriver <a href="img/TestServeSearch_tdgec5kd1j7018170.png" target="_blank">[View Screenshot]</a> </div></div>]]]>
              </value>
            </param>
          </params>
          <reporter-output>
          </reporter-output>
        </test-method> <!-- afterMethod -->
        <test-method status="PASS" signature="setupMethod(java.lang.reflect.Method, org.testng.ITestContext)[pri:0, instance:qaf.example.tests.RecipeTest@5db45159]" name="setupMethod" is-config="true" duration-ms="0" started-at="2020-05-02T21:11:02Z" finished-at="2020-05-02T21:11:02Z">
          <params>
            <param index="0">
              <value>
                <![CDATA[public void qaf.example.tests.RecipeTest.testSearchBoxSearch()]]>
              </value>
            </param>
            <param index="1">
              <value>
                <![CDATA[org.testng.TestRunner@647fd8ce]]>
              </value>
            </param>
          </params>
          <reporter-output>
          </reporter-output>
        </test-method> <!-- setupMethod -->
        <test-method status="PASS" signature="testSearchBoxSearch()[pri:0, instance:qaf.example.tests.RecipeTest@5db45159]" name="testSearchBoxSearch" duration-ms="6608" started-at="2020-05-02T21:11:02Z" finished-at="2020-05-02T21:11:09Z">
          <reporter-output>
            <line>
              <![CDATA[<div style="display:block;margin-left:10px;"><div  class="teststeppass"><span class="teststeppass-label">T </span>get 'https://www.food.com/'</div><div  class="teststeppass"><span class="teststeppass-label">T </span>assert 'message_recipe.search' attribute 'innerHTML' value is 'Bad Request'</div><div style="display:block;margin-left:10px;"><div  class="pass"><span class="pass-label">P </span>Expected By.xpath: /html/body/h1 attribute should be Bad Request : Actual By.xpath: /html/body/h1 attribute is Bad Request <a href="img/TestServeSearch_tdgec5kd1j7018170.png" target="_blank">[View Screenshot]</a> </div></div></div>]]>
            </line>
          </reporter-output>
        </test-method> <!-- testSearchBoxSearch -->
        <test-method status="PASS" signature="testRecipeSearch()[pri:0, instance:qaf.example.tests.RecipeTest@5db45159]" name="testRecipeSearch" duration-ms="9819" started-at="2020-05-02T21:11:09Z" finished-at="2020-05-02T21:11:18Z">
          <reporter-output>
            <line>
              <![CDATA[<div style="display:block;margin-left:10px;"><div  class="teststeppass"><span class="teststeppass-label">T </span>get 'https://www.food.com/'</div><div  class="teststeppass"><span class="teststeppass-label">T </span>assert 'title.search' attribute 'innerHTML' value is 'Best Banana Bread'</div><div style="display:block;margin-left:10px;"><div  class="pass"><span class="pass-label">P </span>Expected By.xpath: /html/body/div[2]/div/div/div[2]/div/div/div[4]/div/h1 attribute should be Best Banana Bread : Actual By.xpath: /html/body/div[2]/div/div/div[2]/div/div/div[4]/div/h1 attribute is Best Banana Bread <a href="img/TestRecipeSearch_5eks1m3t33mi18171.png" target="_blank">[View Screenshot]</a> </div></div><div  class="teststeppass"><span class="teststeppass-label">T </span>assert 'notes.search' attribute 'innerHTML' value is 'MY PRIVATE NOTES'</div><div style="display:block;margin-left:10px;"><div  class="pass"><span class="pass-label">P </span>Expected By.xpath: /html/body/div[2]/div/div/div[2]/div/div/div[13]/div[3]/div/div[1]/h4 attribute should be MY PRIVATE NOTES : Actual By.xpath: /html/body/div[2]/div/div/div[2]/div/div/div[13]/div[3]/div/div[1]/h4 attribute is MY PRIVATE NOTES <a href="img/TestRecipeSearch_ovv2wxt5dtzd18172.png" target="_blank">[View Screenshot]</a> </div></div></div>]]>
            </line>
          </reporter-output>
        </test-method> <!-- testRecipeSearch -->
        <test-method status="PASS" signature="afterMethod(org.testng.ITestContext, org.testng.ITestResult)[pri:0, instance:qaf.example.tests.RecipeTest@5db45159]" name="afterMethod" is-config="true" duration-ms="0" started-at="2020-05-02T21:11:09Z" finished-at="2020-05-02T21:11:09Z">
          <params>
            <param index="0">
              <value>
                <![CDATA[org.testng.TestRunner@647fd8ce]]>
              </value>
            </param>
            <param index="1">
              <value>
                <![CDATA[[TestResult name=testSearchBoxSearch status=SUCCESS method=RecipeTest.testSearchBoxSearch()[pri:0, instance:qaf.example.tests.RecipeTest@5db45159] output=<div style="display:block;margin-left:10px;"><div  class="teststeppass"><span class="teststeppass-label">T </span>get 'https://www.food.com/'</div><div  class="teststeppass"><span class="teststeppass-label">T </span>assert 'message_recipe.search' attribute 'innerHTML' value is 'Bad Request'</div><div style="display:block;margin-left:10px;"><div  class="pass"><span class="pass-label">P </span>Expected By.xpath: /html/body/h1 attribute should be Bad Request : Actual By.xpath: /html/body/h1 attribute is Bad Request <a href="img/TestServeSearch_tdgec5kd1j7018170.png" target="_blank">[View Screenshot]</a> </div></div></div>]]]>
              </value>
            </param>
          </params>
          <reporter-output>
          </reporter-output>
        </test-method> <!-- afterMethod -->
        <test-method status="PASS" signature="setupMethod(java.lang.reflect.Method, org.testng.ITestContext)[pri:0, instance:qaf.example.tests.RecipeTest@5db45159]" name="setupMethod" is-config="true" duration-ms="0" started-at="2020-05-02T21:11:09Z" finished-at="2020-05-02T21:11:09Z">
          <params>
            <param index="0">
              <value>
                <![CDATA[public void qaf.example.tests.RecipeTest.testRecipeSearch()]]>
              </value>
            </param>
            <param index="1">
              <value>
                <![CDATA[org.testng.TestRunner@647fd8ce]]>
              </value>
            </param>
          </params>
          <reporter-output>
          </reporter-output>
        </test-method> <!-- setupMethod -->
        <test-method status="PASS" signature="afterMethod(org.testng.ITestContext, org.testng.ITestResult)[pri:0, instance:qaf.example.tests.RecipeTest@5db45159]" name="afterMethod" is-config="true" duration-ms="1" started-at="2020-05-02T21:11:18Z" finished-at="2020-05-02T21:11:18Z">
          <params>
            <param index="0">
              <value>
                <![CDATA[org.testng.TestRunner@647fd8ce]]>
              </value>
            </param>
            <param index="1">
              <value>
                <![CDATA[[TestResult name=testRecipeSearch status=SUCCESS method=RecipeTest.testRecipeSearch()[pri:0, instance:qaf.example.tests.RecipeTest@5db45159] output=<div style="display:block;margin-left:10px;"><div  class="teststeppass"><span class="teststeppass-label">T </span>get 'https://www.food.com/'</div><div  class="teststeppass"><span class="teststeppass-label">T </span>assert 'title.search' attribute 'innerHTML' value is 'Best Banana Bread'</div><div style="display:block;margin-left:10px;"><div  class="pass"><span class="pass-label">P </span>Expected By.xpath: /html/body/div[2]/div/div/div[2]/div/div/div[4]/div/h1 attribute should be Best Banana Bread : Actual By.xpath: /html/body/div[2]/div/div/div[2]/div/div/div[4]/div/h1 attribute is Best Banana Bread <a href="img/TestRecipeSearch_5eks1m3t33mi18171.png" target="_blank">[View Screenshot]</a> </div></div><div  class="teststeppass"><span class="teststeppass-label">T </span>assert 'notes.search' attribute 'innerHTML' value is 'MY PRIVATE NOTES'</div><div style="display:block;margin-left:10px;"><div  class="pass"><span class="pass-label">P </span>Expected By.xpath: /html/body/div[2]/div/div/div[2]/div/div/div[13]/div[3]/div/div[1]/h4 attribute should be MY PRIVATE NOTES : Actual By.xpath: /html/body/div[2]/div/div/div[2]/div/div/div[13]/div[3]/div/div[1]/h4 attribute is MY PRIVATE NOTES <a href="img/TestRecipeSearch_ovv2wxt5dtzd18172.png" target="_blank">[View Screenshot]</a> </div></div></div>]]]>
              </value>
            </param>
          </params>
          <reporter-output>
          </reporter-output>
        </test-method> <!-- afterMethod -->
        <test-method status="PASS" signature="setupMethod(java.lang.reflect.Method, org.testng.ITestContext)[pri:0, instance:qaf.example.tests.RecipeTest@5db45159]" name="setupMethod" is-config="true" duration-ms="1" started-at="2020-05-02T21:11:18Z" finished-at="2020-05-02T21:11:18Z">
          <params>
            <param index="0">
              <value>
                <![CDATA[public void qaf.example.tests.RecipeTest.testRecipeDropdownSearch()]]>
              </value>
            </param>
            <param index="1">
              <value>
                <![CDATA[org.testng.TestRunner@647fd8ce]]>
              </value>
            </param>
          </params>
          <reporter-output>
          </reporter-output>
        </test-method> <!-- setupMethod -->
        <test-method status="PASS" signature="testRecipeDropdownSearch()[pri:0, instance:qaf.example.tests.RecipeTest@5db45159]" name="testRecipeDropdownSearch" duration-ms="8857" started-at="2020-05-02T21:11:18Z" finished-at="2020-05-02T21:11:27Z">
          <reporter-output>
            <line>
              <![CDATA[<div style="display:block;margin-left:10px;"><div  class="teststeppass"><span class="teststeppass-label">T </span>get 'https://www.food.com/'</div><div  class="teststeppass"><span class="teststeppass-label">T </span>assert 'trending_value.search' attribute 'innerHTML' value is 'Trending'</div><div style="display:block;margin-left:10px;"><div  class="pass"><span class="pass-label">P </span>Expected By.xpath: /html/body/div[3]/div[1]/div[3]/div[1]/div/label attribute should be Trending : Actual By.xpath: /html/body/div[3]/div[1]/div[3]/div[1]/div/label attribute is Trending <a href="img/TestRecipeDropdownSearch_e90x2nc79r8m18173.png" target="_blank">[View Screenshot]</a> </div></div></div>]]>
            </line>
          </reporter-output>
        </test-method> <!-- testRecipeDropdownSearch -->
        <test-method status="PASS" signature="setupMethod(java.lang.reflect.Method, org.testng.ITestContext)[pri:0, instance:qaf.example.tests.RecipeTest@5db45159]" name="setupMethod" is-config="true" duration-ms="1" started-at="2020-05-02T21:11:27Z" finished-at="2020-05-02T21:11:27Z">
          <params>
            <param index="0">
              <value>
                <![CDATA[public void qaf.example.tests.RecipeTest.testRecipeDaySearch()]]>
              </value>
            </param>
            <param index="1">
              <value>
                <![CDATA[org.testng.TestRunner@647fd8ce]]>
              </value>
            </param>
          </params>
          <reporter-output>
          </reporter-output>
        </test-method> <!-- setupMethod -->
        <test-method status="PASS" signature="afterMethod(org.testng.ITestContext, org.testng.ITestResult)[pri:0, instance:qaf.example.tests.RecipeTest@5db45159]" name="afterMethod" is-config="true" duration-ms="0" started-at="2020-05-02T21:11:27Z" finished-at="2020-05-02T21:11:27Z">
          <params>
            <param index="0">
              <value>
                <![CDATA[org.testng.TestRunner@647fd8ce]]>
              </value>
            </param>
            <param index="1">
              <value>
                <![CDATA[[TestResult name=testRecipeDropdownSearch status=SUCCESS method=RecipeTest.testRecipeDropdownSearch()[pri:0, instance:qaf.example.tests.RecipeTest@5db45159] output=<div style="display:block;margin-left:10px;"><div  class="teststeppass"><span class="teststeppass-label">T </span>get 'https://www.food.com/'</div><div  class="teststeppass"><span class="teststeppass-label">T </span>assert 'trending_value.search' attribute 'innerHTML' value is 'Trending'</div><div style="display:block;margin-left:10px;"><div  class="pass"><span class="pass-label">P </span>Expected By.xpath: /html/body/div[3]/div[1]/div[3]/div[1]/div/label attribute should be Trending : Actual By.xpath: /html/body/div[3]/div[1]/div[3]/div[1]/div/label attribute is Trending <a href="img/TestRecipeDropdownSearch_e90x2nc79r8m18173.png" target="_blank">[View Screenshot]</a> </div></div></div>]]]>
              </value>
            </param>
          </params>
          <reporter-output>
          </reporter-output>
        </test-method> <!-- afterMethod -->
        <test-method status="PASS" signature="testRecipeDaySearch()[pri:0, instance:qaf.example.tests.RecipeTest@5db45159]" name="testRecipeDaySearch" duration-ms="10629" started-at="2020-05-02T21:11:27Z" finished-at="2020-05-02T21:11:38Z">
          <reporter-output>
            <line>
              <![CDATA[<div style="display:block;margin-left:10px;"><div  class="teststeppass"><span class="teststeppass-label">T </span>get 'https://www.food.com/'</div><div  class="teststeppass"><span class="teststeppass-label">T </span>assert 'recipe_day_main_page_title.search' attribute 'innerHTML' value is 'Mexican Meatball Soup'</div><div style="display:block;margin-left:10px;"><div  class="pass"><span class="pass-label">P </span>Expected By.xpath: /html/body/div[3]/div[1]/header/div[2]/div/div[1]/div/div[3]/div/h2/a attribute should be Mexican Meatball Soup : Actual By.xpath: /html/body/div[3]/div[1]/header/div[2]/div/div[1]/div/div[3]/div/h2/a attribute is Mexican Meatball Soup <a href="img/TestRecipeDaySearch_1jixt4d2q9isz18174.png" target="_blank">[View Screenshot]</a> </div></div><div  class="teststeppass"><span class="teststeppass-label">T </span>assert 'share.search' is not visible</div><div style="display:block;margin-left:10px;"><div  class="pass"><span class="pass-label">P </span>Expected By.xpath: /html/body/div[3]/div[1]/header/div[2]/div/div[1]/div/div[4]/a not visible : Actual By.xpath: /html/body/div[3]/div[1]/header/div[2]/div/div[1]/div/div[4]/a not visible <a href="img/TestRecipeDaySearch_5zsbhhiiv5xn18175.png" target="_blank">[View Screenshot]</a> </div></div><div  class="teststeppass"><span class="teststeppass-label">T </span>mouse move on 'mouse_over_recipe.search'</div><div  class="teststeppass"><span class="teststeppass-label">T </span>assert 'recipe_day_title.search' attribute 'innerHTML' value is '70 Regional Mexican Foods to Make at Home'</div><div style="display:block;margin-left:10px;"><div  class="pass"><span class="pass-label">P </span>Expected By.xpath: /html/body/div[3]/div[1]/div[3]/article/header/div[1]/div/div[2]/h1 attribute should be 70 Regional Mexican Foods to Make at Home : Actual By.xpath: /html/body/div[3]/div[1]/div[3]/article/header/div[1]/div/div[2]/h1 attribute is 70 Regional Mexican Foods to Make at Home <a href="img/TestRecipeDaySearch_frggiebsdm6d18176.png" target="_blank">[View Screenshot]</a> </div></div></div>]]>
            </line>
          </reporter-output>
        </test-method> <!-- testRecipeDaySearch -->
        <test-method status="PASS" signature="afterMethod(org.testng.ITestContext, org.testng.ITestResult)[pri:0, instance:qaf.example.tests.RecipeTest@5db45159]" name="afterMethod" is-config="true" duration-ms="1" started-at="2020-05-02T21:11:38Z" finished-at="2020-05-02T21:11:38Z">
          <params>
            <param index="0">
              <value>
                <![CDATA[org.testng.TestRunner@647fd8ce]]>
              </value>
            </param>
            <param index="1">
              <value>
                <![CDATA[[TestResult name=testRecipeDaySearch status=SUCCESS method=RecipeTest.testRecipeDaySearch()[pri:0, instance:qaf.example.tests.RecipeTest@5db45159] output=<div style="display:block;margin-left:10px;"><div  class="teststeppass"><span class="teststeppass-label">T </span>get 'https://www.food.com/'</div><div  class="teststeppass"><span class="teststeppass-label">T </span>assert 'recipe_day_main_page_title.search' attribute 'innerHTML' value is 'Mexican Meatball Soup'</div><div style="display:block;margin-left:10px;"><div  class="pass"><span class="pass-label">P </span>Expected By.xpath: /html/body/div[3]/div[1]/header/div[2]/div/div[1]/div/div[3]/div/h2/a attribute should be Mexican Meatball Soup : Actual By.xpath: /html/body/div[3]/div[1]/header/div[2]/div/div[1]/div/div[3]/div/h2/a attribute is Mexican Meatball Soup <a href="img/TestRecipeDaySearch_1jixt4d2q9isz18174.png" target="_blank">[View Screenshot]</a> </div></div><div  class="teststeppass"><span class="teststeppass-label">T </span>assert 'share.search' is not visible</div><div style="display:block;margin-left:10px;"><div  class="pass"><span class="pass-label">P </span>Expected By.xpath: /html/body/div[3]/div[1]/header/div[2]/div/div[1]/div/div[4]/a not visible : Actual By.xpath: /html/body/div[3]/div[1]/header/div[2]/div/div[1]/div/div[4]/a not visible <a href="img/TestRecipeDaySearch_5zsbhhiiv5xn18175.png" target="_blank">[View Screenshot]</a> </div></div><div  class="teststeppass"><span class="teststeppass-label">T </span>mouse move on 'mouse_over_recipe.search'</div><div  class="teststeppass"><span class="teststeppass-label">T </span>assert 'recipe_day_title.search' attribute 'innerHTML' value is '70 Regional Mexican Foods to Make at Home'</div><div style="display:block;margin-left:10px;"><div  class="pass"><span class="pass-label">P </span>Expected By.xpath: /html/body/div[3]/div[1]/div[3]/article/header/div[1]/div/div[2]/h1 attribute should be 70 Regional Mexican Foods to Make at Home : Actual By.xpath: /html/body/div[3]/div[1]/div[3]/article/header/div[1]/div/div[2]/h1 attribute is 70 Regional Mexican Foods to Make at Home <a href="img/TestRecipeDaySearch_frggiebsdm6d18176.png" target="_blank">[View Screenshot]</a> </div></div></div>]]]>
              </value>
            </param>
          </params>
          <reporter-output>
          </reporter-output>
        </test-method> <!-- afterMethod -->
        <test-method status="PASS" signature="afterClass(org.testng.ITestContext)[pri:0, instance:qaf.example.tests.RecipeTest@5db45159]" name="afterClass" is-config="true" duration-ms="0" started-at="2020-05-02T21:11:38Z" finished-at="2020-05-02T21:11:38Z">
          <params>
            <param index="0">
              <value>
                <![CDATA[org.testng.TestRunner@647fd8ce]]>
              </value>
            </param>
          </params>
          <reporter-output>
          </reporter-output>
        </test-method> <!-- afterClass -->
        <test-method status="PASS" signature="afterTest(org.testng.ITestContext)[pri:0, instance:qaf.example.tests.RecipeTest@5db45159]" name="afterTest" is-config="true" duration-ms="104" started-at="2020-05-02T21:12:34Z" finished-at="2020-05-02T21:12:35Z">
          <params>
            <param index="0">
              <value>
                <![CDATA[org.testng.TestRunner@647fd8ce]]>
              </value>
            </param>
          </params>
          <reporter-output>
          </reporter-output>
        </test-method> <!-- afterTest -->
        <test-method status="PASS" signature="afterSuit(org.testng.ITestContext)[pri:0, instance:qaf.example.tests.RecipeTest@5db45159]" name="afterSuit" is-config="true" duration-ms="0" started-at="2020-05-02T21:12:35Z" finished-at="2020-05-02T21:12:35Z">
          <params>
            <param index="0">
              <value>
                <![CDATA[org.testng.TestRunner@647fd8ce]]>
              </value>
            </param>
          </params>
          <reporter-output>
          </reporter-output>
        </test-method> <!-- afterSuit -->
      </class> <!-- qaf.example.tests.RecipeTest -->
      <class name="qaf.example.tests.SampleTest">
        <test-method status="PASS" signature="setup(org.testng.ITestContext)[pri:0, instance:qaf.example.tests.SampleTest@6107227e]" name="setup" is-config="true" duration-ms="0" started-at="2020-05-02T21:11:38Z" finished-at="2020-05-02T21:11:38Z">
          <params>
            <param index="0">
              <value>
                <![CDATA[org.testng.TestRunner@647fd8ce]]>
              </value>
            </param>
          </params>
          <reporter-output>
          </reporter-output>
        </test-method> <!-- setup -->
        <test-method status="PASS" signature="setupMethod(java.lang.reflect.Method, org.testng.ITestContext)[pri:0, instance:qaf.example.tests.SampleTest@6107227e]" name="setupMethod" is-config="true" duration-ms="1" started-at="2020-05-02T21:11:38Z" finished-at="2020-05-02T21:11:38Z">
          <params>
            <param index="0">
              <value>
                <![CDATA[public void qaf.example.tests.SampleTest.testServeSearch()]]>
              </value>
            </param>
            <param index="1">
              <value>
                <![CDATA[org.testng.TestRunner@647fd8ce]]>
              </value>
            </param>
          </params>
          <reporter-output>
          </reporter-output>
        </test-method> <!-- setupMethod -->
        <test-method status="PASS" signature="testServeSearch()[pri:0, instance:qaf.example.tests.SampleTest@6107227e]" name="testServeSearch" duration-ms="14872" started-at="2020-05-02T21:11:38Z" finished-at="2020-05-02T21:11:53Z">
          <reporter-output>
            <line>
              <![CDATA[<div style="display:block;margin-left:10px;"><div  class="teststeppass"><span class="teststeppass-label">T </span>get 'https://www.food.com/'</div><div  class="teststeppass"><span class="teststeppass-label">T </span>click on 'recipe.search'</div><div  class="teststeppass"><span class="teststeppass-label">T </span>click on 'banana_recipe.search'</div><div  class="teststeppass"><span class="teststeppass-label">T </span>click on 'serve.search'</div><div  class="teststeppass"><span class="teststeppass-label">T </span>clear 'serve_keys.search'</div><div  class="teststeppass"><span class="teststeppass-label">T </span>sendKeys '-5' into 'serve_keys.search'</div><div  class="teststeppass"><span class="teststeppass-label">T </span>click on 'done_serve.search'</div><div  class="teststeppass"><span class="teststeppass-label">T </span>assert 'serve.search' attribute 'innerHTML' value is '-50'</div><div style="display:block;margin-left:10px;"><div  class="pass"><span class="pass-label">P </span>Expected By.xpath: /html/body/div[2]/div/div/div[2]/div/div/div[11]/div[1]/div/div[1]/div[2]/a attribute should be -50 : Actual By.xpath: /html/body/div[2]/div/div/div[2]/div/div/div[11]/div[1]/div/div[1]/div[2]/a attribute is -50 <a href="img/TestServeSearch_13a1ytkke7sv518177.png" target="_blank">[View Screenshot]</a> </div></div><div  class="teststeppass"><span class="teststeppass-label">T </span>assert 'ingredient.search' attribute 'innerHTML' value is not '5'</div><div style="display:block;margin-left:10px;"><div  class="pass"><span class="pass-label">P </span>Expected By.className: recipe-ingredients__ingredient-quantity attribute should not be 5 : Actual By.className: recipe-ingredients__ingredient-quantity attribute is  <a href="img/TestServeSearch_wln4yz44fh9m18178.png" target="_blank">[View Screenshot]</a> </div></div></div>]]>
            </line>
          </reporter-output>
        </test-method> <!-- testServeSearch -->
        <test-method status="PASS" signature="afterMethod(org.testng.ITestContext, org.testng.ITestResult)[pri:0, instance:qaf.example.tests.SampleTest@6107227e]" name="afterMethod" is-config="true" duration-ms="0" started-at="2020-05-02T21:11:53Z" finished-at="2020-05-02T21:11:53Z">
          <params>
            <param index="0">
              <value>
                <![CDATA[org.testng.TestRunner@647fd8ce]]>
              </value>
            </param>
            <param index="1">
              <value>
                <![CDATA[[TestResult name=testServeSearch status=SUCCESS method=SampleTest.testServeSearch()[pri:0, instance:qaf.example.tests.SampleTest@6107227e] output=<div style="display:block;margin-left:10px;"><div  class="teststeppass"><span class="teststeppass-label">T </span>get 'https://www.food.com/'</div><div  class="teststeppass"><span class="teststeppass-label">T </span>click on 'recipe.search'</div><div  class="teststeppass"><span class="teststeppass-label">T </span>click on 'banana_recipe.search'</div><div  class="teststeppass"><span class="teststeppass-label">T </span>click on 'serve.search'</div><div  class="teststeppass"><span class="teststeppass-label">T </span>clear 'serve_keys.search'</div><div  class="teststeppass"><span class="teststeppass-label">T </span>sendKeys '-5' into 'serve_keys.search'</div><div  class="teststeppass"><span class="teststeppass-label">T </span>click on 'done_serve.search'</div><div  class="teststeppass"><span class="teststeppass-label">T </span>assert 'serve.search' attribute 'innerHTML' value is '-50'</div><div style="display:block;margin-left:10px;"><div  class="pass"><span class="pass-label">P </span>Expected By.xpath: /html/body/div[2]/div/div/div[2]/div/div/div[11]/div[1]/div/div[1]/div[2]/a attribute should be -50 : Actual By.xpath: /html/body/div[2]/div/div/div[2]/div/div/div[11]/div[1]/div/div[1]/div[2]/a attribute is -50 <a href="img/TestServeSearch_13a1ytkke7sv518177.png" target="_blank">[View Screenshot]</a> </div></div><div  class="teststeppass"><span class="teststeppass-label">T </span>assert 'ingredient.search' attribute 'innerHTML' value is not '5'</div><div style="display:block;margin-left:10px;"><div  class="pass"><span class="pass-label">P </span>Expected By.className: recipe-ingredients__ingredient-quantity attribute should not be 5 : Actual By.className: recipe-ingredients__ingredient-quantity attribute is  <a href="img/TestServeSearch_wln4yz44fh9m18178.png" target="_blank">[View Screenshot]</a> </div></div></div>]]]>
              </value>
            </param>
          </params>
          <reporter-output>
          </reporter-output>
        </test-method> <!-- afterMethod -->
        <test-method status="PASS" signature="setupMethod(java.lang.reflect.Method, org.testng.ITestContext)[pri:0, instance:qaf.example.tests.SampleTest@6107227e]" name="setupMethod" is-config="true" duration-ms="1" started-at="2020-05-02T21:11:53Z" finished-at="2020-05-02T21:11:53Z">
          <params>
            <param index="0">
              <value>
                <![CDATA[public void qaf.example.tests.SampleTest.testSearchBoxSearch()]]>
              </value>
            </param>
            <param index="1">
              <value>
                <![CDATA[org.testng.TestRunner@647fd8ce]]>
              </value>
            </param>
          </params>
          <reporter-output>
          </reporter-output>
        </test-method> <!-- setupMethod -->
        <test-method status="PASS" signature="testSearchBoxSearch()[pri:0, instance:qaf.example.tests.SampleTest@6107227e]" name="testSearchBoxSearch" duration-ms="8910" started-at="2020-05-02T21:11:53Z" finished-at="2020-05-02T21:12:02Z">
          <reporter-output>
            <line>
              <![CDATA[<div style="display:block;margin-left:10px;"><div  class="teststeppass"><span class="teststeppass-label">T </span>get 'https://www.food.com/'</div><div  class="teststeppass"><span class="teststeppass-label">T </span>click on 'recipe.search'</div><div  class="teststeppass"><span class="teststeppass-label">T </span>sendKeys '%' into 'search_recipe.search'</div><div  class="teststeppass"><span class="teststeppass-label">T </span>submit 'search_recipe.search'</div><div  class="teststeppass"><span class="teststeppass-label">T </span>assert 'message_recipe.search' attribute 'innerHTML' value is 'Bad Request'</div><div style="display:block;margin-left:10px;"><div  class="pass"><span class="pass-label">P </span>Expected By.xpath: /html/body/h1 attribute should be Bad Request : Actual By.xpath: /html/body/h1 attribute is Bad Request <a href="img/TestSearchBoxSearch_1ilre5c8zfs6a18179.png" target="_blank">[View Screenshot]</a> </div></div></div>]]>
            </line>
          </reporter-output>
        </test-method> <!-- testSearchBoxSearch -->
        <test-method status="PASS" signature="afterMethod(org.testng.ITestContext, org.testng.ITestResult)[pri:0, instance:qaf.example.tests.SampleTest@6107227e]" name="afterMethod" is-config="true" duration-ms="0" started-at="2020-05-02T21:12:02Z" finished-at="2020-05-02T21:12:02Z">
          <params>
            <param index="0">
              <value>
                <![CDATA[org.testng.TestRunner@647fd8ce]]>
              </value>
            </param>
            <param index="1">
              <value>
                <![CDATA[[TestResult name=testSearchBoxSearch status=SUCCESS method=SampleTest.testSearchBoxSearch()[pri:0, instance:qaf.example.tests.SampleTest@6107227e] output=<div style="display:block;margin-left:10px;"><div  class="teststeppass"><span class="teststeppass-label">T </span>get 'https://www.food.com/'</div><div  class="teststeppass"><span class="teststeppass-label">T </span>click on 'recipe.search'</div><div  class="teststeppass"><span class="teststeppass-label">T </span>sendKeys '%' into 'search_recipe.search'</div><div  class="teststeppass"><span class="teststeppass-label">T </span>submit 'search_recipe.search'</div><div  class="teststeppass"><span class="teststeppass-label">T </span>assert 'message_recipe.search' attribute 'innerHTML' value is 'Bad Request'</div><div style="display:block;margin-left:10px;"><div  class="pass"><span class="pass-label">P </span>Expected By.xpath: /html/body/h1 attribute should be Bad Request : Actual By.xpath: /html/body/h1 attribute is Bad Request <a href="img/TestSearchBoxSearch_1ilre5c8zfs6a18179.png" target="_blank">[View Screenshot]</a> </div></div></div>]]]>
              </value>
            </param>
          </params>
          <reporter-output>
          </reporter-output>
        </test-method> <!-- afterMethod -->
        <test-method status="PASS" signature="setupMethod(java.lang.reflect.Method, org.testng.ITestContext)[pri:0, instance:qaf.example.tests.SampleTest@6107227e]" name="setupMethod" is-config="true" duration-ms="1" started-at="2020-05-02T21:12:02Z" finished-at="2020-05-02T21:12:02Z">
          <params>
            <param index="0">
              <value>
                <![CDATA[public void qaf.example.tests.SampleTest.testRecipeSearch()]]>
              </value>
            </param>
            <param index="1">
              <value>
                <![CDATA[org.testng.TestRunner@647fd8ce]]>
              </value>
            </param>
          </params>
          <reporter-output>
          </reporter-output>
        </test-method> <!-- setupMethod -->
        <test-method status="PASS" signature="testRecipeSearch()[pri:0, instance:qaf.example.tests.SampleTest@6107227e]" name="testRecipeSearch" duration-ms="12400" started-at="2020-05-02T21:12:02Z" finished-at="2020-05-02T21:12:14Z">
          <reporter-output>
            <line>
              <![CDATA[<div style="display:block;margin-left:10px;"><div  class="teststeppass"><span class="teststeppass-label">T </span>get 'https://www.food.com/'</div><div  class="teststeppass"><span class="teststeppass-label">T </span>click on 'recipe.search'</div><div  class="teststeppass"><span class="teststeppass-label">T </span>click on 'banana_recipe.search'</div><div  class="teststeppass"><span class="teststeppass-label">T </span>click on 'full_recipe.search'</div><div  class="teststeppass"><span class="teststeppass-label">T </span>assert 'title.search' attribute 'innerHTML' value is 'Best Banana Bread'</div><div style="display:block;margin-left:10px;"><div  class="pass"><span class="pass-label">P </span>Expected By.xpath: /html/body/div[2]/div/div/div[2]/div/div/div[4]/div/h1 attribute should be Best Banana Bread : Actual By.xpath: /html/body/div[2]/div/div/div[2]/div/div/div[4]/div/h1 attribute is Best Banana Bread <a href="img/TestRecipeSearch_8y3ed7lwxtf018180.png" target="_blank">[View Screenshot]</a> </div></div><div  class="teststeppass"><span class="teststeppass-label">T </span>assert 'notes.search' attribute 'innerHTML' value is 'MY PRIVATE NOTES'</div><div style="display:block;margin-left:10px;"><div  class="pass"><span class="pass-label">P </span>Expected By.xpath: /html/body/div[2]/div/div/div[2]/div/div/div[13]/div[3]/div/div[1]/h4 attribute should be MY PRIVATE NOTES : Actual By.xpath: /html/body/div[2]/div/div/div[2]/div/div/div[13]/div[3]/div/div[1]/h4 attribute is MY PRIVATE NOTES <a href="img/TestRecipeSearch_1b5kypgv1yvcj18181.png" target="_blank">[View Screenshot]</a> </div></div></div>]]>
            </line>
          </reporter-output>
        </test-method> <!-- testRecipeSearch -->
        <test-method status="PASS" signature="testRecipeDropdownSearch()[pri:0, instance:qaf.example.tests.SampleTest@6107227e]" name="testRecipeDropdownSearch" duration-ms="9077" started-at="2020-05-02T21:12:14Z" finished-at="2020-05-02T21:12:23Z">
          <reporter-output>
            <line>
              <![CDATA[<div style="display:block;margin-left:10px;"><div  class="teststeppass"><span class="teststeppass-label">T </span>get 'https://www.food.com/'</div><div  class="teststeppass"><span class="teststeppass-label">T </span>click on 'recipe.search'</div><div  class="teststeppass"><span class="teststeppass-label">T </span>click on 'dropdown.search'</div><div  class="teststeppass"><span class="teststeppass-label">T </span>click on 'trending.search'</div><div  class="teststeppass"><span class="teststeppass-label">T </span>assert 'trending_value.search' attribute 'innerHTML' value is 'Trending'</div><div style="display:block;margin-left:10px;"><div  class="pass"><span class="pass-label">P </span>Expected By.xpath: /html/body/div[3]/div[1]/div[3]/div[1]/div/label attribute should be Trending : Actual By.xpath: /html/body/div[3]/div[1]/div[3]/div[1]/div/label attribute is Trending <a href="img/TestRecipeDropdownSearch_1vczq5afwtlix18182.png" target="_blank">[View Screenshot]</a> </div></div></div>]]>
            </line>
          </reporter-output>
        </test-method> <!-- testRecipeDropdownSearch -->
        <test-method status="PASS" signature="setupMethod(java.lang.reflect.Method, org.testng.ITestContext)[pri:0, instance:qaf.example.tests.SampleTest@6107227e]" name="setupMethod" is-config="true" duration-ms="0" started-at="2020-05-02T21:12:14Z" finished-at="2020-05-02T21:12:14Z">
          <params>
            <param index="0">
              <value>
                <![CDATA[public void qaf.example.tests.SampleTest.testRecipeDropdownSearch()]]>
              </value>
            </param>
            <param index="1">
              <value>
                <![CDATA[org.testng.TestRunner@647fd8ce]]>
              </value>
            </param>
          </params>
          <reporter-output>
          </reporter-output>
        </test-method> <!-- setupMethod -->
        <test-method status="PASS" signature="afterMethod(org.testng.ITestContext, org.testng.ITestResult)[pri:0, instance:qaf.example.tests.SampleTest@6107227e]" name="afterMethod" is-config="true" duration-ms="0" started-at="2020-05-02T21:12:14Z" finished-at="2020-05-02T21:12:14Z">
          <params>
            <param index="0">
              <value>
                <![CDATA[org.testng.TestRunner@647fd8ce]]>
              </value>
            </param>
            <param index="1">
              <value>
                <![CDATA[[TestResult name=testRecipeSearch status=SUCCESS method=SampleTest.testRecipeSearch()[pri:0, instance:qaf.example.tests.SampleTest@6107227e] output=<div style="display:block;margin-left:10px;"><div  class="teststeppass"><span class="teststeppass-label">T </span>get 'https://www.food.com/'</div><div  class="teststeppass"><span class="teststeppass-label">T </span>click on 'recipe.search'</div><div  class="teststeppass"><span class="teststeppass-label">T </span>click on 'banana_recipe.search'</div><div  class="teststeppass"><span class="teststeppass-label">T </span>click on 'full_recipe.search'</div><div  class="teststeppass"><span class="teststeppass-label">T </span>assert 'title.search' attribute 'innerHTML' value is 'Best Banana Bread'</div><div style="display:block;margin-left:10px;"><div  class="pass"><span class="pass-label">P </span>Expected By.xpath: /html/body/div[2]/div/div/div[2]/div/div/div[4]/div/h1 attribute should be Best Banana Bread : Actual By.xpath: /html/body/div[2]/div/div/div[2]/div/div/div[4]/div/h1 attribute is Best Banana Bread <a href="img/TestRecipeSearch_8y3ed7lwxtf018180.png" target="_blank">[View Screenshot]</a> </div></div><div  class="teststeppass"><span class="teststeppass-label">T </span>assert 'notes.search' attribute 'innerHTML' value is 'MY PRIVATE NOTES'</div><div style="display:block;margin-left:10px;"><div  class="pass"><span class="pass-label">P </span>Expected By.xpath: /html/body/div[2]/div/div/div[2]/div/div/div[13]/div[3]/div/div[1]/h4 attribute should be MY PRIVATE NOTES : Actual By.xpath: /html/body/div[2]/div/div/div[2]/div/div/div[13]/div[3]/div/div[1]/h4 attribute is MY PRIVATE NOTES <a href="img/TestRecipeSearch_1b5kypgv1yvcj18181.png" target="_blank">[View Screenshot]</a> </div></div></div>]]]>
              </value>
            </param>
          </params>
          <reporter-output>
          </reporter-output>
        </test-method> <!-- afterMethod -->
        <test-method status="PASS" signature="afterMethod(org.testng.ITestContext, org.testng.ITestResult)[pri:0, instance:qaf.example.tests.SampleTest@6107227e]" name="afterMethod" is-config="true" duration-ms="0" started-at="2020-05-02T21:12:23Z" finished-at="2020-05-02T21:12:23Z">
          <params>
            <param index="0">
              <value>
                <![CDATA[org.testng.TestRunner@647fd8ce]]>
              </value>
            </param>
            <param index="1">
              <value>
                <![CDATA[[TestResult name=testRecipeDropdownSearch status=SUCCESS method=SampleTest.testRecipeDropdownSearch()[pri:0, instance:qaf.example.tests.SampleTest@6107227e] output=<div style="display:block;margin-left:10px;"><div  class="teststeppass"><span class="teststeppass-label">T </span>get 'https://www.food.com/'</div><div  class="teststeppass"><span class="teststeppass-label">T </span>click on 'recipe.search'</div><div  class="teststeppass"><span class="teststeppass-label">T </span>click on 'dropdown.search'</div><div  class="teststeppass"><span class="teststeppass-label">T </span>click on 'trending.search'</div><div  class="teststeppass"><span class="teststeppass-label">T </span>assert 'trending_value.search' attribute 'innerHTML' value is 'Trending'</div><div style="display:block;margin-left:10px;"><div  class="pass"><span class="pass-label">P </span>Expected By.xpath: /html/body/div[3]/div[1]/div[3]/div[1]/div/label attribute should be Trending : Actual By.xpath: /html/body/div[3]/div[1]/div[3]/div[1]/div/label attribute is Trending <a href="img/TestRecipeDropdownSearch_1vczq5afwtlix18182.png" target="_blank">[View Screenshot]</a> </div></div></div>]]]>
              </value>
            </param>
          </params>
          <reporter-output>
          </reporter-output>
        </test-method> <!-- afterMethod -->
        <test-method status="PASS" signature="setupMethod(java.lang.reflect.Method, org.testng.ITestContext)[pri:0, instance:qaf.example.tests.SampleTest@6107227e]" name="setupMethod" is-config="true" duration-ms="2" started-at="2020-05-02T21:12:23Z" finished-at="2020-05-02T21:12:23Z">
          <params>
            <param index="0">
              <value>
                <![CDATA[public void qaf.example.tests.SampleTest.testRecipeDaySearch()]]>
              </value>
            </param>
            <param index="1">
              <value>
                <![CDATA[org.testng.TestRunner@647fd8ce]]>
              </value>
            </param>
          </params>
          <reporter-output>
          </reporter-output>
        </test-method> <!-- setupMethod -->
        <test-method status="PASS" signature="testRecipeDaySearch()[pri:0, instance:qaf.example.tests.SampleTest@6107227e]" name="testRecipeDaySearch" duration-ms="11102" started-at="2020-05-02T21:12:23Z" finished-at="2020-05-02T21:12:34Z">
          <reporter-output>
            <line>
              <![CDATA[<div style="display:block;margin-left:10px;"><div  class="teststeppass"><span class="teststeppass-label">T </span>get 'https://www.food.com/'</div><div  class="teststeppass"><span class="teststeppass-label">T </span>click on 'recipe.search'</div><div  class="teststeppass"><span class="teststeppass-label">T </span>assert 'recipe_day_main_page_title.search' attribute 'innerHTML' value is 'Mexican Meatball Soup'</div><div style="display:block;margin-left:10px;"><div  class="pass"><span class="pass-label">P </span>Expected By.xpath: /html/body/div[3]/div[1]/header/div[2]/div/div[1]/div/div[3]/div/h2/a attribute should be Mexican Meatball Soup : Actual By.xpath: /html/body/div[3]/div[1]/header/div[2]/div/div[1]/div/div[3]/div/h2/a attribute is Mexican Meatball Soup <a href="img/TestRecipeDaySearch_1x9n125ntxvam18183.png" target="_blank">[View Screenshot]</a> </div></div><div  class="teststeppass"><span class="teststeppass-label">T </span>assert 'share.search' is not visible</div><div style="display:block;margin-left:10px;"><div  class="pass"><span class="pass-label">P </span>Expected By.xpath: /html/body/div[3]/div[1]/header/div[2]/div/div[1]/div/div[4]/a not visible : Actual By.xpath: /html/body/div[3]/div[1]/header/div[2]/div/div[1]/div/div[4]/a not visible <a href="img/TestRecipeDaySearch_zr62r3q1so418184.png" target="_blank">[View Screenshot]</a> </div></div><div  class="teststeppass"><span class="teststeppass-label">T </span>mouse move on 'mouse_over_recipe.search'</div><div  class="teststeppass"><span class="teststeppass-label">T </span>click on 'share.search'</div><div  class="teststeppass"><span class="teststeppass-label">T </span>click on 'share_close.search'</div><div  class="teststeppass"><span class="teststeppass-label">T </span>click on 'recipe_of_day.search'</div><div  class="teststeppass"><span class="teststeppass-label">T </span>assert 'recipe_day_title.search' attribute 'innerHTML' value is '70 Regional Mexican Foods to Make at Home'</div><div style="display:block;margin-left:10px;"><div  class="pass"><span class="pass-label">P </span>Expected By.xpath: /html/body/div[3]/div[1]/div[3]/article/header/div[1]/div/div[2]/h1 attribute should be 70 Regional Mexican Foods to Make at Home : Actual By.xpath: /html/body/div[3]/div[1]/div[3]/article/header/div[1]/div/div[2]/h1 attribute is 70 Regional Mexican Foods to Make at Home <a href="img/TestRecipeDaySearch_zfn0a712imje18185.png" target="_blank">[View Screenshot]</a> </div></div></div>]]>
            </line>
          </reporter-output>
        </test-method> <!-- testRecipeDaySearch -->
        <test-method status="PASS" signature="afterMethod(org.testng.ITestContext, org.testng.ITestResult)[pri:0, instance:qaf.example.tests.SampleTest@6107227e]" name="afterMethod" is-config="true" duration-ms="0" started-at="2020-05-02T21:12:34Z" finished-at="2020-05-02T21:12:34Z">
          <params>
            <param index="0">
              <value>
                <![CDATA[org.testng.TestRunner@647fd8ce]]>
              </value>
            </param>
            <param index="1">
              <value>
                <![CDATA[[TestResult name=testRecipeDaySearch status=SUCCESS method=SampleTest.testRecipeDaySearch()[pri:0, instance:qaf.example.tests.SampleTest@6107227e] output=<div style="display:block;margin-left:10px;"><div  class="teststeppass"><span class="teststeppass-label">T </span>get 'https://www.food.com/'</div><div  class="teststeppass"><span class="teststeppass-label">T </span>click on 'recipe.search'</div><div  class="teststeppass"><span class="teststeppass-label">T </span>assert 'recipe_day_main_page_title.search' attribute 'innerHTML' value is 'Mexican Meatball Soup'</div><div style="display:block;margin-left:10px;"><div  class="pass"><span class="pass-label">P </span>Expected By.xpath: /html/body/div[3]/div[1]/header/div[2]/div/div[1]/div/div[3]/div/h2/a attribute should be Mexican Meatball Soup : Actual By.xpath: /html/body/div[3]/div[1]/header/div[2]/div/div[1]/div/div[3]/div/h2/a attribute is Mexican Meatball Soup <a href="img/TestRecipeDaySearch_1x9n125ntxvam18183.png" target="_blank">[View Screenshot]</a> </div></div><div  class="teststeppass"><span class="teststeppass-label">T </span>assert 'share.search' is not visible</div><div style="display:block;margin-left:10px;"><div  class="pass"><span class="pass-label">P </span>Expected By.xpath: /html/body/div[3]/div[1]/header/div[2]/div/div[1]/div/div[4]/a not visible : Actual By.xpath: /html/body/div[3]/div[1]/header/div[2]/div/div[1]/div/div[4]/a not visible <a href="img/TestRecipeDaySearch_zr62r3q1so418184.png" target="_blank">[View Screenshot]</a> </div></div><div  class="teststeppass"><span class="teststeppass-label">T </span>mouse move on 'mouse_over_recipe.search'</div><div  class="teststeppass"><span class="teststeppass-label">T </span>click on 'share.search'</div><div  class="teststeppass"><span class="teststeppass-label">T </span>click on 'share_close.search'</div><div  class="teststeppass"><span class="teststeppass-label">T </span>click on 'recipe_of_day.search'</div><div  class="teststeppass"><span class="teststeppass-label">T </span>assert 'recipe_day_title.search' attribute 'innerHTML' value is '70 Regional Mexican Foods to Make at Home'</div><div style="display:block;margin-left:10px;"><div  class="pass"><span class="pass-label">P </span>Expected By.xpath: /html/body/div[3]/div[1]/div[3]/article/header/div[1]/div/div[2]/h1 attribute should be 70 Regional Mexican Foods to Make at Home : Actual By.xpath: /html/body/div[3]/div[1]/div[3]/article/header/div[1]/div/div[2]/h1 attribute is 70 Regional Mexican Foods to Make at Home <a href="img/TestRecipeDaySearch_zfn0a712imje18185.png" target="_blank">[View Screenshot]</a> </div></div></div>]]]>
              </value>
            </param>
          </params>
          <reporter-output>
          </reporter-output>
        </test-method> <!-- afterMethod -->
        <test-method status="PASS" signature="afterClass(org.testng.ITestContext)[pri:0, instance:qaf.example.tests.SampleTest@6107227e]" name="afterClass" is-config="true" duration-ms="1" started-at="2020-05-02T21:12:34Z" finished-at="2020-05-02T21:12:34Z">
          <params>
            <param index="0">
              <value>
                <![CDATA[org.testng.TestRunner@647fd8ce]]>
              </value>
            </param>
          </params>
          <reporter-output>
          </reporter-output>
        </test-method> <!-- afterClass -->
      </class> <!-- qaf.example.tests.SampleTest -->
    </test> <!-- Recipe Test -->
  </suite> <!-- QAF Demo -->
</testng-results>
